#
# A fatal error has been detected by the Java Runtime Environment:
#
#  SIGSEGV (0xb) at pc=0x00007fb0fe7bb59b, pid=7930, tid=140398842648320
#
# JRE version: Java(TM) SE Runtime Environment (8.0_77-b03) (build 1.8.0_77-b03)
# Java VM: Java HotSpot(TM) 64-Bit Server VM (25.77-b03 mixed mode linux-amd64 compressed oops)
# Problematic frame:
# C  [i965_dri.so+0x40059b]
#
# Failed to write core dump. Core dumps have been disabled. To enable core dumping, try "ulimit -c unlimited" before starting Java again
#
# If you would like to submit a bug report, please visit:
#   http://bugreport.java.com/bugreport/crash.jsp
# The crash happened outside the Java Virtual Machine in native code.
# See problematic frame for where to report the bug.
#

---------------  T H R E A D  ---------------

Current thread (0x00007fb10004c000):  JavaThread "QuantumRenderer-0" daemon [_thread_in_native, id=7963, stack(0x00007fb127149000,0x00007fb12724a000)]

siginfo: si_signo: 11 (SIGSEGV), si_code: 1 (SEGV_MAPERR), si_addr: 0x0000000000000040

Registers:
RAX=0x0000000000000005, RBX=0x00007fb105c176b0, RCX=0x00007fb0fe478720, RDX=0x0000000000000001
RSP=0x00007fb127247f50, RBP=0x00007fb105bfd980, RSI=0x0000000000000001, RDI=0x0000000000000005
R8 =0x0000000000000000, R9 =0x0000000000000000, R10=0x0000000000000006, R11=0x0000000000000001
R12=0x00007fb1042ac9b4, R13=0x00007fb104287cd8, R14=0x0000000000000000, R15=0x00007fb105bfd580
RIP=0x00007fb0fe7bb59b, EFLAGS=0x0000000000010203, CSGSFS=0x0000000000000033, ERR=0x0000000000000004
  TRAPNO=0x000000000000000e

Top of Stack: (sp=0x00007fb127247f50)
0x00007fb127247f50:   00007fb1056deca0 00007fb0fe1a022b
0x00007fb127247f60:   0000000000000000 9568730ba3686e00
0x00007fb127247f70:   0000000000000008 00007fb104287cd8
0x00007fb127247f80:   00007fb105bfd980 00007fb1042ac9b4
0x00007fb127247f90:   00007fb1042ac9b4 0000000000000000
0x00007fb127247fa0:   00007fb105bfd580 00007fb0fe7ab309
0x00007fb127247fb0:   0000000000000000 0000051b000002e8
0x00007fb127247fc0:   00007fb1042ac9bc 00007fb104287cd8
0x00007fb127247fd0:   00007fb1042ad110 ffffffffffffffff
0x00007fb127247fe0:   00007fb0feba3ce0 000000000c414008
0x00007fb127247ff0:   00007fb1042ad3c8 00007fb0fe7ab3a1
0x00007fb127248000:   00007fb104287cd8 00007fb0fe780f69
0x00007fb127248010:   00007fb1272480bc 9568730ba3686e00
0x00007fb127248020:   00007fb1042abda0 00007fb104287cd8
0x00007fb127248030:   0000000000000004 9568730ba3686e00
0x00007fb127248040:   0000000000000000 00007fb104287cd8
0x00007fb127248050:   00007fb127248130 00007fb127248150
0x00007fb127248060:   0000000000000003 0000000000000000
0x00007fb127248070:   00007fb127248150 00007fb0fe70a252
0x00007fb127248080:   00007fb105bf2c90 0000000000000000
0x00007fb127248090:   00007fb0feba3ce0 0000000100000000
0x00007fb1272480a0:   00007fb1042ab960 00007fb1042e4030
0x00007fb1272480b0:   0000000001000000 0000000005b71518
0x00007fb1272480c0:   0000000000000000 0000000000000000
0x00007fb1272480d0:   00000000ffffffff 00007fb104287cd8
0x00007fb1272480e0:   00007fb1042e0d90 0000000000000006
0x00007fb1272480f0:   00000000ffffffff 00007fb0fe5468b8
0x00007fb127248100:   0000000000000003 0000000000000000
0x00007fb127248110:   0000000000000000 0000000000000000
0x00007fb127248120:   00000000a4c94d00 0000000400000000
0x00007fb127248130:   0000140300000006 00007fb1042eb4d0
0x00007fb127248140:   0000000000000000 00007fb14d007c4d 

Instructions: (pc=0x00007fb0fe7bb59b)
0x00007fb0fe7bb57b:   00 00 00 00 00 48 89 f3 4c 8b b6 88 00 00 00 8b
0x00007fb0fe7bb58b:   76 54 49 89 fd e8 3b 2f c6 ff 8b b3 a0 00 00 00
0x00007fb0fe7bb59b:   41 8b 7e 40 b9 01 00 00 00 89 cd 89 44 24 04 8b
0x00007fb0fe7bb5ab:   83 9c 00 00 00 85 f6 0f 45 ab a0 00 00 00 85 ff 

Register to memory mapping:

RAX=0x0000000000000005 is an unknown value
RBX=0x00007fb105c176b0 is an unknown value
RCX=0x00007fb0fe478720: <offset 0xbd720> in /usr/lib/x86_64-linux-gnu/dri/i965_dri.so at 0x00007fb0fe3bb000
RDX=0x0000000000000001 is an unknown value
RSP=0x00007fb127247f50 is pointing into the stack for thread: 0x00007fb10004c000
RBP=0x00007fb105bfd980 is an unknown value
RSI=0x0000000000000001 is an unknown value
RDI=0x0000000000000005 is an unknown value
R8 =0x0000000000000000 is an unknown value
R9 =0x0000000000000000 is an unknown value
R10=0x0000000000000006 is an unknown value
R11=0x0000000000000001 is an unknown value
R12=0x00007fb1042ac9b4 is an unknown value
R13=0x00007fb104287cd8 is an unknown value
R14=0x0000000000000000 is an unknown value
R15=0x00007fb105bfd580 is an unknown value


Stack: [0x00007fb127149000,0x00007fb12724a000],  sp=0x00007fb127247f50,  free space=1019k
Native frames: (J=compiled Java code, j=interpreted, Vv=VM code, C=native code)
C  [i965_dri.so+0x40059b]

Java frames: (J=compiled Java code, j=interpreted, Vv=VM code)
J 1694  com.sun.prism.es2.GLContext.nDrawIndexedQuads(JI[F[B)V (0 bytes) @ 0x00007fb14d50acec [0x00007fb14d50ac80+0x6c]
J 2367 C2 com.sun.prism.impl.BaseContext.flushVertexBuffer()V (104 bytes) @ 0x00007fb14d73b66c [0x00007fb14d73b5e0+0x8c]
j  com.sun.prism.es2.ES2SwapChain.drawTexture(Lcom/sun/prism/es2/ES2Graphics;Lcom/sun/prism/RTTexture;FFFFFFFF)V+68
j  com.sun.prism.es2.ES2SwapChain.prepare(Lcom/sun/javafx/geom/Rectangle;)Z+146
j  com.sun.javafx.tk.quantum.PresentingPainter.run()V+350
j  java.util.concurrent.Executors$RunnableAdapter.call()Ljava/lang/Object;+4
j  java.util.concurrent.FutureTask.runAndReset()Z+47
j  com.sun.javafx.tk.RenderJob.run()V+1
j  java.util.concurrent.ThreadPoolExecutor.runWorker(Ljava/util/concurrent/ThreadPoolExecutor$Worker;)V+95
j  java.util.concurrent.ThreadPoolExecutor$Worker.run()V+5
j  com.sun.javafx.tk.quantum.QuantumRenderer$PipelineRunnable.run()V+8
j  java.lang.Thread.run()V+11
v  ~StubRoutines::call_stub

---------------  P R O C E S S  ---------------

Java Threads: ( => current thread )
  0x00007fb0e8262000 JavaThread "Prism Font Disposer" daemon [_thread_blocked, id=7971, stack(0x00007fb0f936c000,0x00007fb0f946d000)]
  0x00007fb100108000 JavaThread "JavaFX Application Thread" [_thread_blocked, id=7968, stack(0x00007fb0fa232000,0x00007fb0fa333000)]
  0x00007fb100104000 JavaThread "Thread-2" daemon [_thread_blocked, id=7967, stack(0x00007fb0fa333000,0x00007fb0fa434000)]
=>0x00007fb10004c000 JavaThread "QuantumRenderer-0" daemon [_thread_in_native, id=7963, stack(0x00007fb127149000,0x00007fb12724a000)]
  0x00007fb15c231000 JavaThread "JavaFX-Launcher" [_thread_blocked, id=7962, stack(0x00007fb12724a000,0x00007fb12734b000)]
  0x00007fb15c14f800 JavaThread "Monitor Ctrl-Break" daemon [_thread_in_native, id=7952, stack(0x00007fb1278f9000,0x00007fb1279fa000)]
  0x00007fb15c0db800 JavaThread "Service Thread" daemon [_thread_blocked, id=7944, stack(0x00007fb127cfd000,0x00007fb127dfe000)]
  0x00007fb15c0be800 JavaThread "C1 CompilerThread2" daemon [_thread_blocked, id=7943, stack(0x00007fb127dfe000,0x00007fb127eff000)]
  0x00007fb15c0bc800 JavaThread "C2 CompilerThread1" daemon [_thread_in_native, id=7942, stack(0x00007fb127eff000,0x00007fb128000000)]
  0x00007fb15c0b9800 JavaThread "C2 CompilerThread0" daemon [_thread_in_native, id=7941, stack(0x00007fb144071000,0x00007fb144172000)]
  0x00007fb15c0b8000 JavaThread "Signal Dispatcher" daemon [_thread_blocked, id=7940, stack(0x00007fb144172000,0x00007fb144273000)]
  0x00007fb15c085000 JavaThread "Finalizer" daemon [_thread_blocked, id=7939, stack(0x00007fb144957000,0x00007fb144a58000)]
  0x00007fb15c080000 JavaThread "Reference Handler" daemon [_thread_blocked, id=7938, stack(0x00007fb144a58000,0x00007fb144b59000)]
  0x00007fb15c00a800 JavaThread "main" [_thread_blocked, id=7932, stack(0x00007fb1642d0000,0x00007fb1643d1000)]

Other Threads:
  0x00007fb15c078800 VMThread [stack: 0x00007fb144b59000,0x00007fb144c5a000] [id=7937]
  0x00007fb15c0de800 WatcherThread [stack: 0x00007fb127bfc000,0x00007fb127cfd000] [id=7945]

VM state:not at safepoint (normal execution)

VM Mutex/Monitor currently owned by a thread: None

Heap:
 PSYoungGen      total 27648K, used 21541K [0x00000000e1980000, 0x00000000e4f80000, 0x0000000100000000)
  eden space 24064K, 74% used [0x00000000e1980000,0x00000000e2b0af18,0x00000000e3100000)
  from space 3584K, 99% used [0x00000000e4c00000,0x00000000e4f7e840,0x00000000e4f80000)
  to   space 3584K, 0% used [0x00000000e3100000,0x00000000e3100000,0x00000000e3480000)
 ParOldGen       total 62976K, used 4125K [0x00000000a4c00000, 0x00000000a8980000, 0x00000000e1980000)
  object space 62976K, 6% used [0x00000000a4c00000,0x00000000a50077b0,0x00000000a8980000)
 Metaspace       used 17939K, capacity 18718K, committed 18816K, reserved 1064960K
  class space    used 2518K, capacity 2672K, committed 2688K, reserved 1048576K

Card table byte_map: [0x00007fb160db4000,0x00007fb16108f000] byte_map_base: 0x00007fb16088e000

Marking Bits: (ParMarkBitMap*) 0x00007fb1637a6100
 Begin Bits: [0x00007fb145260000, 0x00007fb146930000)
 End Bits:   [0x00007fb146930000, 0x00007fb148000000)

Polling page: 0x00007fb1643f3000

CodeCache: size=245760Kb used=9832Kb max_used=9832Kb free=235928Kb
 bounds [0x00007fb14d000000, 0x00007fb14d9b0000, 0x00007fb15c000000]
 total_blobs=3613 nmethods=2982 adapters=544
 compilation: enabled

Compilation events (10 events):
Event: 7,233 Thread 0x00007fb15c0be800 2986       3       com.sun.prism.impl.ps.BaseShaderContext::validateLCDBuffer (64 bytes)
Event: 7,234 Thread 0x00007fb15c0be800 nmethod 2986 0x00007fb14d998190 code [0x00007fb14d9983a0, 0x00007fb14d998ee8]
Event: 7,276 Thread 0x00007fb15c0be800 2987       3       com.sun.javafx.sg.prism.NGNode::renderClip (473 bytes)
Event: 7,281 Thread 0x00007fb15c0be800 nmethod 2987 0x00007fb14d999250 code [0x00007fb14d999900, 0x00007fb14d99e018]
Event: 7,281 Thread 0x00007fb15c0be800 2988       3       java.lang.Math::toRadians (10 bytes)
Event: 7,282 Thread 0x00007fb15c0be800 nmethod 2988 0x00007fb14d9a0590 code [0x00007fb14d9a0720, 0x00007fb14d9a0870]
Event: 7,290 Thread 0x00007fb15c0be800 2989       1       com.sun.glass.ui.Application::hasWindowManager (2 bytes)
Event: 7,291 Thread 0x00007fb15c0be800 nmethod 2989 0x00007fb14d9a08d0 code [0x00007fb14d9a0a20, 0x00007fb14d9a0b30]
Event: 7,300 Thread 0x00007fb15c0be800 2990       3       com.sun.javafx.tk.quantum.PaintCollector::getInstance (4 bytes)
Event: 7,300 Thread 0x00007fb15c0be800 nmethod 2990 0x00007fb14d9a0b90 code [0x00007fb14d9a0ce0, 0x00007fb14d9a0e10]

GC Heap History (4 events):
Event: 1,361 GC heap before
{Heap before GC invocations=1 (full 0):
 PSYoungGen      total 27648K, used 24064K [0x00000000e1980000, 0x00000000e3800000, 0x0000000100000000)
  eden space 24064K, 100% used [0x00000000e1980000,0x00000000e3100000,0x00000000e3100000)
  from space 3584K, 0% used [0x00000000e3480000,0x00000000e3480000,0x00000000e3800000)
  to   space 3584K, 0% used [0x00000000e3100000,0x00000000e3100000,0x00000000e3480000)
 ParOldGen       total 62976K, used 0K [0x00000000a4c00000, 0x00000000a8980000, 0x00000000e1980000)
  object space 62976K, 0% used [0x00000000a4c00000,0x00000000a4c00000,0x00000000a8980000)
 Metaspace       used 13070K, capacity 13502K, committed 13824K, reserved 1060864K
  class space    used 1839K, capacity 1942K, committed 2048K, reserved 1048576K
Event: 1,376 GC heap after
Heap after GC invocations=1 (full 0):
 PSYoungGen      total 27648K, used 3552K [0x00000000e1980000, 0x00000000e4f80000, 0x0000000100000000)
  eden space 24064K, 0% used [0x00000000e1980000,0x00000000e1980000,0x00000000e3100000)
  from space 3584K, 99% used [0x00000000e3100000,0x00000000e3478020,0x00000000e3480000)
  to   space 3584K, 0% used [0x00000000e4c00000,0x00000000e4c00000,0x00000000e4f80000)
 ParOldGen       total 62976K, used 483K [0x00000000a4c00000, 0x00000000a8980000, 0x00000000e1980000)
  object space 62976K, 0% used [0x00000000a4c00000,0x00000000a4c78cb0,0x00000000a8980000)
 Metaspace       used 13070K, capacity 13502K, committed 13824K, reserved 1060864K
  class space    used 1839K, capacity 1942K, committed 2048K, reserved 1048576K
}
Event: 6,462 GC heap before
{Heap before GC invocations=2 (full 0):
 PSYoungGen      total 27648K, used 27616K [0x00000000e1980000, 0x00000000e4f80000, 0x0000000100000000)
  eden space 24064K, 100% used [0x00000000e1980000,0x00000000e3100000,0x00000000e3100000)
  from space 3584K, 99% used [0x00000000e3100000,0x00000000e3478020,0x00000000e3480000)
  to   space 3584K, 0% used [0x00000000e4c00000,0x00000000e4c00000,0x00000000e4f80000)
 ParOldGen       total 62976K, used 483K [0x00000000a4c00000, 0x00000000a8980000, 0x00000000e1980000)
  object space 62976K, 0% used [0x00000000a4c00000,0x00000000a4c78cb0,0x00000000a8980000)
 Metaspace       used 17679K, capacity 18522K, committed 18560K, reserved 1064960K
  class space    used 2517K, capacity 2672K, committed 2688K, reserved 1048576K
Event: 6,475 GC heap after
Heap after GC invocations=2 (full 0):
 PSYoungGen      total 27648K, used 3578K [0x00000000e1980000, 0x00000000e4f80000, 0x0000000100000000)
  eden space 24064K, 0% used [0x00000000e1980000,0x00000000e1980000,0x00000000e3100000)
  from space 3584K, 99% used [0x00000000e4c00000,0x00000000e4f7e840,0x00000000e4f80000)
  to   space 3584K, 0% used [0x00000000e3100000,0x00000000e3100000,0x00000000e3480000)
 ParOldGen       total 62976K, used 4125K [0x00000000a4c00000, 0x00000000a8980000, 0x00000000e1980000)
  object space 62976K, 6% used [0x00000000a4c00000,0x00000000a50077b0,0x00000000a8980000)
 Metaspace       used 17679K, capacity 18522K, committed 18560K, reserved 1064960K
  class space    used 2517K, capacity 2672K, committed 2688K, reserved 1048576K
}

Deoptimization events (10 events):
Event: 5,018 Thread 0x00007fb100108000 Uncommon trap: reason=class_check action=maybe_recompile pc=0x00007fb14d5bd9ac method=javafx.scene.Node.updateLocalToParentTransform()V @ 11
Event: 5,018 Thread 0x00007fb100108000 Uncommon trap: reason=class_check action=maybe_recompile pc=0x00007fb14d5bd9ac method=javafx.scene.Node.updateLocalToParentTransform()V @ 11
Event: 5,018 Thread 0x00007fb100108000 Uncommon trap: reason=class_check action=maybe_recompile pc=0x00007fb14d5bd9ac method=javafx.scene.Node.updateLocalToParentTransform()V @ 11
Event: 5,041 Thread 0x00007fb10004c000 Uncommon trap: reason=unstable_if action=reinterpret pc=0x00007fb14d5b5a14 method=java.lang.Math.round(F)I @ 23
Event: 5,185 Thread 0x00007fb10004c000 Uncommon trap: reason=unstable_if action=reinterpret pc=0x00007fb14d681260 method=com.sun.openpisces.Renderer.produceAlphas(Lcom/sun/openpisces/AlphaConsumer;)V @ 163
Event: 5,874 Thread 0x00007fb10004c000 Uncommon trap: reason=unstable_if action=reinterpret pc=0x00007fb14d691c74 method=com.sun.openpisces.Renderer.produceAlphas(Lcom/sun/openpisces/AlphaConsumer;)V @ 326
Event: 6,599 Thread 0x00007fb100108000 Uncommon trap: reason=class_check action=maybe_recompile pc=0x00007fb14d879884 method=java.lang.reflect.Array.newInstance(Ljava/lang/Class;I)Ljava/lang/Object; @ 2
Event: 6,599 Thread 0x00007fb100108000 Uncommon trap: reason=class_check action=maybe_recompile pc=0x00007fb14d879884 method=java.lang.reflect.Array.newInstance(Ljava/lang/Class;I)Ljava/lang/Object; @ 2
Event: 6,599 Thread 0x00007fb100108000 Uncommon trap: reason=class_check action=maybe_recompile pc=0x00007fb14d879884 method=java.lang.reflect.Array.newInstance(Ljava/lang/Class;I)Ljava/lang/Object; @ 2
Event: 6,600 Thread 0x00007fb100108000 Uncommon trap: reason=class_check action=maybe_recompile pc=0x00007fb14d879884 method=java.lang.reflect.Array.newInstance(Ljava/lang/Class;I)Ljava/lang/Object; @ 2

Internal exceptions (10 events):
Event: 0,338 Thread 0x00007fb15c231000 Exception <a 'java/lang/NullPointerException'> (0x00000000e1ce8550) thrown at [/HUDSON/workspace/8-2-build-linux-amd64/jdk8u77/6540/hotspot/src/share/vm/interpreter/linkResolver.cpp, line 1178]
Event: 0,822 Thread 0x00007fb100108000 Exception <a 'java/lang/NullPointerException'> (0x00000000e256e180) thrown at [/HUDSON/workspace/8-2-build-linux-amd64/jdk8u77/6540/hotspot/src/share/vm/interpreter/linkResolver.cpp, line 1178]
Event: 0,822 Thread 0x00007fb100108000 Exception <a 'java/lang/NullPointerException'> (0x00000000e256e180) thrown at [/HUDSON/workspace/8-2-build-linux-amd64/jdk8u77/6540/hotspot/src/share/vm/prims/jvm.cpp, line 1390]
Event: 1,086 Thread 0x00007fb100108000 Exception <a 'java/lang/ArrayIndexOutOfBoundsException': 70> (0x00000000e2aa9558) thrown at [/HUDSON/workspace/8-2-build-linux-amd64/jdk8u77/6540/hotspot/src/share/vm/interpreter/interpreterRuntime.cpp, line 366]
Event: 1,087 Thread 0x00007fb100108000 Exception <a 'java/lang/ArrayIndexOutOfBoundsException': 18> (0x00000000e2aaa410) thrown at [/HUDSON/workspace/8-2-build-linux-amd64/jdk8u77/6540/hotspot/src/share/vm/interpreter/interpreterRuntime.cpp, line 366]
Event: 1,087 Thread 0x00007fb100108000 Exception <a 'java/lang/ArrayIndexOutOfBoundsException': 86> (0x00000000e2aab7b8) thrown at [/HUDSON/workspace/8-2-build-linux-amd64/jdk8u77/6540/hotspot/src/share/vm/interpreter/interpreterRuntime.cpp, line 366]
Event: 1,088 Thread 0x00007fb100108000 Exception <a 'java/lang/ArrayIndexOutOfBoundsException'> (0x00000000e2aad9e8) thrown at [/HUDSON/workspace/8-2-build-linux-amd64/jdk8u77/6540/hotspot/src/share/vm/runtime/sharedRuntime.cpp, line 605]
Event: 1,190 Thread 0x00007fb100108000 Exception <a 'java/lang/ArrayIndexOutOfBoundsException'> (0x00000000e2c93120) thrown at [/HUDSON/workspace/8-2-build-linux-amd64/jdk8u77/6540/hotspot/src/share/vm/runtime/sharedRuntime.cpp, line 605]
Event: 1,190 Thread 0x00007fb100108000 Exception <a 'java/lang/ArrayIndexOutOfBoundsException'> (0x00000000e2c95468) thrown at [/HUDSON/workspace/8-2-build-linux-amd64/jdk8u77/6540/hotspot/src/share/vm/runtime/sharedRuntime.cpp, line 605]
Event: 1,279 Thread 0x00007fb100108000 Implicit null exception at 0x00007fb14d25d3b5 to 0x00007fb14d25d5d1

Events (10 events):
Event: 6,599 Thread 0x00007fb100108000 DEOPT UNPACKING pc=0x00007fb14d005229 sp=0x00007fb0fa32e810 mode 2
Event: 6,599 Thread 0x00007fb100108000 Uncommon trap: trap_request=0xffffffde fr.pc=0x00007fb14d879884
Event: 6,599 Thread 0x00007fb100108000 DEOPT PACKING pc=0x00007fb14d879884 sp=0x00007fb0fa32e8d0
Event: 6,599 Thread 0x00007fb100108000 DEOPT UNPACKING pc=0x00007fb14d005229 sp=0x00007fb0fa32e810 mode 2
Event: 6,599 Thread 0x00007fb100108000 Uncommon trap: trap_request=0xffffffde fr.pc=0x00007fb14d879884
Event: 6,599 Thread 0x00007fb100108000 DEOPT PACKING pc=0x00007fb14d879884 sp=0x00007fb0fa32e8d0
Event: 6,599 Thread 0x00007fb100108000 DEOPT UNPACKING pc=0x00007fb14d005229 sp=0x00007fb0fa32e810 mode 2
Event: 6,600 Thread 0x00007fb100108000 Uncommon trap: trap_request=0xffffffde fr.pc=0x00007fb14d879884
Event: 6,600 Thread 0x00007fb100108000 DEOPT PACKING pc=0x00007fb14d879884 sp=0x00007fb0fa32e8d0
Event: 6,600 Thread 0x00007fb100108000 DEOPT UNPACKING pc=0x00007fb14d005229 sp=0x00007fb0fa32e810 mode 2


Dynamic libraries:
00400000-00401000 r-xp 00000000 08:09 1469774                            /usr/lib/jvm/jdk1.8.0_77/bin/java
00600000-00601000 rw-p 00000000 08:09 1469774                            /usr/lib/jvm/jdk1.8.0_77/bin/java
01e90000-01eb1000 rw-p 00000000 00:00 0                                  [heap]
a4c00000-a8980000 rw-p 00000000 00:00 0 
a8980000-e1980000 ---p 00000000 00:00 0 
e1980000-e4f80000 rw-p 00000000 00:00 0 
e4f80000-100000000 ---p 00000000 00:00 0 
100000000-1002a0000 rw-p 00000000 00:00 0 
1002a0000-140000000 ---p 00000000 00:00 0 
7fb0dc000000-7fb0dc021000 rw-p 00000000 00:00 0 
7fb0dc021000-7fb0e0000000 ---p 00000000 00:00 0 
7fb0e4000000-7fb0e4021000 rw-p 00000000 00:00 0 
7fb0e4021000-7fb0e8000000 ---p 00000000 00:00 0 
7fb0e8000000-7fb0e8302000 rw-p 00000000 00:00 0 
7fb0e8302000-7fb0ec000000 ---p 00000000 00:00 0 
7fb0ec000000-7fb0ec022000 rw-p 00000000 00:00 0 
7fb0ec022000-7fb0f0000000 ---p 00000000 00:00 0 
7fb0f0000000-7fb0f0021000 rw-p 00000000 00:00 0 
7fb0f0021000-7fb0f4000000 ---p 00000000 00:00 0 
7fb0f4000000-7fb0f4021000 rw-p 00000000 00:00 0 
7fb0f4021000-7fb0f8000000 ---p 00000000 00:00 0 
7fb0f8aae000-7fb0f8abe000 rw-s 00000000 00:05 115614                     /drm mm object (deleted)
7fb0f8abe000-7fb0f8ac6000 rw-s 00000000 00:05 115613                     /drm mm object (deleted)
7fb0f8ac6000-7fb0f8ad6000 rw-s 00000000 00:05 116436                     /drm mm object (deleted)
7fb0f8ad6000-7fb0f8ade000 rw-s 00000000 00:05 116435                     /drm mm object (deleted)
7fb0f8ade000-7fb0f8aee000 rw-s 00000000 00:05 116433                     /drm mm object (deleted)
7fb0f8aee000-7fb0f8af6000 rw-s 00000000 00:05 116432                     /drm mm object (deleted)
7fb0f8af6000-7fb0f8af7000 rw-s 00000000 00:05 116401                     /drm mm object (deleted)
7fb0f8af7000-7fb0f8af8000 rw-s 00000000 00:05 117965                     /drm mm object (deleted)
7fb0f8af8000-7fb0f8b08000 rw-s 00000000 00:05 116423                     /drm mm object (deleted)
7fb0f8b08000-7fb0f8b10000 rw-s 00000000 00:05 116422                     /drm mm object (deleted)
7fb0f8b10000-7fb0f8b20000 rw-s 00000000 00:05 116420                     /drm mm object (deleted)
7fb0f8b20000-7fb0f8b28000 rw-s 00000000 00:05 116419                     /drm mm object (deleted)
7fb0f8b28000-7fb0f8b38000 rw-s 00000000 00:05 116417                     /drm mm object (deleted)
7fb0f8b38000-7fb0f8b40000 rw-s 00000000 00:05 116416                     /drm mm object (deleted)
7fb0f8b40000-7fb0f8b50000 rw-s 00000000 00:05 116415                     /drm mm object (deleted)
7fb0f8b50000-7fb0f8b58000 rw-s 00000000 00:05 116414                     /drm mm object (deleted)
7fb0f8b58000-7fb0f8b68000 rw-s 00000000 00:05 117981                     /drm mm object (deleted)
7fb0f8ba4000-7fb0f8d64000 rw-s 00000000 00:05 117044                     /drm mm object (deleted)
7fb0f8d64000-7fb0f8d6c000 rw-s 00000000 00:05 117043                     /drm mm object (deleted)
7fb0f8d6c000-7fb0f8f2c000 rw-s 101302000 00:06 268                       /dev/dri/card0
7fb0f8f2c000-7fb0f8f34000 rw-s 00000000 00:05 115603                     /drm mm object (deleted)
7fb0f8f34000-7fb0f90f4000 rw-s 00000000 00:05 115599                     /drm mm object (deleted)
7fb0f90f4000-7fb0f9104000 rw-s 00000000 00:05 115596                     /drm mm object (deleted)
7fb0f9104000-7fb0f910c000 rw-s 00000000 00:05 115595                     /drm mm object (deleted)
7fb0f910c000-7fb0f916c000 rw-s 00000000 00:05 115594                     /drm mm object (deleted)
7fb0f916c000-7fb0f932c000 rw-p 00000000 00:00 0 
7fb0f932c000-7fb0f936c000 ---p 00000000 00:00 0 
7fb0f936c000-7fb0f936f000 ---p 00000000 00:00 0 
7fb0f936f000-7fb0f946d000 rw-p 00000000 00:00 0                          [stack:7971]
7fb0f946d000-7fb0f9526000 r--p 00000000 08:09 1182760                    /usr/share/fonts/truetype/dejavu/DejaVuSans.ttf
7fb0f9526000-7fb0f957b000 r--p 00000000 08:09 1970582                    /usr/lib/jvm/jdk1.8.0_77/jre/lib/fonts/LucidaBrightRegular.ttf
7fb0f957b000-7fb0f9626000 r--p 00000000 08:09 1970580                    /usr/lib/jvm/jdk1.8.0_77/jre/lib/fonts/LucidaSansRegular.ttf
7fb0f9626000-7fb0f962a000 r-xp 00000000 08:09 2106593                    /usr/lib/jvm/jdk1.8.0_77/jre/lib/amd64/libjavafx_font_pango.so
7fb0f962a000-7fb0f9829000 ---p 00004000 08:09 2106593                    /usr/lib/jvm/jdk1.8.0_77/jre/lib/amd64/libjavafx_font_pango.so
7fb0f9829000-7fb0f982a000 rw-p 00003000 08:09 2106593                    /usr/lib/jvm/jdk1.8.0_77/jre/lib/amd64/libjavafx_font_pango.so
7fb0f982a000-7fb0f9a2a000 rw-p 00000000 00:00 0 
7fb0f9a2a000-7fb0f9c2a000 rw-p 00000000 00:00 0 
7fb0f9c2a000-7fb0f9c2f000 r-xp 00000000 08:09 2106596                    /usr/lib/jvm/jdk1.8.0_77/jre/lib/amd64/libjavafx_font_freetype.so
7fb0f9c2f000-7fb0f9e2e000 ---p 00005000 08:09 2106596                    /usr/lib/jvm/jdk1.8.0_77/jre/lib/amd64/libjavafx_font_freetype.so
7fb0f9e2e000-7fb0f9e2f000 rw-p 00004000 08:09 2106596                    /usr/lib/jvm/jdk1.8.0_77/jre/lib/amd64/libjavafx_font_freetype.so
7fb0f9e2f000-7fb0f9e32000 r-xp 00000000 08:09 2106640                    /usr/lib/jvm/jdk1.8.0_77/jre/lib/amd64/libjavafx_font.so
7fb0f9e32000-7fb0fa031000 ---p 00003000 08:09 2106640                    /usr/lib/jvm/jdk1.8.0_77/jre/lib/amd64/libjavafx_font.so
7fb0fa031000-7fb0fa032000 rw-p 00002000 08:09 2106640                    /usr/lib/jvm/jdk1.8.0_77/jre/lib/amd64/libjavafx_font.so
7fb0fa032000-7fb0fa232000 rw-p 00000000 00:00 0 
7fb0fa232000-7fb0fa235000 ---p 00000000 00:00 0 
7fb0fa235000-7fb0fa333000 rw-p 00000000 00:00 0                          [stack:7968]
7fb0fa333000-7fb0fa336000 ---p 00000000 00:00 0 
7fb0fa336000-7fb0fa434000 rw-p 00000000 00:00 0                          [stack:7967]
7fb0fa434000-7fb0fa435000 ---p 00000000 00:00 0 
7fb0fa435000-7fb0fac35000 rw-p 00000000 00:00 0                          [stack:7966]
7fb0fac35000-7fb0fac36000 ---p 00000000 00:00 0 
7fb0fac36000-7fb0fb436000 rw-p 00000000 00:00 0                          [stack:7965]
7fb0fb436000-7fb0fb437000 ---p 00000000 00:00 0 
7fb0fb437000-7fb0fbc37000 rw-p 00000000 00:00 0                          [stack:7964]
7fb0fbc37000-7fb0fbc42000 r-xp 00000000 08:09 525458                     /usr/lib/x86_64-linux-gnu/gio/modules/libdconfsettings.so
7fb0fbc42000-7fb0fbe42000 ---p 0000b000 08:09 525458                     /usr/lib/x86_64-linux-gnu/gio/modules/libdconfsettings.so
7fb0fbe42000-7fb0fbe43000 r--p 0000b000 08:09 525458                     /usr/lib/x86_64-linux-gnu/gio/modules/libdconfsettings.so
7fb0fbe43000-7fb0fbe44000 rw-p 0000c000 08:09 525458                     /usr/lib/x86_64-linux-gnu/gio/modules/libdconfsettings.so
7fb0fbe44000-7fb0fbe4b000 r-xp 00000000 08:09 140533                     /usr/lib/x86_64-linux-gnu/libogg.so.0.8.2
7fb0fbe4b000-7fb0fc04b000 ---p 00007000 08:09 140533                     /usr/lib/x86_64-linux-gnu/libogg.so.0.8.2
7fb0fc04b000-7fb0fc04c000 r--p 00007000 08:09 140533                     /usr/lib/x86_64-linux-gnu/libogg.so.0.8.2
7fb0fc04c000-7fb0fc04d000 rw-p 00008000 08:09 140533                     /usr/lib/x86_64-linux-gnu/libogg.so.0.8.2
7fb0fc04d000-7fb0fc078000 r-xp 00000000 08:09 140853                     /usr/lib/x86_64-linux-gnu/libvorbis.so.0.4.7
7fb0fc078000-7fb0fc277000 ---p 0002b000 08:09 140853                     /usr/lib/x86_64-linux-gnu/libvorbis.so.0.4.7
7fb0fc277000-7fb0fc278000 r--p 0002a000 08:09 140853                     /usr/lib/x86_64-linux-gnu/libvorbis.so.0.4.7
7fb0fc278000-7fb0fc279000 rw-p 0002b000 08:09 140853                     /usr/lib/x86_64-linux-gnu/libvorbis.so.0.4.7
7fb0fc279000-7fb0fc282000 r-xp 00000000 08:09 140418                     /usr/lib/x86_64-linux-gnu/libltdl.so.7.3.0
7fb0fc282000-7fb0fc481000 ---p 00009000 08:09 140418                     /usr/lib/x86_64-linux-gnu/libltdl.so.7.3.0
7fb0fc481000-7fb0fc482000 r--p 00008000 08:09 140418                     /usr/lib/x86_64-linux-gnu/libltdl.so.7.3.0
7fb0fc482000-7fb0fc483000 rw-p 00009000 08:09 140418                     /usr/lib/x86_64-linux-gnu/libltdl.so.7.3.0
7fb0fc483000-7fb0fc497000 r-xp 00000000 08:09 140760                     /usr/lib/x86_64-linux-gnu/libtdb.so.1.3.5
7fb0fc497000-7fb0fc696000 ---p 00014000 08:09 140760                     /usr/lib/x86_64-linux-gnu/libtdb.so.1.3.5
7fb0fc696000-7fb0fc697000 r--p 00013000 08:09 140760                     /usr/lib/x86_64-linux-gnu/libtdb.so.1.3.5
7fb0fc697000-7fb0fc698000 rw-p 00014000 08:09 140760                     /usr/lib/x86_64-linux-gnu/libtdb.so.1.3.5
7fb0fc698000-7fb0fc69f000 r-xp 00000000 08:09 140857                     /usr/lib/x86_64-linux-gnu/libvorbisfile.so.3.3.6
7fb0fc69f000-7fb0fc89f000 ---p 00007000 08:09 140857                     /usr/lib/x86_64-linux-gnu/libvorbisfile.so.3.3.6
7fb0fc89f000-7fb0fc8a0000 r--p 00007000 08:09 140857                     /usr/lib/x86_64-linux-gnu/libvorbisfile.so.3.3.6
7fb0fc8a0000-7fb0fc8a1000 rw-p 00008000 08:09 140857                     /usr/lib/x86_64-linux-gnu/libvorbisfile.so.3.3.6
7fb0fc8a1000-7fb0fc8b1000 r-xp 00000000 08:09 139927                     /usr/lib/x86_64-linux-gnu/libcanberra.so.0.2.5
7fb0fc8b1000-7fb0fcab1000 ---p 00010000 08:09 139927                     /usr/lib/x86_64-linux-gnu/libcanberra.so.0.2.5
7fb0fcab1000-7fb0fcab2000 r--p 00010000 08:09 139927                     /usr/lib/x86_64-linux-gnu/libcanberra.so.0.2.5
7fb0fcab2000-7fb0fcab3000 rw-p 00011000 08:09 139927                     /usr/lib/x86_64-linux-gnu/libcanberra.so.0.2.5
7fb0fcab3000-7fb0fcab7000 r-xp 00000000 08:09 139923                     /usr/lib/x86_64-linux-gnu/libcanberra-gtk.so.0.1.9
7fb0fcab7000-7fb0fccb6000 ---p 00004000 08:09 139923                     /usr/lib/x86_64-linux-gnu/libcanberra-gtk.so.0.1.9
7fb0fccb6000-7fb0fccb7000 r--p 00003000 08:09 139923                     /usr/lib/x86_64-linux-gnu/libcanberra-gtk.so.0.1.9
7fb0fccb7000-7fb0fccb8000 rw-p 00004000 08:09 139923                     /usr/lib/x86_64-linux-gnu/libcanberra-gtk.so.0.1.9
7fb0fccb8000-7fb0fccbd000 r-xp 00000000 08:09 525672                     /usr/lib/x86_64-linux-gnu/gtk-2.0/modules/libcanberra-gtk-module.so
7fb0fccbd000-7fb0fcebc000 ---p 00005000 08:09 525672                     /usr/lib/x86_64-linux-gnu/gtk-2.0/modules/libcanberra-gtk-module.so
7fb0fcebc000-7fb0fcebd000 r--p 00004000 08:09 525672                     /usr/lib/x86_64-linux-gnu/gtk-2.0/modules/libcanberra-gtk-module.so
7fb0fcebd000-7fb0fcebe000 rw-p 00005000 08:09 525672                     /usr/lib/x86_64-linux-gnu/gtk-2.0/modules/libcanberra-gtk-module.so
7fb0fcebe000-7fb0fceed000 r-xp 00000000 08:09 525654                     /usr/lib/x86_64-linux-gnu/gtk-2.0/2.10.0/engines/libmurrine.so
7fb0fceed000-7fb0fd0ed000 ---p 0002f000 08:09 525654                     /usr/lib/x86_64-linux-gnu/gtk-2.0/2.10.0/engines/libmurrine.so
7fb0fd0ed000-7fb0fd0ee000 r--p 0002f000 08:09 525654                     /usr/lib/x86_64-linux-gnu/gtk-2.0/2.10.0/engines/libmurrine.so
7fb0fd0ee000-7fb0fd0ef000 rw-p 00030000 08:09 525654                     /usr/lib/x86_64-linux-gnu/gtk-2.0/2.10.0/engines/libmurrine.so
7fb0fd0ef000-7fb0fd0ff000 r-xp 00000000 08:09 140816                     /usr/lib/x86_64-linux-gnu/libunity-gtk2-parser.so.0.0.0
7fb0fd0ff000-7fb0fd2ff000 ---p 00010000 08:09 140816                     /usr/lib/x86_64-linux-gnu/libunity-gtk2-parser.so.0.0.0
7fb0fd2ff000-7fb0fd300000 r--p 00010000 08:09 140816                     /usr/lib/x86_64-linux-gnu/libunity-gtk2-parser.so.0.0.0
7fb0fd300000-7fb0fd301000 rw-p 00011000 08:09 140816                     /usr/lib/x86_64-linux-gnu/libunity-gtk2-parser.so.0.0.0
7fb0fd301000-7fb0fd306000 r-xp 00000000 08:09 525676                     /usr/lib/x86_64-linux-gnu/gtk-2.0/modules/libunity-gtk-module.so
7fb0fd306000-7fb0fd505000 ---p 00005000 08:09 525676                     /usr/lib/x86_64-linux-gnu/gtk-2.0/modules/libunity-gtk-module.so
7fb0fd505000-7fb0fd506000 r--p 00004000 08:09 525676                     /usr/lib/x86_64-linux-gnu/gtk-2.0/modules/libunity-gtk-module.so
7fb0fd506000-7fb0fd507000 rw-p 00005000 08:09 525676                     /usr/lib/x86_64-linux-gnu/gtk-2.0/modules/libunity-gtk-module.so
7fb0fd507000-7fb0fd518000 r-xp 00000000 08:09 525675                     /usr/lib/x86_64-linux-gnu/gtk-2.0/modules/liboverlay-scrollbar.so
7fb0fd518000-7fb0fd718000 ---p 00011000 08:09 525675                     /usr/lib/x86_64-linux-gnu/gtk-2.0/modules/liboverlay-scrollbar.so
7fb0fd718000-7fb0fd719000 r--p 00011000 08:09 525675                     /usr/lib/x86_64-linux-gnu/gtk-2.0/modules/liboverlay-scrollbar.so
7fb0fd719000-7fb0fd71a000 rw-p 00012000 08:09 525675                     /usr/lib/x86_64-linux-gnu/gtk-2.0/modules/liboverlay-scrollbar.so
7fb0fd71a000-7fb0fd743000 r-xp 00000000 08:09 2106616                    /usr/lib/jvm/jdk1.8.0_77/jre/lib/amd64/libglass.so
7fb0fd743000-7fb0fd942000 ---p 00029000 08:09 2106616                    /usr/lib/jvm/jdk1.8.0_77/jre/lib/amd64/libglass.so
7fb0fd942000-7fb0fd945000 rw-p 00028000 08:09 2106616                    /usr/lib/jvm/jdk1.8.0_77/jre/lib/amd64/libglass.so
7fb0fd945000-7fb0fd97c000 r-xp 00000000 08:09 140799                     /usr/lib/x86_64-linux-gnu/libtxc_dxtn_s2tc.so.0.0.0
7fb0fd97c000-7fb0fdb7b000 ---p 00037000 08:09 140799                     /usr/lib/x86_64-linux-gnu/libtxc_dxtn_s2tc.so.0.0.0
7fb0fdb7b000-7fb0fdb7c000 r--p 00036000 08:09 140799                     /usr/lib/x86_64-linux-gnu/libtxc_dxtn_s2tc.so.0.0.0
7fb0fdb7c000-7fb0fdb7d000 rw-p 00037000 08:09 140799                     /usr/lib/x86_64-linux-gnu/libtxc_dxtn_s2tc.so.0.0.0
7fb0fdb7d000-7fb0fdb85000 r-xp 00000000 08:09 140563                     /usr/lib/x86_64-linux-gnu/libpciaccess.so.0.11.1
7fb0fdb85000-7fb0fdd85000 ---p 00008000 08:09 140563                     /usr/lib/x86_64-linux-gnu/libpciaccess.so.0.11.1
7fb0fdd85000-7fb0fdd86000 r--p 00008000 08:09 140563                     /usr/lib/x86_64-linux-gnu/libpciaccess.so.0.11.1
7fb0fdd86000-7fb0fdd87000 rw-p 00009000 08:09 140563                     /usr/lib/x86_64-linux-gnu/libpciaccess.so.0.11.1
7fb0fdd87000-7fb0fdd92000 r-xp 00000000 08:09 140053                     /usr/lib/x86_64-linux-gnu/libdrm_radeon.so.1.0.1
7fb0fdd92000-7fb0fdf91000 ---p 0000b000 08:09 140053                     /usr/lib/x86_64-linux-gnu/libdrm_radeon.so.1.0.1
7fb0fdf91000-7fb0fdf92000 r--p 0000a000 08:09 140053                     /usr/lib/x86_64-linux-gnu/libdrm_radeon.so.1.0.1
7fb0fdf92000-7fb0fdf93000 rw-p 0000b000 08:09 140053                     /usr/lib/x86_64-linux-gnu/libdrm_radeon.so.1.0.1
7fb0fdf93000-7fb0fdf99000 r-xp 00000000 08:09 140051                     /usr/lib/x86_64-linux-gnu/libdrm_nouveau.so.2.0.0
7fb0fdf99000-7fb0fe198000 ---p 00006000 08:09 140051                     /usr/lib/x86_64-linux-gnu/libdrm_nouveau.so.2.0.0
7fb0fe198000-7fb0fe199000 r--p 00005000 08:09 140051                     /usr/lib/x86_64-linux-gnu/libdrm_nouveau.so.2.0.0
7fb0fe199000-7fb0fe19a000 rw-p 00006000 08:09 140051                     /usr/lib/x86_64-linux-gnu/libdrm_nouveau.so.2.0.0
7fb0fe19a000-7fb0fe1ba000 r-xp 00000000 08:09 140049                     /usr/lib/x86_64-linux-gnu/libdrm_intel.so.1.0.0
7fb0fe1ba000-7fb0fe3b9000 ---p 00020000 08:09 140049                     /usr/lib/x86_64-linux-gnu/libdrm_intel.so.1.0.0
7fb0fe3b9000-7fb0fe3ba000 r--p 0001f000 08:09 140049                     /usr/lib/x86_64-linux-gnu/libdrm_intel.so.1.0.0
7fb0fe3ba000-7fb0fe3bb000 rw-p 00020000 08:09 140049                     /usr/lib/x86_64-linux-gnu/libdrm_intel.so.1.0.0
7fb0fe3bb000-7fb0fe96d000 r-xp 00000000 08:09 524782                     /usr/lib/x86_64-linux-gnu/dri/i965_dri.so
7fb0fe96d000-7fb0feb6c000 ---p 005b2000 08:09 524782                     /usr/lib/x86_64-linux-gnu/dri/i965_dri.so
7fb0feb6c000-7fb0feb99000 r--p 005b1000 08:09 524782                     /usr/lib/x86_64-linux-gnu/dri/i965_dri.so
7fb0feb99000-7fb0feb9f000 rw-p 005de000 08:09 524782                     /usr/lib/x86_64-linux-gnu/dri/i965_dri.so
7fb0feb9f000-7fb0feba7000 rw-p 00000000 00:00 0 
7fb0feba7000-7fb0febad000 r-xp 00000000 08:09 140002                     /usr/lib/x86_64-linux-gnu/libdatrie.so.1.3.2
7fb0febad000-7fb0fedac000 ---p 00006000 08:09 140002                     /usr/lib/x86_64-linux-gnu/libdatrie.so.1.3.2
7fb0fedac000-7fb0fedad000 r--p 00005000 08:09 140002                     /usr/lib/x86_64-linux-gnu/libdatrie.so.1.3.2
7fb0fedad000-7fb0fedae000 rw-p 00006000 08:09 140002                     /usr/lib/x86_64-linux-gnu/libdatrie.so.1.3.2
7fb0fedae000-7fb0fedb3000 r-xp 00000000 08:09 139785                     /usr/lib/x86_64-linux-gnu/libXdmcp.so.6.0.0
7fb0fedb3000-7fb0fefb2000 ---p 00005000 08:09 139785                     /usr/lib/x86_64-linux-gnu/libXdmcp.so.6.0.0
7fb0fefb2000-7fb0fefb3000 r--p 00004000 08:09 139785                     /usr/lib/x86_64-linux-gnu/libXdmcp.so.6.0.0
7fb0fefb3000-7fb0fefb4000 rw-p 00005000 08:09 139785                     /usr/lib/x86_64-linux-gnu/libXdmcp.so.6.0.0
7fb0fefb4000-7fb0fefb6000 r-xp 00000000 08:09 139774                     /usr/lib/x86_64-linux-gnu/libXau.so.6.0.0
7fb0fefb6000-7fb0ff1b6000 ---p 00002000 08:09 139774                     /usr/lib/x86_64-linux-gnu/libXau.so.6.0.0
7fb0ff1b6000-7fb0ff1b7000 r--p 00002000 08:09 139774                     /usr/lib/x86_64-linux-gnu/libXau.so.6.0.0
7fb0ff1b7000-7fb0ff1b8000 rw-p 00003000 08:09 139774                     /usr/lib/x86_64-linux-gnu/libXau.so.6.0.0
7fb0ff1b8000-7fb0ff1db000 r-xp 00000000 08:09 131585                     /usr/lib/x86_64-linux-gnu/libgraphite2.so.3.0.1
7fb0ff1db000-7fb0ff3da000 ---p 00023000 08:09 131585                     /usr/lib/x86_64-linux-gnu/libgraphite2.so.3.0.1
7fb0ff3da000-7fb0ff3dc000 r--p 00022000 08:09 131585                     /usr/lib/x86_64-linux-gnu/libgraphite2.so.3.0.1
7fb0ff3dc000-7fb0ff3dd000 rw-p 00024000 08:09 131585                     /usr/lib/x86_64-linux-gnu/libgraphite2.so.3.0.1
7fb0ff3dd000-7fb0ff3ea000 r-xp 00000000 08:09 140045                     /usr/lib/x86_64-linux-gnu/libdrm.so.2.4.0
7fb0ff3ea000-7fb0ff5e9000 ---p 0000d000 08:09 140045                     /usr/lib/x86_64-linux-gnu/libdrm.so.2.4.0
7fb0ff5e9000-7fb0ff5ea000 r--p 0000c000 08:09 140045                     /usr/lib/x86_64-linux-gnu/libdrm.so.2.4.0
7fb0ff5ea000-7fb0ff5eb000 rw-p 0000d000 08:09 140045                     /usr/lib/x86_64-linux-gnu/libdrm.so.2.4.0
7fb0ff5eb000-7fb0ff5ec000 r-xp 00000000 08:09 140978                     /usr/lib/x86_64-linux-gnu/libxshmfence.so.1.0.0
7fb0ff5ec000-7fb0ff7ec000 ---p 00001000 08:09 140978                     /usr/lib/x86_64-linux-gnu/libxshmfence.so.1.0.0
7fb0ff7ec000-7fb0ff7ed000 r--p 00001000 08:09 140978                     /usr/lib/x86_64-linux-gnu/libxshmfence.so.1.0.0
7fb0ff7ed000-7fb0ff7ee000 rw-p 00002000 08:09 140978                     /usr/lib/x86_64-linux-gnu/libxshmfence.so.1.0.0
7fb0ff7ee000-7fb0ff7f3000 r-xp 00000000 08:09 140960                     /usr/lib/x86_64-linux-gnu/libxcb-sync.so.1.0.0
7fb0ff7f3000-7fb0ff9f3000 ---p 00005000 08:09 140960                     /usr/lib/x86_64-linux-gnu/libxcb-sync.so.1.0.0
7fb0ff9f3000-7fb0ff9f4000 r--p 00005000 08:09 140960                     /usr/lib/x86_64-linux-gnu/libxcb-sync.so.1.0.0
7fb0ff9f4000-7fb0ff9f5000 rw-p 00006000 08:09 140960                     /usr/lib/x86_64-linux-gnu/libxcb-sync.so.1.0.0
7fb0ff9f5000-7fb0ff9f7000 r-xp 00000000 08:09 140948                     /usr/lib/x86_64-linux-gnu/libxcb-present.so.0.0.0
7fb0ff9f7000-7fb0ffbf6000 ---p 00002000 08:09 140948                     /usr/lib/x86_64-linux-gnu/libxcb-present.so.0.0.0
7fb0ffbf6000-7fb0ffbf7000 r--p 00001000 08:09 140948                     /usr/lib/x86_64-linux-gnu/libxcb-present.so.0.0.0
7fb0ffbf7000-7fb0ffbf8000 rw-p 00002000 08:09 140948                     /usr/lib/x86_64-linux-gnu/libxcb-present.so.0.0.0
7fb0ffbf8000-7fb0ffbfa000 r-xp 00000000 08:09 140938                     /usr/lib/x86_64-linux-gnu/libxcb-dri3.so.0.0.0
7fb0ffbfa000-7fb0ffdf9000 ---p 00002000 08:09 140938                     /usr/lib/x86_64-linux-gnu/libxcb-dri3.so.0.0.0
7fb0ffdf9000-7fb0ffdfa000 r--p 00001000 08:09 140938                     /usr/lib/x86_64-linux-gnu/libxcb-dri3.so.0.0.0
7fb0ffdfa000-7fb0ffdfb000 rw-p 00002000 08:09 140938                     /usr/lib/x86_64-linux-gnu/libxcb-dri3.so.0.0.0
7fb0ffdfb000-7fb0ffdff000 r-xp 00000000 08:09 140936                     /usr/lib/x86_64-linux-gnu/libxcb-dri2.so.0.0.0
7fb0ffdff000-7fb0ffffe000 ---p 00004000 08:09 140936                     /usr/lib/x86_64-linux-gnu/libxcb-dri2.so.0.0.0
7fb0ffffe000-7fb0fffff000 r--p 00003000 08:09 140936                     /usr/lib/x86_64-linux-gnu/libxcb-dri2.so.0.0.0
7fb0fffff000-7fb100000000 rw-p 00004000 08:09 140936                     /usr/lib/x86_64-linux-gnu/libxcb-dri2.so.0.0.0
7fb100000000-7fb10010b000 rw-p 00000000 00:00 0 
7fb10010b000-7fb104000000 ---p 00000000 00:00 0 
7fb104000000-7fb105d1a000 rw-p 00000000 00:00 0 
7fb105d1a000-7fb108000000 ---p 00000000 00:00 0 
7fb108000000-7fb108021000 rw-p 00000000 00:00 0 
7fb108021000-7fb10c000000 ---p 00000000 00:00 0 
7fb10c000000-7fb10c004000 rw-s 1014c2000 00:06 268                       /dev/dri/card0
7fb10c004000-7fb10c005000 rw-s 00000000 00:05 116396                     /drm mm object (deleted)
7fb10c005000-7fb10c006000 rw-p 00000000 00:00 0 
7fb10c006000-7fb10c007000 rw-s 101300000 00:06 268                       /dev/dri/card0
7fb10c007000-7fb10c015000 rw-s 00000000 00:05 115593                     /drm mm object (deleted)
7fb10c015000-7fb10c025000 rw-s 00000000 00:05 115592                     /drm mm object (deleted)
7fb10c025000-7fb10c031000 rw-s 00000000 00:05 117971                     /drm mm object (deleted)
7fb10c031000-7fb10c06d000 r--p 00000000 08:09 1970590                    /usr/lib/jvm/jdk1.8.0_77/jre/lib/fonts/LucidaTypewriterRegular.ttf
7fb10c06d000-7fb10c081000 r--p 00000000 08:09 1970578                    /usr/lib/jvm/jdk1.8.0_77/jre/lib/fonts/LucidaBrightItalic.ttf
7fb10c081000-7fb10c0cf000 r--p 00000000 08:09 1970584                    /usr/lib/jvm/jdk1.8.0_77/jre/lib/fonts/LucidaSansDemiBold.ttf
7fb10c0cf000-7fb10c0e6000 r-xp 00000000 08:09 140940                     /usr/lib/x86_64-linux-gnu/libxcb-glx.so.0.0.0
7fb10c0e6000-7fb10c2e5000 ---p 00017000 08:09 140940                     /usr/lib/x86_64-linux-gnu/libxcb-glx.so.0.0.0
7fb10c2e5000-7fb10c2e7000 r--p 00016000 08:09 140940                     /usr/lib/x86_64-linux-gnu/libxcb-glx.so.0.0.0
7fb10c2e7000-7fb10c2e8000 rw-p 00018000 08:09 140940                     /usr/lib/x86_64-linux-gnu/libxcb-glx.so.0.0.0
7fb10c2e8000-7fb10c2e9000 r-xp 00000000 08:09 139768                     /usr/lib/x86_64-linux-gnu/libX11-xcb.so.1.0.0
7fb10c2e9000-7fb10c4e8000 ---p 00001000 08:09 139768                     /usr/lib/x86_64-linux-gnu/libX11-xcb.so.1.0.0
7fb10c4e8000-7fb10c4e9000 r--p 00000000 08:09 139768                     /usr/lib/x86_64-linux-gnu/libX11-xcb.so.1.0.0
7fb10c4e9000-7fb10c4ea000 rw-p 00001000 08:09 139768                     /usr/lib/x86_64-linux-gnu/libX11-xcb.so.1.0.0
7fb10c4ea000-7fb10c513000 r-xp 00000000 08:09 140204                     /usr/lib/x86_64-linux-gnu/libglapi.so.0.0.0
7fb10c513000-7fb10c712000 ---p 00029000 08:09 140204                     /usr/lib/x86_64-linux-gnu/libglapi.so.0.0.0
7fb10c712000-7fb10c716000 r--p 00028000 08:09 140204                     /usr/lib/x86_64-linux-gnu/libglapi.so.0.0.0
7fb10c716000-7fb10c717000 rw-p 0002c000 08:09 140204                     /usr/lib/x86_64-linux-gnu/libglapi.so.0.0.0
7fb10c717000-7fb10c718000 rw-p 00000000 00:00 0 
7fb10c718000-7fb10c784000 r-xp 00000000 08:09 2235727                    /lib/x86_64-linux-gnu/libpcre.so.3.13.1
7fb10c784000-7fb10c984000 ---p 0006c000 08:09 2235727                    /lib/x86_64-linux-gnu/libpcre.so.3.13.1
7fb10c984000-7fb10c985000 r--p 0006c000 08:09 2235727                    /lib/x86_64-linux-gnu/libpcre.so.3.13.1
7fb10c985000-7fb10c986000 rw-p 0006d000 08:09 2235727                    /lib/x86_64-linux-gnu/libpcre.so.3.13.1
7fb10c986000-7fb10c98d000 r-xp 00000000 08:09 140093                     /usr/lib/x86_64-linux-gnu/libffi.so.6.0.4
7fb10c98d000-7fb10cb8c000 ---p 00007000 08:09 140093                     /usr/lib/x86_64-linux-gnu/libffi.so.6.0.4
7fb10cb8c000-7fb10cb8d000 r--p 00006000 08:09 140093                     /usr/lib/x86_64-linux-gnu/libffi.so.6.0.4
7fb10cb8d000-7fb10cb8e000 rw-p 00007000 08:09 140093                     /usr/lib/x86_64-linux-gnu/libffi.so.6.0.4
7fb10cb8e000-7fb10cbb4000 r-xp 00000000 08:09 2232716                    /lib/x86_64-linux-gnu/libexpat.so.1.6.0
7fb10cbb4000-7fb10cdb4000 ---p 00026000 08:09 2232716                    /lib/x86_64-linux-gnu/libexpat.so.1.6.0
7fb10cdb4000-7fb10cdb6000 r--p 00026000 08:09 2232716                    /lib/x86_64-linux-gnu/libexpat.so.1.6.0
7fb10cdb6000-7fb10cdb7000 rw-p 00028000 08:09 2232716                    /lib/x86_64-linux-gnu/libexpat.so.1.6.0
7fb10cdb7000-7fb10cdbf000 r-xp 00000000 08:09 140772                     /usr/lib/x86_64-linux-gnu/libthai.so.0.2.2
7fb10cdbf000-7fb10cfbe000 ---p 00008000 08:09 140772                     /usr/lib/x86_64-linux-gnu/libthai.so.0.2.2
7fb10cfbe000-7fb10cfbf000 r--p 00007000 08:09 140772                     /usr/lib/x86_64-linux-gnu/libthai.so.0.2.2
7fb10cfbf000-7fb10cfc0000 rw-p 00008000 08:09 140772                     /usr/lib/x86_64-linux-gnu/libthai.so.0.2.2
7fb10cfc0000-7fb10cfe0000 r-xp 00000000 08:09 140968                     /usr/lib/x86_64-linux-gnu/libxcb.so.1.1.0
7fb10cfe0000-7fb10d1df000 ---p 00020000 08:09 140968                     /usr/lib/x86_64-linux-gnu/libxcb.so.1.1.0
7fb10d1df000-7fb10d1e0000 r--p 0001f000 08:09 140968                     /usr/lib/x86_64-linux-gnu/libxcb.so.1.1.0
7fb10d1e0000-7fb10d1e1000 rw-p 00020000 08:09 140968                     /usr/lib/x86_64-linux-gnu/libxcb.so.1.1.0
7fb10d1e1000-7fb10d1e9000 r-xp 00000000 08:09 140954                     /usr/lib/x86_64-linux-gnu/libxcb-render.so.0.0.0
7fb10d1e9000-7fb10d3e9000 ---p 00008000 08:09 140954                     /usr/lib/x86_64-linux-gnu/libxcb-render.so.0.0.0
7fb10d3e9000-7fb10d3ea000 r--p 00008000 08:09 140954                     /usr/lib/x86_64-linux-gnu/libxcb-render.so.0.0.0
7fb10d3ea000-7fb10d3eb000 rw-p 00009000 08:09 140954                     /usr/lib/x86_64-linux-gnu/libxcb-render.so.0.0.0
7fb10d3eb000-7fb10d3ed000 r-xp 00000000 08:09 140958                     /usr/lib/x86_64-linux-gnu/libxcb-shm.so.0.0.0
7fb10d3ed000-7fb10d5ed000 ---p 00002000 08:09 140958                     /usr/lib/x86_64-linux-gnu/libxcb-shm.so.0.0.0
7fb10d5ed000-7fb10d5ee000 r--p 00002000 08:09 140958                     /usr/lib/x86_64-linux-gnu/libxcb-shm.so.0.0.0
7fb10d5ee000-7fb10d5ef000 rw-p 00003000 08:09 140958                     /usr/lib/x86_64-linux-gnu/libxcb-shm.so.0.0.0
7fb10d5ef000-7fb10d614000 r-xp 00000000 08:09 2234100                    /lib/x86_64-linux-gnu/libpng12.so.0.51.0
7fb10d614000-7fb10d813000 ---p 00025000 08:09 2234100                    /lib/x86_64-linux-gnu/libpng12.so.0.51.0
7fb10d813000-7fb10d814000 r--p 00024000 08:09 2234100                    /lib/x86_64-linux-gnu/libpng12.so.0.51.0
7fb10d814000-7fb10d815000 rw-p 00025000 08:09 2234100                    /lib/x86_64-linux-gnu/libpng12.so.0.51.0
7fb10d815000-7fb10d8ba000 r-xp 00000000 08:09 140574                     /usr/lib/x86_64-linux-gnu/libpixman-1.so.0.32.6
7fb10d8ba000-7fb10dab9000 ---p 000a5000 08:09 140574                     /usr/lib/x86_64-linux-gnu/libpixman-1.so.0.32.6
7fb10dab9000-7fb10dac1000 r--p 000a4000 08:09 140574                     /usr/lib/x86_64-linux-gnu/libpixman-1.so.0.32.6
7fb10dac1000-7fb10dac2000 rw-p 000ac000 08:09 140574                     /usr/lib/x86_64-linux-gnu/libpixman-1.so.0.32.6
7fb10dac2000-7fb10db1e000 r-xp 00000000 08:09 140328                     /usr/lib/x86_64-linux-gnu/libharfbuzz.so.0.10000.1
7fb10db1e000-7fb10dd1e000 ---p 0005c000 08:09 140328                     /usr/lib/x86_64-linux-gnu/libharfbuzz.so.0.10000.1
7fb10dd1e000-7fb10dd1f000 r--p 0005c000 08:09 140328                     /usr/lib/x86_64-linux-gnu/libharfbuzz.so.0.10000.1
7fb10dd1f000-7fb10dd20000 rw-p 0005d000 08:09 140328                     /usr/lib/x86_64-linux-gnu/libharfbuzz.so.0.10000.1
7fb10dd20000-7fb10dd37000 r-xp 00000000 08:09 2235427                    /lib/x86_64-linux-gnu/libresolv-2.21.so
7fb10dd37000-7fb10df37000 ---p 00017000 08:09 2235427                    /lib/x86_64-linux-gnu/libresolv-2.21.so
7fb10df37000-7fb10df38000 r--p 00017000 08:09 2235427                    /lib/x86_64-linux-gnu/libresolv-2.21.so
7fb10df38000-7fb10df39000 rw-p 00018000 08:09 2235427                    /lib/x86_64-linux-gnu/libresolv-2.21.so
7fb10df39000-7fb10df3b000 rw-p 00000000 00:00 0 
7fb10df3b000-7fb10df5c000 r-xp 00000000 08:09 2232838                    /lib/x86_64-linux-gnu/libselinux.so.1
7fb10df5c000-7fb10e15b000 ---p 00021000 08:09 2232838                    /lib/x86_64-linux-gnu/libselinux.so.1
7fb10e15b000-7fb10e15c000 r--p 00020000 08:09 2232838                    /lib/x86_64-linux-gnu/libselinux.so.1
7fb10e15c000-7fb10e15d000 rw-p 00021000 08:09 2232838                    /lib/x86_64-linux-gnu/libselinux.so.1
7fb10e15d000-7fb10e15f000 rw-p 00000000 00:00 0 
7fb10e15f000-7fb10e178000 r-xp 00000000 08:09 2232869                    /lib/x86_64-linux-gnu/libz.so.1.2.8
7fb10e178000-7fb10e377000 ---p 00019000 08:09 2232869                    /lib/x86_64-linux-gnu/libz.so.1.2.8
7fb10e377000-7fb10e378000 r--p 00018000 08:09 2232869                    /lib/x86_64-linux-gnu/libz.so.1.2.8
7fb10e378000-7fb10e379000 rw-p 00019000 08:09 2232869                    /lib/x86_64-linux-gnu/libz.so.1.2.8
7fb10e379000-7fb10e38a000 r-xp 00000000 08:09 139787                     /usr/lib/x86_64-linux-gnu/libXext.so.6.4.0
7fb10e38a000-7fb10e589000 ---p 00011000 08:09 139787                     /usr/lib/x86_64-linux-gnu/libXext.so.6.4.0
7fb10e589000-7fb10e58a000 r--p 00010000 08:09 139787                     /usr/lib/x86_64-linux-gnu/libXext.so.6.4.0
7fb10e58a000-7fb10e58b000 rw-p 00011000 08:09 139787                     /usr/lib/x86_64-linux-gnu/libXext.so.6.4.0
7fb10e58b000-7fb10e58d000 r-xp 00000000 08:09 139783                     /usr/lib/x86_64-linux-gnu/libXdamage.so.1.1.0
7fb10e58d000-7fb10e78c000 ---p 00002000 08:09 139783                     /usr/lib/x86_64-linux-gnu/libXdamage.so.1.1.0
7fb10e78c000-7fb10e78d000 r--p 00001000 08:09 139783                     /usr/lib/x86_64-linux-gnu/libXdamage.so.1.1.0
7fb10e78d000-7fb10e78e000 rw-p 00002000 08:09 139783                     /usr/lib/x86_64-linux-gnu/libXdamage.so.1.1.0
7fb10e78e000-7fb10e790000 r-xp 00000000 08:09 139779                     /usr/lib/x86_64-linux-gnu/libXcomposite.so.1.0.0
7fb10e790000-7fb10e98f000 ---p 00002000 08:09 139779                     /usr/lib/x86_64-linux-gnu/libXcomposite.so.1.0.0
7fb10e98f000-7fb10e990000 r--p 00001000 08:09 139779                     /usr/lib/x86_64-linux-gnu/libXcomposite.so.1.0.0
7fb10e990000-7fb10e991000 rw-p 00002000 08:09 139779                     /usr/lib/x86_64-linux-gnu/libXcomposite.so.1.0.0
7fb10e991000-7fb10e99a000 r-xp 00000000 08:09 139781                     /usr/lib/x86_64-linux-gnu/libXcursor.so.1.0.2
7fb10e99a000-7fb10eb99000 ---p 00009000 08:09 139781                     /usr/lib/x86_64-linux-gnu/libXcursor.so.1.0.2
7fb10eb99000-7fb10eb9a000 r--p 00008000 08:09 139781                     /usr/lib/x86_64-linux-gnu/libXcursor.so.1.0.2
7fb10eb9a000-7fb10eb9b000 rw-p 00009000 08:09 139781                     /usr/lib/x86_64-linux-gnu/libXcursor.so.1.0.2
7fb10eb9b000-7fb10eba5000 r-xp 00000000 08:09 139805                     /usr/lib/x86_64-linux-gnu/libXrandr.so.2.2.0
7fb10eba5000-7fb10eda4000 ---p 0000a000 08:09 139805                     /usr/lib/x86_64-linux-gnu/libXrandr.so.2.2.0
7fb10eda4000-7fb10eda5000 r--p 00009000 08:09 139805                     /usr/lib/x86_64-linux-gnu/libXrandr.so.2.2.0
7fb10eda5000-7fb10eda6000 rw-p 0000a000 08:09 139805                     /usr/lib/x86_64-linux-gnu/libXrandr.so.2.2.0
7fb10eda6000-7fb10edb5000 r-xp 00000000 08:09 139795                     /usr/lib/x86_64-linux-gnu/libXi.so.6.1.0
7fb10edb5000-7fb10efb4000 ---p 0000f000 08:09 139795                     /usr/lib/x86_64-linux-gnu/libXi.so.6.1.0
7fb10efb4000-7fb10efb5000 r--p 0000e000 08:09 139795                     /usr/lib/x86_64-linux-gnu/libXi.so.6.1.0
7fb10efb5000-7fb10efb6000 rw-p 0000f000 08:09 139795                     /usr/lib/x86_64-linux-gnu/libXi.so.6.1.0
7fb10efb6000-7fb10efb8000 r-xp 00000000 08:09 139797                     /usr/lib/x86_64-linux-gnu/libXinerama.so.1.0.0
7fb10efb8000-7fb10f1b7000 ---p 00002000 08:09 139797                     /usr/lib/x86_64-linux-gnu/libXinerama.so.1.0.0
7fb10f1b7000-7fb10f1b8000 r--p 00001000 08:09 139797                     /usr/lib/x86_64-linux-gnu/libXinerama.so.1.0.0
7fb10f1b8000-7fb10f1b9000 rw-p 00002000 08:09 139797                     /usr/lib/x86_64-linux-gnu/libXinerama.so.1.0.0
7fb10f1b9000-7fb10f1c2000 r-xp 00000000 08:09 139807                     /usr/lib/x86_64-linux-gnu/libXrender.so.1.3.0
7fb10f1c2000-7fb10f3c1000 ---p 00009000 08:09 139807                     /usr/lib/x86_64-linux-gnu/libXrender.so.1.3.0
7fb10f3c1000-7fb10f3c2000 r--p 00008000 08:09 139807                     /usr/lib/x86_64-linux-gnu/libXrender.so.1.3.0
7fb10f3c2000-7fb10f3c3000 rw-p 00009000 08:09 139807                     /usr/lib/x86_64-linux-gnu/libXrender.so.1.3.0
7fb10f3c3000-7fb10f3c8000 r-xp 00000000 08:09 139789                     /usr/lib/x86_64-linux-gnu/libXfixes.so.3.1.0
7fb10f3c8000-7fb10f5c7000 ---p 00005000 08:09 139789                     /usr/lib/x86_64-linux-gnu/libXfixes.so.3.1.0
7fb10f5c7000-7fb10f5c8000 r--p 00004000 08:09 139789                     /usr/lib/x86_64-linux-gnu/libXfixes.so.3.1.0
7fb10f5c8000-7fb10f5c9000 rw-p 00005000 08:09 139789                     /usr/lib/x86_64-linux-gnu/libXfixes.so.3.1.0
7fb10f5c9000-7fb10f5df000 r-xp 00000000 08:09 2232723                    /lib/x86_64-linux-gnu/libgcc_s.so.1
7fb10f5df000-7fb10f7de000 ---p 00016000 08:09 2232723                    /lib/x86_64-linux-gnu/libgcc_s.so.1
7fb10f7de000-7fb10f7df000 r--p 00015000 08:09 2232723                    /lib/x86_64-linux-gnu/libgcc_s.so.1
7fb10f7df000-7fb10f7e0000 rw-p 00016000 08:09 2232723                    /lib/x86_64-linux-gnu/libgcc_s.so.1
7fb10f7e0000-7fb10f953000 r-xp 00000000 08:09 140750                     /usr/lib/x86_64-linux-gnu/libstdc++.so.6.0.21
7fb10f953000-7fb10fb52000 ---p 00173000 08:09 140750                     /usr/lib/x86_64-linux-gnu/libstdc++.so.6.0.21
7fb10fb52000-7fb10fb5c000 r--p 00172000 08:09 140750                     /usr/lib/x86_64-linux-gnu/libstdc++.so.6.0.21
7fb10fb5c000-7fb10fb5e000 rw-p 0017c000 08:09 140750                     /usr/lib/x86_64-linux-gnu/libstdc++.so.6.0.21
7fb10fb5e000-7fb10fb62000 rw-p 00000000 00:00 0 
7fb10fb62000-7fb10fbf6000 r-xp 00000000 08:09 526163                     /usr/lib/x86_64-linux-gnu/mesa/libGL.so.1.2.0
7fb10fbf6000-7fb10fdf5000 ---p 00094000 08:09 526163                     /usr/lib/x86_64-linux-gnu/mesa/libGL.so.1.2.0
7fb10fdf5000-7fb10fdf8000 r--p 00093000 08:09 526163                     /usr/lib/x86_64-linux-gnu/mesa/libGL.so.1.2.0
7fb10fdf8000-7fb10fdf9000 rw-p 00096000 08:09 526163                     /usr/lib/x86_64-linux-gnu/mesa/libGL.so.1.2.0
7fb10fdf9000-7fb10fdfa000 rw-p 00000000 00:00 0 
7fb10fdfa000-7fb10fdff000 r-xp 00000000 08:09 139823                     /usr/lib/x86_64-linux-gnu/libXxf86vm.so.1.0.0
7fb10fdff000-7fb10fffe000 ---p 00005000 08:09 139823                     /usr/lib/x86_64-linux-gnu/libXxf86vm.so.1.0.0
7fb10fffe000-7fb10ffff000 r--p 00004000 08:09 139823                     /usr/lib/x86_64-linux-gnu/libXxf86vm.so.1.0.0
7fb10ffff000-7fb110000000 rw-p 00005000 08:09 139823                     /usr/lib/x86_64-linux-gnu/libXxf86vm.so.1.0.0
7fb110000000-7fb110021000 rw-p 00000000 00:00 0 
7fb110021000-7fb114000000 ---p 00000000 00:00 0 
7fb114000000-7fb114026000 rw-p 00000000 00:00 0 
7fb114026000-7fb118000000 ---p 00000000 00:00 0 
7fb118000000-7fb118889000 rw-p 00000000 00:00 0 
7fb118889000-7fb11c000000 ---p 00000000 00:00 0 
7fb11c000000-7fb11c4ee000 rw-p 00000000 00:00 0 
7fb11c4ee000-7fb120000000 ---p 00000000 00:00 0 
7fb120000000-7fb12081e000 rw-p 00000000 00:00 0 
7fb12081e000-7fb124000000 ---p 00000000 00:00 0 
7fb124000000-7fb124013000 r--p 00000000 08:09 1970588                    /usr/lib/jvm/jdk1.8.0_77/jre/lib/fonts/LucidaBrightDemiItalic.ttf
7fb124013000-7fb12404d000 r--p 00000000 08:09 1970592                    /usr/lib/jvm/jdk1.8.0_77/jre/lib/fonts/LucidaTypewriterBold.ttf
7fb12404d000-7fb124060000 r--p 00000000 08:09 1970594                    /usr/lib/jvm/jdk1.8.0_77/jre/lib/fonts/LucidaBrightDemiBold.ttf
7fb124060000-7fb124065000 r--s 00084000 08:09 1970554                    /usr/lib/jvm/jdk1.8.0_77/jre/lib/jfr.jar
7fb124065000-7fb12406f000 r--s 00116000 08:09 1970867                    /usr/lib/jvm/jdk1.8.0_77/jre/lib/ext/localedata.jar
7fb12406f000-7fb12407a000 r--s 00000000 08:09 3670106                    /var/cache/fontconfig/945677eb7aeaf62f1d50efc3fb3ec7d8-le64.cache-4
7fb12407a000-7fb124080000 r--s 00000000 08:09 3670091                    /var/cache/fontconfig/2cd17615ca594fa2959ae173292e504c-le64.cache-4
7fb124080000-7fb124081000 r--s 00000000 08:09 3670088                    /var/cache/fontconfig/0d8c3b2ac0904cb8a57a757ad11a4a08-le64.cache-4
7fb124081000-7fb124088000 r--s 00000000 08:09 3670110                    /var/cache/fontconfig/a755afe4a08bf5b97852ceb7400b47bc-le64.cache-4
7fb124088000-7fb12408c000 r--s 00000000 08:09 3678131                    /var/cache/fontconfig/de156ccd2eddbdc19d37a45b8b2aac9c-le64.cache-4
7fb12408c000-7fb12408d000 r--s 00000000 08:09 3670109                    /var/cache/fontconfig/a6354e3ac43af67bd8d7b8e43c34e49f-le64.cache-4
7fb12408d000-7fb1240a3000 r--s 00000000 08:09 3670086                    /var/cache/fontconfig/04aabc0a78ac019cf9454389977116d2-le64.cache-4
7fb1240a3000-7fb1240a4000 r--s 00000000 08:09 3670090                    /var/cache/fontconfig/1ac9eb803944fde146138c791f5cc56a-le64.cache-4
7fb1240a4000-7fb1240a8000 r--s 00000000 08:09 3670094                    /var/cache/fontconfig/385c0604a188198f04d133e54aba7fe7-le64.cache-4
7fb1240a8000-7fb1240a9000 r--s 00000000 08:09 3670120                    /var/cache/fontconfig/dc05db6664285cc2f12bf69c139ae4c3-le64.cache-4
7fb1240a9000-7fb1240ab000 r--s 00000000 08:09 3670103                    /var/cache/fontconfig/767a8244fc0220cfb567a839d0392e0b-le64.cache-4
7fb1240ab000-7fb1240b0000 r--s 00000000 08:09 3670105                    /var/cache/fontconfig/8801497958630a81b71ace7c5f9b32a8-le64.cache-4
7fb1240b0000-7fb1240b7000 r--s 00000000 08:09 3670092                    /var/cache/fontconfig/3047814df9a2f067bd2d96a2b9c36e5a-le64.cache-4
7fb1240b7000-7fb1240bd000 r--s 00000000 08:09 3670111                    /var/cache/fontconfig/b47c4e1ecd0709278f4910c18777a504-le64.cache-4
7fb1240bd000-7fb1240d0000 r--s 00000000 08:09 3670117                    /var/cache/fontconfig/d52a8644073d54c13679302ca1180695-le64.cache-4
7fb1240d0000-7fb1240da000 r--s 00000000 08:09 3670095                    /var/cache/fontconfig/3f7329c5293ffd510edef78f73874cfd-le64.cache-4
7fb1240da000-7fb1240e5000 r--s 00000000 08:09 3679712                    /var/cache/fontconfig/d589a48862398ed80a3d6066f4f56f4c-le64.cache-4
7fb1240e5000-7fb124132000 r--p 00000000 08:09 666342                     /usr/share/glib-2.0/schemas/gschemas.compiled
7fb124132000-7fb12414b000 r--p 00000000 08:09 2362768                    /usr/share/locale-langpack/pt/LC_MESSAGES/glib20.mo
7fb12414b000-7fb124164000 r--p 00000000 08:09 2233771                    /usr/share/locale-langpack/pt_BR/LC_MESSAGES/glib20.mo
7fb124164000-7fb124299000 r-xp 00000000 08:09 139770                     /usr/lib/x86_64-linux-gnu/libX11.so.6.3.0
7fb124299000-7fb124499000 ---p 00135000 08:09 139770                     /usr/lib/x86_64-linux-gnu/libX11.so.6.3.0
7fb124499000-7fb12449a000 r--p 00135000 08:09 139770                     /usr/lib/x86_64-linux-gnu/libX11.so.6.3.0
7fb12449a000-7fb12449e000 rw-p 00136000 08:09 139770                     /usr/lib/x86_64-linux-gnu/libX11.so.6.3.0
7fb12449e000-7fb1244a3000 r-xp 00000000 08:09 139813                     /usr/lib/x86_64-linux-gnu/libXtst.so.6.1.0
7fb1244a3000-7fb1246a2000 ---p 00005000 08:09 139813                     /usr/lib/x86_64-linux-gnu/libXtst.so.6.1.0
7fb1246a2000-7fb1246a3000 r--p 00004000 08:09 139813                     /usr/lib/x86_64-linux-gnu/libXtst.so.6.1.0
7fb1246a3000-7fb1246a4000 rw-p 00005000 08:09 139813                     /usr/lib/x86_64-linux-gnu/libXtst.so.6.1.0
7fb1246a4000-7fb1247b1000 r-xp 00000000 08:09 2229451                    /lib/x86_64-linux-gnu/libglib-2.0.so.0.4600.2
7fb1247b1000-7fb1249b0000 ---p 0010d000 08:09 2229451                    /lib/x86_64-linux-gnu/libglib-2.0.so.0.4600.2
7fb1249b0000-7fb1249b1000 r--p 0010c000 08:09 2229451                    /lib/x86_64-linux-gnu/libglib-2.0.so.0.4600.2
7fb1249b1000-7fb1249b2000 rw-p 0010d000 08:09 2229451                    /lib/x86_64-linux-gnu/libglib-2.0.so.0.4600.2
7fb1249b2000-7fb1249b3000 rw-p 00000000 00:00 0 
7fb1249b3000-7fb1249b4000 r-xp 00000000 08:09 131453                     /usr/lib/x86_64-linux-gnu/libgthread-2.0.so.0.4600.2
7fb1249b4000-7fb124bb3000 ---p 00001000 08:09 131453                     /usr/lib/x86_64-linux-gnu/libgthread-2.0.so.0.4600.2
7fb124bb3000-7fb124bb4000 r--p 00000000 08:09 131453                     /usr/lib/x86_64-linux-gnu/libgthread-2.0.so.0.4600.2
7fb124bb4000-7fb124bb5000 rw-p 00001000 08:09 131453                     /usr/lib/x86_64-linux-gnu/libgthread-2.0.so.0.4600.2
7fb124bb5000-7fb124bb8000 r-xp 00000000 08:09 131495                     /usr/lib/x86_64-linux-gnu/libgmodule-2.0.so.0.4600.2
7fb124bb8000-7fb124db7000 ---p 00003000 08:09 131495                     /usr/lib/x86_64-linux-gnu/libgmodule-2.0.so.0.4600.2
7fb124db7000-7fb124db8000 r--p 00002000 08:09 131495                     /usr/lib/x86_64-linux-gnu/libgmodule-2.0.so.0.4600.2
7fb124db8000-7fb124db9000 rw-p 00003000 08:09 131495                     /usr/lib/x86_64-linux-gnu/libgmodule-2.0.so.0.4600.2
7fb124db9000-7fb124e0b000 r-xp 00000000 08:09 131498                     /usr/lib/x86_64-linux-gnu/libgobject-2.0.so.0.4600.2
7fb124e0b000-7fb12500a000 ---p 00052000 08:09 131498                     /usr/lib/x86_64-linux-gnu/libgobject-2.0.so.0.4600.2
7fb12500a000-7fb12500b000 r--p 00051000 08:09 131498                     /usr/lib/x86_64-linux-gnu/libgobject-2.0.so.0.4600.2
7fb12500b000-7fb12500c000 rw-p 00052000 08:09 131498                     /usr/lib/x86_64-linux-gnu/libgobject-2.0.so.0.4600.2
7fb12500c000-7fb125048000 r-xp 00000000 08:09 140107                     /usr/lib/x86_64-linux-gnu/libfontconfig.so.1.8.0
7fb125048000-7fb125247000 ---p 0003c000 08:09 140107                     /usr/lib/x86_64-linux-gnu/libfontconfig.so.1.8.0
7fb125247000-7fb125249000 r--p 0003b000 08:09 140107                     /usr/lib/x86_64-linux-gnu/libfontconfig.so.1.8.0
7fb125249000-7fb12524a000 rw-p 0003d000 08:09 140107                     /usr/lib/x86_64-linux-gnu/libfontconfig.so.1.8.0
7fb12524a000-7fb1252ea000 r-xp 00000000 08:09 140139                     /usr/lib/x86_64-linux-gnu/libfreetype.so.6.11.1
7fb1252ea000-7fb1254e9000 ---p 000a0000 08:09 140139                     /usr/lib/x86_64-linux-gnu/libfreetype.so.6.11.1
7fb1254e9000-7fb1254ef000 r--p 0009f000 08:09 140139                     /usr/lib/x86_64-linux-gnu/libfreetype.so.6.11.1
7fb1254ef000-7fb1254f0000 rw-p 000a5000 08:09 140139                     /usr/lib/x86_64-linux-gnu/libfreetype.so.6.11.1
7fb1254f0000-7fb12553b000 r-xp 00000000 08:09 140547                     /usr/lib/x86_64-linux-gnu/libpango-1.0.so.0.3600.8
7fb12553b000-7fb12573b000 ---p 0004b000 08:09 140547                     /usr/lib/x86_64-linux-gnu/libpango-1.0.so.0.3600.8
7fb12573b000-7fb12573d000 r--p 0004b000 08:09 140547                     /usr/lib/x86_64-linux-gnu/libpango-1.0.so.0.3600.8
7fb12573d000-7fb12573e000 rw-p 0004d000 08:09 140547                     /usr/lib/x86_64-linux-gnu/libpango-1.0.so.0.3600.8
7fb12573e000-7fb12584c000 r-xp 00000000 08:09 139919                     /usr/lib/x86_64-linux-gnu/libcairo.so.2.11400.2
7fb12584c000-7fb125a4b000 ---p 0010e000 08:09 139919                     /usr/lib/x86_64-linux-gnu/libcairo.so.2.11400.2
7fb125a4b000-7fb125a4e000 r--p 0010d000 08:09 139919                     /usr/lib/x86_64-linux-gnu/libcairo.so.2.11400.2
7fb125a4e000-7fb125a4f000 rw-p 00110000 08:09 139919                     /usr/lib/x86_64-linux-gnu/libcairo.so.2.11400.2
7fb125a4f000-7fb125a51000 rw-p 00000000 00:00 0 
7fb125a51000-7fb125a5d000 r-xp 00000000 08:09 140549                     /usr/lib/x86_64-linux-gnu/libpangocairo-1.0.so.0.3600.8
7fb125a5d000-7fb125c5c000 ---p 0000c000 08:09 140549                     /usr/lib/x86_64-linux-gnu/libpangocairo-1.0.so.0.3600.8
7fb125c5c000-7fb125c5d000 r--p 0000b000 08:09 140549                     /usr/lib/x86_64-linux-gnu/libpangocairo-1.0.so.0.3600.8
7fb125c5d000-7fb125c5e000 rw-p 0000c000 08:09 140549                     /usr/lib/x86_64-linux-gnu/libpangocairo-1.0.so.0.3600.8
7fb125c5e000-7fb125c7f000 r-xp 00000000 08:09 140174                     /usr/lib/x86_64-linux-gnu/libgdk_pixbuf-2.0.so.0.3200.1
7fb125c7f000-7fb125e7e000 ---p 00021000 08:09 140174                     /usr/lib/x86_64-linux-gnu/libgdk_pixbuf-2.0.so.0.3200.1
7fb125e7e000-7fb125e7f000 r--p 00020000 08:09 140174                     /usr/lib/x86_64-linux-gnu/libgdk_pixbuf-2.0.so.0.3200.1
7fb125e7f000-7fb125e80000 rw-p 00021000 08:09 140174                     /usr/lib/x86_64-linux-gnu/libgdk_pixbuf-2.0.so.0.3200.1
7fb125e80000-7fb125e94000 r-xp 00000000 08:09 140551                     /usr/lib/x86_64-linux-gnu/libpangoft2-1.0.so.0.3600.8
7fb125e94000-7fb126094000 ---p 00014000 08:09 140551                     /usr/lib/x86_64-linux-gnu/libpangoft2-1.0.so.0.3600.8
7fb126094000-7fb126095000 r--p 00014000 08:09 140551                     /usr/lib/x86_64-linux-gnu/libpangoft2-1.0.so.0.3600.8
7fb126095000-7fb126096000 rw-p 00015000 08:09 140551                     /usr/lib/x86_64-linux-gnu/libpangoft2-1.0.so.0.3600.8
7fb126096000-7fb126210000 r-xp 00000000 08:09 131477                     /usr/lib/x86_64-linux-gnu/libgio-2.0.so.0.4600.2
7fb126210000-7fb12640f000 ---p 0017a000 08:09 131477                     /usr/lib/x86_64-linux-gnu/libgio-2.0.so.0.4600.2
7fb12640f000-7fb126413000 r--p 00179000 08:09 131477                     /usr/lib/x86_64-linux-gnu/libgio-2.0.so.0.4600.2
7fb126413000-7fb126415000 rw-p 0017d000 08:09 131477                     /usr/lib/x86_64-linux-gnu/libgio-2.0.so.0.4600.2
7fb126415000-7fb126417000 rw-p 00000000 00:00 0 
7fb126417000-7fb126439000 r-xp 00000000 08:09 139864                     /usr/lib/x86_64-linux-gnu/libatk-1.0.so.0.21609.1
7fb126439000-7fb126638000 ---p 00022000 08:09 139864                     /usr/lib/x86_64-linux-gnu/libatk-1.0.so.0.21609.1
7fb126638000-7fb12663b000 r--p 00021000 08:09 139864                     /usr/lib/x86_64-linux-gnu/libatk-1.0.so.0.21609.1
7fb12663b000-7fb12663c000 rw-p 00024000 08:09 139864                     /usr/lib/x86_64-linux-gnu/libatk-1.0.so.0.21609.1
7fb12663c000-7fb1266ec000 r-xp 00000000 08:09 134587                     /usr/lib/x86_64-linux-gnu/libgdk-x11-2.0.so.0.2400.28
7fb1266ec000-7fb1268eb000 ---p 000b0000 08:09 134587                     /usr/lib/x86_64-linux-gnu/libgdk-x11-2.0.so.0.2400.28
7fb1268eb000-7fb1268ef000 r--p 000af000 08:09 134587                     /usr/lib/x86_64-linux-gnu/libgdk-x11-2.0.so.0.2400.28
7fb1268ef000-7fb1268f1000 rw-p 000b3000 08:09 134587                     /usr/lib/x86_64-linux-gnu/libgdk-x11-2.0.so.0.2400.28
7fb1268f1000-7fb126d2f000 r-xp 00000000 08:09 134588                     /usr/lib/x86_64-linux-gnu/libgtk-x11-2.0.so.0.2400.28
7fb126d2f000-7fb126f2f000 ---p 0043e000 08:09 134588                     /usr/lib/x86_64-linux-gnu/libgtk-x11-2.0.so.0.2400.28
7fb126f2f000-7fb126f36000 r--p 0043e000 08:09 134588                     /usr/lib/x86_64-linux-gnu/libgtk-x11-2.0.so.0.2400.28
7fb126f36000-7fb126f3a000 rw-p 00445000 08:09 134588                     /usr/lib/x86_64-linux-gnu/libgtk-x11-2.0.so.0.2400.28
7fb126f3a000-7fb126f3d000 rw-p 00000000 00:00 0 
7fb126f3d000-7fb126f49000 r-xp 00000000 08:09 2106643                    /usr/lib/jvm/jdk1.8.0_77/jre/lib/amd64/libprism_es2.so
7fb126f49000-7fb127148000 ---p 0000c000 08:09 2106643                    /usr/lib/jvm/jdk1.8.0_77/jre/lib/amd64/libprism_es2.so
7fb127148000-7fb127149000 rw-p 0000b000 08:09 2106643                    /usr/lib/jvm/jdk1.8.0_77/jre/lib/amd64/libprism_es2.so
7fb127149000-7fb12714c000 ---p 00000000 00:00 0 
7fb12714c000-7fb12724a000 rw-p 00000000 00:00 0                          [stack:7963]
7fb12724a000-7fb12724d000 ---p 00000000 00:00 0 
7fb12724d000-7fb12764c000 rw-p 00000000 00:00 0                          [stack:7962]
7fb12764c000-7fb127662000 r-xp 00000000 08:09 2106639                    /usr/lib/jvm/jdk1.8.0_77/jre/lib/amd64/libnet.so
7fb127662000-7fb127862000 ---p 00016000 08:09 2106639                    /usr/lib/jvm/jdk1.8.0_77/jre/lib/amd64/libnet.so
7fb127862000-7fb127863000 rw-p 00016000 08:09 2106639                    /usr/lib/jvm/jdk1.8.0_77/jre/lib/amd64/libnet.so
7fb127863000-7fb1278f9000 r--s 01102000 08:09 1970855                    /usr/lib/jvm/jdk1.8.0_77/jre/lib/ext/jfxrt.jar
7fb1278f9000-7fb1278fc000 ---p 00000000 00:00 0 
7fb1278fc000-7fb1279fa000 rw-p 00000000 00:00 0                          [stack:7952]
7fb1279fa000-7fb1279fb000 r-xp 00000000 08:09 1974632                    /home/herbeton/rea de Trabalho/idea-IU-143.1821.5/bin/libbreakgen64.so
7fb1279fb000-7fb127bfa000 ---p 00001000 08:09 1974632                    /home/herbeton/rea de Trabalho/idea-IU-143.1821.5/bin/libbreakgen64.so
7fb127bfa000-7fb127bfb000 r--p 00000000 08:09 1974632                    /home/herbeton/rea de Trabalho/idea-IU-143.1821.5/bin/libbreakgen64.so
7fb127bfb000-7fb127bfc000 rw-p 00001000 08:09 1974632                    /home/herbeton/rea de Trabalho/idea-IU-143.1821.5/bin/libbreakgen64.so
7fb127bfc000-7fb127bfd000 ---p 00000000 00:00 0 
7fb127bfd000-7fb127cfd000 rw-p 00000000 00:00 0                          [stack:7945]
7fb127cfd000-7fb127d00000 ---p 00000000 00:00 0 
7fb127d00000-7fb127dfe000 rw-p 00000000 00:00 0                          [stack:7944]
7fb127dfe000-7fb127e01000 ---p 00000000 00:00 0 
7fb127e01000-7fb127eff000 rw-p 00000000 00:00 0                          [stack:7943]
7fb127eff000-7fb127f02000 ---p 00000000 00:00 0 
7fb127f02000-7fb128000000 rw-p 00000000 00:00 0                          [stack:7942]
7fb128000000-7fb128021000 rw-p 00000000 00:00 0 
7fb128021000-7fb12c000000 ---p 00000000 00:00 0 
7fb12c000000-7fb12c021000 rw-p 00000000 00:00 0 
7fb12c021000-7fb130000000 ---p 00000000 00:00 0 
7fb130000000-7fb130021000 rw-p 00000000 00:00 0 
7fb130021000-7fb134000000 ---p 00000000 00:00 0 
7fb134000000-7fb134021000 rw-p 00000000 00:00 0 
7fb134021000-7fb138000000 ---p 00000000 00:00 0 
7fb138000000-7fb138021000 rw-p 00000000 00:00 0 
7fb138021000-7fb13c000000 ---p 00000000 00:00 0 
7fb13c000000-7fb13c021000 rw-p 00000000 00:00 0 
7fb13c021000-7fb140000000 ---p 00000000 00:00 0 
7fb140000000-7fb140021000 rw-p 00000000 00:00 0 
7fb140021000-7fb144000000 ---p 00000000 00:00 0 
7fb144000000-7fb144001000 r--s 00000000 08:09 3678136                    /var/cache/fontconfig/4794a0821666d79190d59a36cb4f44b5-le64.cache-4
7fb144001000-7fb144002000 r--s 00000000 08:09 3670113                    /var/cache/fontconfig/bab58bb527bb656aaa9f116d68a48d89-le64.cache-4
7fb144002000-7fb144003000 r--s 00000000 08:09 3670099                    /var/cache/fontconfig/56cf4f4769d0f4abc89a4895d7bd3ae1-le64.cache-4
7fb144003000-7fb144004000 r--s 00000000 08:09 3670112                    /var/cache/fontconfig/b9d506c9ac06c20b433354fa67a72993-le64.cache-4
7fb144004000-7fb144005000 r--s 00000000 08:09 3670098                    /var/cache/fontconfig/551ecf3b0e8b0bca0f25c0944f561853-le64.cache-4
7fb144005000-7fb14402e000 r--p 00000000 08:09 2361737                    /usr/share/locale-langpack/pt/LC_MESSAGES/gtk20-properties.mo
7fb14402e000-7fb144057000 r--p 00000000 08:09 2233701                    /usr/share/locale-langpack/pt_BR/LC_MESSAGES/gtk20-properties.mo
7fb144057000-7fb144071000 r--p 00000000 08:09 2362952                    /usr/share/locale-langpack/pt/LC_MESSAGES/libc.mo
7fb144071000-7fb144074000 ---p 00000000 00:00 0 
7fb144074000-7fb144172000 rw-p 00000000 00:00 0                          [stack:7941]
7fb144172000-7fb144175000 ---p 00000000 00:00 0 
7fb144175000-7fb144273000 rw-p 00000000 00:00 0                          [stack:7940]
7fb144273000-7fb144957000 r--p 00000000 08:09 138579                     /usr/lib/locale/locale-archive
7fb144957000-7fb14495a000 ---p 00000000 00:00 0 
7fb14495a000-7fb144a58000 rw-p 00000000 00:00 0                          [stack:7939]
7fb144a58000-7fb144a5b000 ---p 00000000 00:00 0 
7fb144a5b000-7fb144b59000 rw-p 00000000 00:00 0                          [stack:7938]
7fb144b59000-7fb144b5a000 ---p 00000000 00:00 0 
7fb144b5a000-7fb148000000 rw-p 00000000 00:00 0                          [stack:7937]
7fb148000000-7fb148021000 rw-p 00000000 00:00 0 
7fb148021000-7fb14c000000 ---p 00000000 00:00 0 
7fb14c000000-7fb14c003000 r--s 00000000 08:09 3671147                    /var/cache/fontconfig/e13b20fdb08344e0e664864cc2ede53d-le64.cache-4
7fb14c003000-7fb14c007000 r--s 00000000 08:09 3678137                    /var/cache/fontconfig/7ef2298fde41cc6eeb7af42e48b7d293-le64.cache-4
7fb14c007000-7fb14c00f000 rw-s 00000000 00:05 117970                     /drm mm object (deleted)
7fb14c00f000-7fb14c017000 rw-s 00000000 00:05 117962                     /drm mm object (deleted)
7fb14c017000-7fb14c039000 r--p 00000000 08:09 2233949                    /usr/share/locale-langpack/pt_BR/LC_MESSAGES/libc.mo
7fb14c039000-7fb14c056000 r-xp 00000000 08:09 2238266                    /lib/x86_64-linux-gnu/libudev.so.1.6.4
7fb14c056000-7fb14c057000 r--p 0001c000 08:09 2238266                    /lib/x86_64-linux-gnu/libudev.so.1.6.4
7fb14c057000-7fb14c058000 rw-p 0001d000 08:09 2238266                    /lib/x86_64-linux-gnu/libudev.so.1.6.4
7fb14c058000-7fb14c067000 r--p 00000000 08:09 2233724                    /usr/share/locale-langpack/pt_BR/LC_MESSAGES/gtk20.mo
7fb14c067000-7fb14c06f000 rw-s 00000000 00:05 117003                     /drm mm object (deleted)
7fb14c06f000-7fb14c077000 rw-s 00000000 00:05 116999                     /drm mm object (deleted)
7fb14c077000-7fb14c089000 r--s 00345000 08:09 1970817                    /usr/lib/jvm/jdk1.8.0_77/jre/lib/resources.jar
7fb14c089000-7fb14c09c000 r--s 000d6000 08:09 1970604                    /usr/lib/jvm/jdk1.8.0_77/jre/lib/plugin.jar
7fb14c09c000-7fb14c0b7000 r--s 00208000 08:09 1970556                    /usr/lib/jvm/jdk1.8.0_77/jre/lib/deploy.jar
7fb14c0b7000-7fb14d000000 rw-p 00000000 00:00 0 
7fb14d000000-7fb14d9b0000 rwxp 00000000 00:00 0 
7fb14d9b0000-7fb15c000000 ---p 00000000 00:00 0 
7fb15c000000-7fb15c233000 rw-p 00000000 00:00 0 
7fb15c233000-7fb160000000 ---p 00000000 00:00 0 
7fb160000000-7fb160001000 r--s 00000000 08:09 3670087                    /var/cache/fontconfig/0c9eb80ebd1c36541ebe2852d3bb0c49-le64.cache-4
7fb160001000-7fb160007000 r--p 00000000 08:09 791127                     /home/herbeton/.config/dconf/user
7fb160007000-7fb16000e000 r--s 00000000 08:09 531431                     /usr/lib/x86_64-linux-gnu/gconv/gconv-modules.cache
7fb16000e000-7fb1602a1000 rw-p 00000000 00:00 0 
7fb1602a1000-7fb160479000 r--s 03d1e000 08:09 1970737                    /usr/lib/jvm/jdk1.8.0_77/jre/lib/rt.jar
7fb160479000-7fb1607c9000 rw-p 00000000 00:00 0 
7fb1607c9000-7fb1607ca000 ---p 00000000 00:00 0 
7fb1607ca000-7fb1608ca000 rw-p 00000000 00:00 0                          [stack:7936]
7fb1608ca000-7fb1608cb000 ---p 00000000 00:00 0 
7fb1608cb000-7fb1609cb000 rw-p 00000000 00:00 0                          [stack:7935]
7fb1609cb000-7fb1609cc000 ---p 00000000 00:00 0 
7fb1609cc000-7fb160acc000 rw-p 00000000 00:00 0                          [stack:7934]
7fb160acc000-7fb160acd000 ---p 00000000 00:00 0 
7fb160acd000-7fb160bec000 rw-p 00000000 00:00 0                          [stack:7933]
7fb160bec000-7fb160db4000 ---p 00000000 00:00 0 
7fb160db4000-7fb160dd3000 rw-p 00000000 00:00 0 
7fb160dd3000-7fb160f9a000 ---p 00000000 00:00 0 
7fb160f9a000-7fb160fb6000 rw-p 00000000 00:00 0 
7fb160fb6000-7fb16108e000 ---p 00000000 00:00 0 
7fb16108e000-7fb1610b6000 rw-p 00000000 00:00 0 
7fb1610b6000-7fb16144f000 ---p 00000000 00:00 0 
7fb16144f000-7fb161469000 r-xp 00000000 08:09 2106635                    /usr/lib/jvm/jdk1.8.0_77/jre/lib/amd64/libzip.so
7fb161469000-7fb161669000 ---p 0001a000 08:09 2106635                    /usr/lib/jvm/jdk1.8.0_77/jre/lib/amd64/libzip.so
7fb161669000-7fb16166a000 rw-p 0001a000 08:09 2106635                    /usr/lib/jvm/jdk1.8.0_77/jre/lib/amd64/libzip.so
7fb16166a000-7fb161676000 r-xp 00000000 08:09 2228403                    /lib/x86_64-linux-gnu/libnss_files-2.21.so
7fb161676000-7fb161875000 ---p 0000c000 08:09 2228403                    /lib/x86_64-linux-gnu/libnss_files-2.21.so
7fb161875000-7fb161876000 r--p 0000b000 08:09 2228403                    /lib/x86_64-linux-gnu/libnss_files-2.21.so
7fb161876000-7fb161877000 rw-p 0000c000 08:09 2228403                    /lib/x86_64-linux-gnu/libnss_files-2.21.so
7fb161877000-7fb161882000 r-xp 00000000 08:09 2232734                    /lib/x86_64-linux-gnu/libnss_nis-2.21.so
7fb161882000-7fb161a81000 ---p 0000b000 08:09 2232734                    /lib/x86_64-linux-gnu/libnss_nis-2.21.so
7fb161a81000-7fb161a82000 r--p 0000a000 08:09 2232734                    /lib/x86_64-linux-gnu/libnss_nis-2.21.so
7fb161a82000-7fb161a83000 rw-p 0000b000 08:09 2232734                    /lib/x86_64-linux-gnu/libnss_nis-2.21.so
7fb161a83000-7fb161a9a000 r-xp 00000000 08:09 2228408                    /lib/x86_64-linux-gnu/libnsl-2.21.so
7fb161a9a000-7fb161c99000 ---p 00017000 08:09 2228408                    /lib/x86_64-linux-gnu/libnsl-2.21.so
7fb161c99000-7fb161c9a000 r--p 00016000 08:09 2228408                    /lib/x86_64-linux-gnu/libnsl-2.21.so
7fb161c9a000-7fb161c9b000 rw-p 00017000 08:09 2228408                    /lib/x86_64-linux-gnu/libnsl-2.21.so
7fb161c9b000-7fb161c9d000 rw-p 00000000 00:00 0 
7fb161c9d000-7fb161ca5000 r-xp 00000000 08:09 2228404                    /lib/x86_64-linux-gnu/libnss_compat-2.21.so
7fb161ca5000-7fb161ea4000 ---p 00008000 08:09 2228404                    /lib/x86_64-linux-gnu/libnss_compat-2.21.so
7fb161ea4000-7fb161ea5000 r--p 00007000 08:09 2228404                    /lib/x86_64-linux-gnu/libnss_compat-2.21.so
7fb161ea5000-7fb161ea6000 rw-p 00008000 08:09 2228404                    /lib/x86_64-linux-gnu/libnss_compat-2.21.so
7fb161ea6000-7fb161ed0000 r-xp 00000000 08:09 2106630                    /usr/lib/jvm/jdk1.8.0_77/jre/lib/amd64/libjava.so
7fb161ed0000-7fb1620d0000 ---p 0002a000 08:09 2106630                    /usr/lib/jvm/jdk1.8.0_77/jre/lib/amd64/libjava.so
7fb1620d0000-7fb1620d2000 rw-p 0002a000 08:09 2106630                    /usr/lib/jvm/jdk1.8.0_77/jre/lib/amd64/libjava.so
7fb1620d2000-7fb1620df000 r-xp 00000000 08:09 2106634                    /usr/lib/jvm/jdk1.8.0_77/jre/lib/amd64/libverify.so
7fb1620df000-7fb1622df000 ---p 0000d000 08:09 2106634                    /usr/lib/jvm/jdk1.8.0_77/jre/lib/amd64/libverify.so
7fb1622df000-7fb1622e1000 rw-p 0000d000 08:09 2106634                    /usr/lib/jvm/jdk1.8.0_77/jre/lib/amd64/libverify.so
7fb1622e1000-7fb1622e8000 r-xp 00000000 08:09 2228401                    /lib/x86_64-linux-gnu/librt-2.21.so
7fb1622e8000-7fb1624e7000 ---p 00007000 08:09 2228401                    /lib/x86_64-linux-gnu/librt-2.21.so
7fb1624e7000-7fb1624e8000 r--p 00006000 08:09 2228401                    /lib/x86_64-linux-gnu/librt-2.21.so
7fb1624e8000-7fb1624e9000 rw-p 00007000 08:09 2228401                    /lib/x86_64-linux-gnu/librt-2.21.so
7fb1624e9000-7fb1625f0000 r-xp 00000000 08:09 2232738                    /lib/x86_64-linux-gnu/libm-2.21.so
7fb1625f0000-7fb1627ef000 ---p 00107000 08:09 2232738                    /lib/x86_64-linux-gnu/libm-2.21.so
7fb1627ef000-7fb1627f0000 r--p 00106000 08:09 2232738                    /lib/x86_64-linux-gnu/libm-2.21.so
7fb1627f0000-7fb1627f1000 rw-p 00107000 08:09 2232738                    /lib/x86_64-linux-gnu/libm-2.21.so
7fb1627f1000-7fb1634b0000 r-xp 00000000 08:09 2106613                    /usr/lib/jvm/jdk1.8.0_77/jre/lib/amd64/server/libjvm.so
7fb1634b0000-7fb1636af000 ---p 00cbf000 08:09 2106613                    /usr/lib/jvm/jdk1.8.0_77/jre/lib/amd64/server/libjvm.so
7fb1636af000-7fb163788000 rw-p 00cbe000 08:09 2106613                    /usr/lib/jvm/jdk1.8.0_77/jre/lib/amd64/server/libjvm.so
7fb163788000-7fb1637d1000 rw-p 00000000 00:00 0 
7fb1637d1000-7fb163991000 r-xp 00000000 08:09 2234094                    /lib/x86_64-linux-gnu/libc-2.21.so
7fb163991000-7fb163b91000 ---p 001c0000 08:09 2234094                    /lib/x86_64-linux-gnu/libc-2.21.so
7fb163b91000-7fb163b95000 r--p 001c0000 08:09 2234094                    /lib/x86_64-linux-gnu/libc-2.21.so
7fb163b95000-7fb163b97000 rw-p 001c4000 08:09 2234094                    /lib/x86_64-linux-gnu/libc-2.21.so
7fb163b97000-7fb163b9b000 rw-p 00000000 00:00 0 
7fb163b9b000-7fb163b9e000 r-xp 00000000 08:09 2232711                    /lib/x86_64-linux-gnu/libdl-2.21.so
7fb163b9e000-7fb163d9d000 ---p 00003000 08:09 2232711                    /lib/x86_64-linux-gnu/libdl-2.21.so
7fb163d9d000-7fb163d9e000 r--p 00002000 08:09 2232711                    /lib/x86_64-linux-gnu/libdl-2.21.so
7fb163d9e000-7fb163d9f000 rw-p 00003000 08:09 2232711                    /lib/x86_64-linux-gnu/libdl-2.21.so
7fb163d9f000-7fb163db4000 r-xp 00000000 08:09 1717297                    /usr/lib/jvm/jdk1.8.0_77/lib/amd64/jli/libjli.so
7fb163db4000-7fb163fb4000 ---p 00015000 08:09 1717297                    /usr/lib/jvm/jdk1.8.0_77/lib/amd64/jli/libjli.so
7fb163fb4000-7fb163fb5000 rw-p 00015000 08:09 1717297                    /usr/lib/jvm/jdk1.8.0_77/lib/amd64/jli/libjli.so
7fb163fb5000-7fb163fcd000 r-xp 00000000 08:09 2228402                    /lib/x86_64-linux-gnu/libpthread-2.21.so
7fb163fcd000-7fb1641cd000 ---p 00018000 08:09 2228402                    /lib/x86_64-linux-gnu/libpthread-2.21.so
7fb1641cd000-7fb1641ce000 r--p 00018000 08:09 2228402                    /lib/x86_64-linux-gnu/libpthread-2.21.so
7fb1641ce000-7fb1641cf000 rw-p 00019000 08:09 2228402                    /lib/x86_64-linux-gnu/libpthread-2.21.so
7fb1641cf000-7fb1641d3000 rw-p 00000000 00:00 0 
7fb1641d3000-7fb1641f7000 r-xp 00000000 08:09 2228411                    /lib/x86_64-linux-gnu/ld-2.21.so
7fb1641f7000-7fb1641f8000 rw-s 1014d1000 00:06 268                       /dev/dri/card0
7fb1641f8000-7fb1641f9000 rw-s 00000000 00:05 117001                     /drm mm object (deleted)
7fb1641f9000-7fb1641fa000 r--s 00000000 00:2b 38                         /run/user/1000/dconf/user
7fb1641fa000-7fb1641fc000 r--s 0001e000 08:09 1973431                    /home/herbeton/rea de Trabalho/idea-IU-143.1821.5/lib/idea_rt.jar
7fb1641fc000-7fb164206000 r--s 000e7000 08:09 2238801                    /home/herbeton/workspaceIntellij/TCC/src/lib/mysql-connector-java-5.1.38-bin.jar
7fb164206000-7fb16420a000 r--s 00097000 08:09 1970845                    /usr/lib/jvm/jdk1.8.0_77/jre/lib/jsse.jar
7fb16420a000-7fb16420f000 r--s 00084000 08:09 1970554                    /usr/lib/jvm/jdk1.8.0_77/jre/lib/jfr.jar
7fb16420f000-7fb1642d0000 rw-p 00000000 00:00 0 
7fb1642d0000-7fb1642d3000 ---p 00000000 00:00 0 
7fb1642d3000-7fb1643d5000 rw-p 00000000 00:00 0                          [stack:7932]
7fb1643d5000-7fb1643d6000 r--s 00000000 08:09 1970568                    /usr/lib/jvm/jdk1.8.0_77/jre/lib/management-agent.jar
7fb1643d6000-7fb1643d8000 r--s 00007000 08:09 1971023                    /usr/lib/jvm/jdk1.8.0_77/jre/lib/jfxswt.jar
7fb1643d8000-7fb1643db000 r--s 0001a000 08:09 1971019                    /usr/lib/jvm/jdk1.8.0_77/jre/lib/jce.jar
7fb1643db000-7fb1643e4000 r--s 0006c000 08:09 1970574                    /usr/lib/jvm/jdk1.8.0_77/jre/lib/javaws.jar
7fb1643e4000-7fb1643ea000 r--s 002f8000 08:09 1970733                    /usr/lib/jvm/jdk1.8.0_77/jre/lib/charsets.jar
7fb1643ea000-7fb1643f2000 rw-s 00000000 08:09 1334519                    /tmp/hsperfdata_herbeton/7930
7fb1643f2000-7fb1643f3000 rw-p 00000000 00:00 0 
7fb1643f3000-7fb1643f4000 r--p 00000000 00:00 0 
7fb1643f4000-7fb1643f6000 rw-p 00000000 00:00 0 
7fb1643f6000-7fb1643f7000 r--p 00023000 08:09 2228411                    /lib/x86_64-linux-gnu/ld-2.21.so
7fb1643f7000-7fb1643f8000 rw-p 00024000 08:09 2228411                    /lib/x86_64-linux-gnu/ld-2.21.so
7fb1643f8000-7fb1643f9000 rw-p 00000000 00:00 0 
7ffda17f3000-7ffda1814000 rw-p 00000000 00:00 0                          [stack]
7ffda1931000-7ffda1933000 r--p 00000000 00:00 0                          [vvar]
7ffda1933000-7ffda1935000 r-xp 00000000 00:00 0                          [vdso]
ffffffffff600000-ffffffffff601000 r-xp 00000000 00:00 0                  [vsyscall]

VM Arguments:
jvm_args: -Didea.launcher.port=7535 -Didea.launcher.bin.path=/home/herbeton/rea de Trabalho/idea-IU-143.1821.5/bin -Dfile.encoding=UTF-8 
java_command: com.intellij.rt.execution.application.AppMain br.com.execute.executeApplicationGraph
java_class_path (initial): /usr/lib/jvm/jdk1.8.0_77/jre/lib/charsets.jar:/usr/lib/jvm/jdk1.8.0_77/jre/lib/deploy.jar:/usr/lib/jvm/jdk1.8.0_77/jre/lib/ext/cldrdata.jar:/usr/lib/jvm/jdk1.8.0_77/jre/lib/ext/dnsns.jar:/usr/lib/jvm/jdk1.8.0_77/jre/lib/ext/jaccess.jar:/usr/lib/jvm/jdk1.8.0_77/jre/lib/ext/jfxrt.jar:/usr/lib/jvm/jdk1.8.0_77/jre/lib/ext/localedata.jar:/usr/lib/jvm/jdk1.8.0_77/jre/lib/ext/nashorn.jar:/usr/lib/jvm/jdk1.8.0_77/jre/lib/ext/sunec.jar:/usr/lib/jvm/jdk1.8.0_77/jre/lib/ext/sunjce_provider.jar:/usr/lib/jvm/jdk1.8.0_77/jre/lib/ext/sunpkcs11.jar:/usr/lib/jvm/jdk1.8.0_77/jre/lib/ext/zipfs.jar:/usr/lib/jvm/jdk1.8.0_77/jre/lib/javaws.jar:/usr/lib/jvm/jdk1.8.0_77/jre/lib/jce.jar:/usr/lib/jvm/jdk1.8.0_77/jre/lib/jfr.jar:/usr/lib/jvm/jdk1.8.0_77/jre/lib/jfxswt.jar:/usr/lib/jvm/jdk1.8.0_77/jre/lib/jsse.jar:/usr/lib/jvm/jdk1.8.0_77/jre/lib/management-agent.jar:/usr/lib/jvm/jdk1.8.0_77/jre/lib/plugin.jar:/usr/lib/jvm/jdk1.8.0_77/jre/lib/resources.jar:/usr/lib/jvm/jdk1.8.0_77/jre/lib/rt.jar:/home/herbeton/workspaceIntellij/TCC/out/production/TCC:/home/herbeton/workspaceIntellij/TCC/src/lib/mysql-connector-java-5.1.38-bin.jar:/home/herbeton/rea de Trabalho/idea-IU-143.1821.5/lib/idea_rt.jar
Launcher Type: SUN_STANDARD

Environment Variables:
PATH=/usr/local/sbin:/usr/local/bin:/usr/sbin:/usr/bin:/sbin:/bin:/usr/games:/usr/local/games
LD_LIBRARY_PATH=/home/herbeton/rea de Trabalho/idea-IU-143.1821.5/bin:
SHELL=/bin/bash
DISPLAY=:0

Signal Handlers:
SIGSEGV: [libjvm.so+0xabb070], sa_mask[0]=11111111011111111101111111111110, sa_flags=SA_RESTART|SA_SIGINFO
SIGBUS: [libjvm.so+0xabb070], sa_mask[0]=11111111011111111101111111111110, sa_flags=SA_RESTART|SA_SIGINFO
SIGFPE: [libjvm.so+0x918480], sa_mask[0]=11111111011111111101111111111110, sa_flags=SA_RESTART|SA_SIGINFO
SIGPIPE: SIG_IGN, sa_mask[0]=00000000000010000000000000000000, sa_flags=SA_RESTART
SIGXFSZ: [libjvm.so+0x918480], sa_mask[0]=11111111011111111101111111111110, sa_flags=SA_RESTART|SA_SIGINFO
SIGILL: [libjvm.so+0x918480], sa_mask[0]=11111111011111111101111111111110, sa_flags=SA_RESTART|SA_SIGINFO
SIGUSR1: SIG_DFL, sa_mask[0]=00000000000000000000000000000000, sa_flags=none
SIGUSR2: [libjvm.so+0x919ab0], sa_mask[0]=00100000000000000000000000000000, sa_flags=SA_RESTART|SA_SIGINFO
SIGHUP: [libjvm.so+0x91aeb0], sa_mask[0]=11111111011111111101111111111110, sa_flags=SA_RESTART|SA_SIGINFO
SIGINT: [libjvm.so+0x91aeb0], sa_mask[0]=11111111011111111101111111111110, sa_flags=SA_RESTART|SA_SIGINFO
SIGTERM: [libjvm.so+0x91aeb0], sa_mask[0]=11111111011111111101111111111110, sa_flags=SA_RESTART|SA_SIGINFO
SIGQUIT: [libjvm.so+0x91aeb0], sa_mask[0]=11111111011111111101111111111110, sa_flags=SA_RESTART|SA_SIGINFO


---------------  S Y S T E M  ---------------

OS:DISTRIB_ID=Ubuntu
DISTRIB_RELEASE=15.10
DISTRIB_CODENAME=wily
DISTRIB_DESCRIPTION="Ubuntu 15.10"

uname:Linux 4.2.0-35-generic #40-Ubuntu SMP Tue Mar 15 22:15:45 UTC 2016 x86_64
libc:glibc 2.21 NPTL 2.21 
rlimit: STACK 8192k, CORE 0k, NPROC 23190, NOFILE 65536, AS infinity
load average:1,76 1,15 1,33

/proc/meminfo:
MemTotal:        5973464 kB
MemFree:         1155448 kB
MemAvailable:    2221360 kB
Buffers:           74980 kB
Cached:          1285048 kB
SwapCached:          132 kB
Active:          3089100 kB
Inactive:        1504648 kB
Active(anon):    2539800 kB
Inactive(anon):  1009988 kB
Active(file):     549300 kB
Inactive(file):   494660 kB
Unevictable:         100 kB
Mlocked:             100 kB
SwapTotal:       6152188 kB
SwapFree:        6148416 kB
Dirty:              1932 kB
Writeback:             0 kB
AnonPages:       3233724 kB
Mapped:           440956 kB
Shmem:            316072 kB
Slab:             100292 kB
SReclaimable:      58240 kB
SUnreclaim:        42052 kB
KernelStack:       12640 kB
PageTables:        51684 kB
NFS_Unstable:          0 kB
Bounce:                0 kB
WritebackTmp:          0 kB
CommitLimit:     9138920 kB
Committed_AS:    9828900 kB
VmallocTotal:   34359738367 kB
VmallocUsed:      357168 kB
VmallocChunk:   34358947836 kB
HardwareCorrupted:     0 kB
AnonHugePages:    952320 kB
CmaTotal:              0 kB
CmaFree:               0 kB
HugePages_Total:       0
HugePages_Free:        0
HugePages_Rsvd:        0
HugePages_Surp:        0
Hugepagesize:       2048 kB
DirectMap4k:      189928 kB
DirectMap2M:     5963776 kB


CPU:total 4 (2 cores per cpu, 2 threads per core) family 6 model 58 stepping 9, cmov, cx8, fxsr, mmx, sse, sse2, sse3, ssse3, sse4.1, sse4.2, popcnt, avx, aes, clmul, erms, ht, tsc, tscinvbit, tscinv

/proc/cpuinfo:
processor	: 0
vendor_id	: GenuineIntel
cpu family	: 6
model		: 58
model name	: Intel(R) Core(TM) i5-3337U CPU @ 1.80GHz
stepping	: 9
microcode	: 0x1b
cpu MHz		: 2499.960
cache size	: 3072 KB
physical id	: 0
siblings	: 4
core id		: 0
cpu cores	: 2
apicid		: 0
initial apicid	: 0
fpu		: yes
fpu_exception	: yes
cpuid level	: 13
wp		: yes
flags		: fpu vme de pse tsc msr pae mce cx8 apic sep mtrr pge mca cmov pat pse36 clflush dts acpi mmx fxsr sse sse2 ss ht tm pbe syscall nx rdtscp lm constant_tsc arch_perfmon pebs bts rep_good nopl xtopology nonstop_tsc aperfmperf eagerfpu pni pclmulqdq dtes64 monitor ds_cpl vmx est tm2 ssse3 cx16 xtpr pdcm pcid sse4_1 sse4_2 x2apic popcnt tsc_deadline_timer aes xsave avx f16c rdrand lahf_lm ida arat epb pln pts dtherm tpr_shadow vnmi flexpriority ept vpid fsgsbase smep erms xsaveopt
bugs		:
bogomips	: 3591.81
clflush size	: 64
cache_alignment	: 64
address sizes	: 36 bits physical, 48 bits virtual
power management:

processor	: 1
vendor_id	: GenuineIntel
cpu family	: 6
model		: 58
model name	: Intel(R) Core(TM) i5-3337U CPU @ 1.80GHz
stepping	: 9
microcode	: 0x1b
cpu MHz		: 2499.960
cache size	: 3072 KB
physical id	: 0
siblings	: 4
core id		: 1
cpu cores	: 2
apicid		: 2
initial apicid	: 2
fpu		: yes
fpu_exception	: yes
cpuid level	: 13
wp		: yes
flags		: fpu vme de pse tsc msr pae mce cx8 apic sep mtrr pge mca cmov pat pse36 clflush dts acpi mmx fxsr sse sse2 ss ht tm pbe syscall nx rdtscp lm constant_tsc arch_perfmon pebs bts rep_good nopl xtopology nonstop_tsc aperfmperf eagerfpu pni pclmulqdq dtes64 monitor ds_cpl vmx est tm2 ssse3 cx16 xtpr pdcm pcid sse4_1 sse4_2 x2apic popcnt tsc_deadline_timer aes xsave avx f16c rdrand lahf_lm ida arat epb pln pts dtherm tpr_shadow vnmi flexpriority ept vpid fsgsbase smep erms xsaveopt
bugs		:
bogomips	: 3591.81
clflush size	: 64
cache_alignment	: 64
address sizes	: 36 bits physical, 48 bits virtual
power management:

processor	: 2
vendor_id	: GenuineIntel
cpu family	: 6
model		: 58
model name	: Intel(R) Core(TM) i5-3337U CPU @ 1.80GHz
stepping	: 9
microcode	: 0x1b
cpu MHz		: 2499.960
cache size	: 3072 KB
physical id	: 0
siblings	: 4
core id		: 0
cpu cores	: 2
apicid		: 1
initial apicid	: 1
fpu		: yes
fpu_exception	: yes
cpuid level	: 13
wp		: yes
flags		: fpu vme de pse tsc msr pae mce cx8 apic sep mtrr pge mca cmov pat pse36 clflush dts acpi mmx fxsr sse sse2 ss ht tm pbe syscall nx rdtscp lm constant_tsc arch_perfmon pebs bts rep_good nopl xtopology nonstop_tsc aperfmperf eagerfpu pni pclmulqdq dtes64 monitor ds_cpl vmx est tm2 ssse3 cx16 xtpr pdcm pcid sse4_1 sse4_2 x2apic popcnt tsc_deadline_timer aes xsave avx f16c rdrand lahf_lm ida arat epb pln pts dtherm tpr_shadow vnmi flexpriority ept vpid fsgsbase smep erms xsaveopt
bugs		:
bogomips	: 3591.81
clflush size	: 64
cache_alignment	: 64
address sizes	: 36 bits physical, 48 bits virtual
power management:

processor	: 3
vendor_id	: GenuineIntel
cpu family	: 6
model		: 58
model name	: Intel(R) Core(TM) i5-3337U CPU @ 1.80GHz
stepping	: 9
microcode	: 0x1b
cpu MHz		: 2499.960
cache size	: 3072 KB
physical id	: 0
siblings	: 4
core id		: 1
cpu cores	: 2
apicid		: 3
initial apicid	: 3
fpu		: yes
fpu_exception	: yes
cpuid level	: 13
wp		: yes
flags		: fpu vme de pse tsc msr pae mce cx8 apic sep mtrr pge mca cmov pat pse36 clflush dts acpi mmx fxsr sse sse2 ss ht tm pbe syscall nx rdtscp lm constant_tsc arch_perfmon pebs bts rep_good nopl xtopology nonstop_tsc aperfmperf eagerfpu pni pclmulqdq dtes64 monitor ds_cpl vmx est tm2 ssse3 cx16 xtpr pdcm pcid sse4_1 sse4_2 x2apic popcnt tsc_deadline_timer aes xsave avx f16c rdrand lahf_lm ida arat epb pln pts dtherm tpr_shadow vnmi flexpriority ept vpid fsgsbase smep erms xsaveopt
bugs		:
bogomips	: 3591.81
clflush size	: 64
cache_alignment	: 64
address sizes	: 36 bits physical, 48 bits virtual
power management:



Memory: 4k page, physical 5973464k(1155448k free), swap 6152188k(6148416k free)

vm_info: Java HotSpot(TM) 64-Bit Server VM (25.77-b03) for linux-amd64 JRE (1.8.0_77-b03), built on Mar 20 2016 22:00:46 by "java_re" with gcc 4.3.0 20080428 (Red Hat 4.3.0-8)

time: Wed Apr 13 15:12:53 2016
elapsed time: 7 seconds (0d 0h 0m 7s)

