#
# A fatal error has been detected by the Java Runtime Environment:
#
#  SIGSEGV (0xb) at pc=0x00007f7f9b1d059b, pid=9575, tid=140186387212032
#
# JRE version: Java(TM) SE Runtime Environment (8.0_77-b03) (build 1.8.0_77-b03)
# Java VM: Java HotSpot(TM) 64-Bit Server VM (25.77-b03 mixed mode linux-amd64 compressed oops)
# Problematic frame:
# C  [i965_dri.so+0x40059b]
#
# Failed to write core dump. Core dumps have been disabled. To enable core dumping, try "ulimit -c unlimited" before starting Java again
#
# If you would like to submit a bug report, please visit:
#   http://bugreport.java.com/bugreport/crash.jsp
# The crash happened outside the Java Virtual Machine in native code.
# See problematic frame for where to report the bug.
#

---------------  T H R E A D  ---------------

Current thread (0x00007f7fa404c000):  JavaThread "QuantumRenderer-0" daemon [_thread_in_native, id=9607, stack(0x00007f7fafbfe000,0x00007f7fafcff000)]

siginfo: si_signo: 11 (SIGSEGV), si_code: 1 (SEGV_MAPERR), si_addr: 0x0000000000000040

Registers:
RAX=0x0000000000000005, RBX=0x00007f7f9db42160, RCX=0x00007f7f9ae8d720, RDX=0x0000000000000001
RSP=0x00007f7fafcfd0f0, RBP=0x00007f7f9dc3ddf0, RSI=0x0000000000000001, RDI=0x0000000000000005
R8 =0x0000000000000000, R9 =0x0000000000000000, R10=0x0000000000000006, R11=0x0000000000000001
R12=0x00007f7f9c2cc054, R13=0x00007f7f9c2a7378, R14=0x0000000000000000, R15=0x00007f7f9dc3d9f0
RIP=0x00007f7f9b1d059b, EFLAGS=0x0000000000010203, CSGSFS=0x0000000000000033, ERR=0x0000000000000004
  TRAPNO=0x000000000000000e

Top of Stack: (sp=0x00007f7fafcfd0f0)
0x00007f7fafcfd0f0:   00007f7f9d6dec60 00007f7f9abb522b
0x00007f7fafcfd100:   0000000000000000 82b956ad889c2100
0x00007f7fafcfd110:   0000000000000008 00007f7f9c2a7378
0x00007f7fafcfd120:   00007f7f9dc3ddf0 00007f7f9c2cc054
0x00007f7fafcfd130:   00007f7f9c2cc054 0000000000000000
0x00007f7fafcfd140:   00007f7f9dc3d9f0 00007f7f9b1c0309
0x00007f7fafcfd150:   0000000000000000 0000051b000002e8
0x00007f7fafcfd160:   00007f7f9c2cc05c 00007f7f9c2a7378
0x00007f7fafcfd170:   00007f7f9c2cc7b0 ffffffffffffffff
0x00007f7fafcfd180:   00007f7f9b5b8ce0 000000000c414008
0x00007f7fafcfd190:   00007f7f9c2cca68 00007f7f9b1c03a1
0x00007f7fafcfd1a0:   00007f7f9c2a7378 00007f7f9b195f69
0x00007f7fafcfd1b0:   00007f7fafcfd25c 82b956ad889c2100
0x00007f7fafcfd1c0:   00007f7f9c2cb440 00007f7f9c2a7378
0x00007f7fafcfd1d0:   0000000000000004 82b956ad889c2100
0x00007f7fafcfd1e0:   0000000000000000 00007f7f9c2a7378
0x00007f7fafcfd1f0:   00007f7fafcfd2d0 00007f7fafcfd2f0
0x00007f7fafcfd200:   0000000000000003 0000000000000000
0x00007f7fafcfd210:   00007f7fafcfd2f0 00007f7f9b11f252
0x00007f7fafcfd220:   00007f7f9d73b410 0000000000000000
0x00007f7fafcfd230:   00007f7f9b5b8ce0 0000000100000000
0x00007f7fafcfd240:   00007f7f9c2cb000 00007f7f9c303590
0x00007f7fafcfd250:   0000000001000000 000000009db4eb08
0x00007f7fafcfd260:   00000000e3147330 0000000000000000
0x00007f7fafcfd270:   00000000ffffffff 00007f7f9c2a7378
0x00007f7fafcfd280:   00007f7f9c3002f0 0000000000000006
0x00007f7fafcfd290:   00000000ffffffff 00007f7f9af5b8b8
0x00007f7fafcfd2a0:   0000000000000003 0000000000000000
0x00007f7fafcfd2b0:   0000000000000000 0000000000000000
0x00007f7fafcfd2c0:   0000000000000000 0000000400000000
0x00007f7fafcfd2d0:   0000140300000006 00007f7f9c30aa40
0x00007f7fafcfd2e0:   0000000000000000 00007f7fe9007c4d 

Instructions: (pc=0x00007f7f9b1d059b)
0x00007f7f9b1d057b:   00 00 00 00 00 48 89 f3 4c 8b b6 88 00 00 00 8b
0x00007f7f9b1d058b:   76 54 49 89 fd e8 3b 2f c6 ff 8b b3 a0 00 00 00
0x00007f7f9b1d059b:   41 8b 7e 40 b9 01 00 00 00 89 cd 89 44 24 04 8b
0x00007f7f9b1d05ab:   83 9c 00 00 00 85 f6 0f 45 ab a0 00 00 00 85 ff 

Register to memory mapping:

RAX=0x0000000000000005 is an unknown value
RBX=0x00007f7f9db42160 is an unknown value
RCX=0x00007f7f9ae8d720: <offset 0xbd720> in /usr/lib/x86_64-linux-gnu/dri/i965_dri.so at 0x00007f7f9add0000
RDX=0x0000000000000001 is an unknown value
RSP=0x00007f7fafcfd0f0 is pointing into the stack for thread: 0x00007f7fa404c000
RBP=0x00007f7f9dc3ddf0 is an unknown value
RSI=0x0000000000000001 is an unknown value
RDI=0x0000000000000005 is an unknown value
R8 =0x0000000000000000 is an unknown value
R9 =0x0000000000000000 is an unknown value
R10=0x0000000000000006 is an unknown value
R11=0x0000000000000001 is an unknown value
R12=0x00007f7f9c2cc054 is an unknown value
R13=0x00007f7f9c2a7378 is an unknown value
R14=0x0000000000000000 is an unknown value
R15=0x00007f7f9dc3d9f0 is an unknown value


Stack: [0x00007f7fafbfe000,0x00007f7fafcff000],  sp=0x00007f7fafcfd0f0,  free space=1020k
Native frames: (J=compiled Java code, j=interpreted, Vv=VM code, C=native code)
C  [i965_dri.so+0x40059b]

Java frames: (J=compiled Java code, j=interpreted, Vv=VM code)
J 1696  com.sun.prism.es2.GLContext.nDrawIndexedQuads(JI[F[B)V (0 bytes) @ 0x00007f7fe951b96c [0x00007f7fe951b900+0x6c]
J 1694 C1 com.sun.prism.es2.ES2VertexBuffer.drawQuads(I)V (17 bytes) @ 0x00007f7fe951df94 [0x00007f7fe951de40+0x154]
J 1410 C1 com.sun.prism.impl.BaseContext.flushVertexBuffer()V (104 bytes) @ 0x00007f7fe9470cf4 [0x00007f7fe9470660+0x694]
j  com.sun.prism.es2.ES2SwapChain.drawTexture(Lcom/sun/prism/es2/ES2Graphics;Lcom/sun/prism/RTTexture;FFFFFFFF)V+68
j  com.sun.prism.es2.ES2SwapChain.prepare(Lcom/sun/javafx/geom/Rectangle;)Z+146
j  com.sun.javafx.tk.quantum.PresentingPainter.run()V+350
j  java.util.concurrent.Executors$RunnableAdapter.call()Ljava/lang/Object;+4
j  java.util.concurrent.FutureTask.runAndReset()Z+47
j  com.sun.javafx.tk.RenderJob.run()V+1
j  java.util.concurrent.ThreadPoolExecutor.runWorker(Ljava/util/concurrent/ThreadPoolExecutor$Worker;)V+95
j  java.util.concurrent.ThreadPoolExecutor$Worker.run()V+5
j  com.sun.javafx.tk.quantum.QuantumRenderer$PipelineRunnable.run()V+8
j  java.lang.Thread.run()V+11
v  ~StubRoutines::call_stub

---------------  P R O C E S S  ---------------

Java Threads: ( => current thread )
  0x00007f7f8425a000 JavaThread "Prism Font Disposer" daemon [_thread_blocked, id=9620, stack(0x00007f7f95e32000,0x00007f7f95f33000)]
  0x00007f7fa4108000 JavaThread "JavaFX Application Thread" [_thread_blocked, id=9614, stack(0x00007f7f96d48000,0x00007f7f96e49000)]
  0x00007f7fa4104000 JavaThread "Thread-2" daemon [_thread_blocked, id=9613, stack(0x00007f7fac052000,0x00007f7fac153000)]
=>0x00007f7fa404c000 JavaThread "QuantumRenderer-0" daemon [_thread_in_native, id=9607, stack(0x00007f7fafbfe000,0x00007f7fafcff000)]
  0x00007f7ff8227800 JavaThread "JavaFX-Launcher" [_thread_blocked, id=9606, stack(0x00007f7fd405c000,0x00007f7fd415d000)]
  0x00007f7ff8157800 JavaThread "Monitor Ctrl-Break" daemon [_thread_in_native, id=9602, stack(0x00007f7fd4374000,0x00007f7fd4475000)]
  0x00007f7ff80d3800 JavaThread "Service Thread" daemon [_thread_blocked, id=9597, stack(0x00007f7fd4778000,0x00007f7fd4879000)]
  0x00007f7ff80be800 JavaThread "C1 CompilerThread2" daemon [_thread_in_native, id=9596, stack(0x00007f7fd4879000,0x00007f7fd497a000)]
  0x00007f7ff80bc800 JavaThread "C2 CompilerThread1" daemon [_thread_in_native, id=9595, stack(0x00007f7fd497a000,0x00007f7fd4a7b000)]
  0x00007f7ff80b9800 JavaThread "C2 CompilerThread0" daemon [_thread_in_native, id=9592, stack(0x00007f7fd4a7b000,0x00007f7fd4b7c000)]
  0x00007f7ff80b8000 JavaThread "Signal Dispatcher" daemon [_thread_blocked, id=9591, stack(0x00007f7fe80f1000,0x00007f7fe81f2000)]
  0x00007f7ff8085000 JavaThread "Finalizer" daemon [_thread_blocked, id=9585, stack(0x00007f7fe81f2000,0x00007f7fe82f3000)]
  0x00007f7ff8080000 JavaThread "Reference Handler" daemon [_thread_blocked, id=9582, stack(0x00007f7fe82f3000,0x00007f7fe83f4000)]
  0x00007f7ff800a800 JavaThread "main" [_thread_blocked, id=9576, stack(0x00007f8000d68000,0x00007f8000e69000)]

Other Threads:
  0x00007f7ff8078800 VMThread [stack: 0x00007f7fe83f4000,0x00007f7fe84f5000] [id=9581]
  0x00007f7ff80d6800 WatcherThread [stack: 0x00007f7fd4677000,0x00007f7fd4778000] [id=9598]

VM state:not at safepoint (normal execution)

VM Mutex/Monitor currently owned by a thread: None

Heap:
 PSYoungGen      total 27648K, used 17999K [0x00000000e1980000, 0x00000000e3800000, 0x0000000100000000)
  eden space 24064K, 59% used [0x00000000e1980000,0x00000000e2797c40,0x00000000e3100000)
  from space 3584K, 99% used [0x00000000e3100000,0x00000000e347c030,0x00000000e3480000)
  to   space 3584K, 0% used [0x00000000e3480000,0x00000000e3480000,0x00000000e3800000)
 ParOldGen       total 62976K, used 395K [0x00000000a4c00000, 0x00000000a8980000, 0x00000000e1980000)
  object space 62976K, 0% used [0x00000000a4c00000,0x00000000a4c62cb0,0x00000000a8980000)
 Metaspace       used 17180K, capacity 17902K, committed 18048K, reserved 1064960K
  class space    used 2504K, capacity 2662K, committed 2688K, reserved 1048576K

Card table byte_map: [0x00007f7ffd84c000,0x00007f7ffdb27000] byte_map_base: 0x00007f7ffd326000

Marking Bits: (ParMarkBitMap*) 0x00007f800023e100
 Begin Bits: [0x00007f7fd5260000, 0x00007f7fd6930000)
 End Bits:   [0x00007f7fd6930000, 0x00007f7fd8000000)

Polling page: 0x00007f8000e8b000

CodeCache: size=245760Kb used=6075Kb max_used=6075Kb free=239684Kb
 bounds [0x00007f7fe9000000, 0x00007f7fe9600000, 0x00007f7ff8000000]
 total_blobs=2657 nmethods=2029 adapters=540
 compilation: enabled

Compilation events (10 events):
Event: 5,050 Thread 0x00007f7ff80be800 nmethod 2030 0x00007f7fe95d77d0 code [0x00007f7fe95d7920, 0x00007f7fe95d7a30]
Event: 5,052 Thread 0x00007f7ff80bc800 nmethod 2003 0x00007f7fe95e6610 code [0x00007f7fe95e67e0, 0x00007f7fe95e6f28]
Event: 5,052 Thread 0x00007f7ff80bc800 2002       4       com.sun.openpisces.Dasher::goTo (161 bytes)
Event: 5,056 Thread 0x00007f7ff80be800 2032       3       javafx.scene.text.Text::updatePGText (247 bytes)
Event: 5,065 Thread 0x00007f7ff80b9800 nmethod 2020% 0x00007f7fe95eacd0 code [0x00007f7fe95eaea0, 0x00007f7fe95ebb98]
Event: 5,065 Thread 0x00007f7ff80b9800 2039       4       com.sun.openpisces.TransformingPathConsumer2D$TranslateFilter::moveTo (22 bytes)
Event: 5,065 Thread 0x00007f7ff80be800 nmethod 2032 0x00007f7fe95ec650 code [0x00007f7fe95ecca0, 0x00007f7fe95f1c78]
Event: 5,065 Thread 0x00007f7ff80be800 2035       3       javafx.animation.Interpolator$3::curve (59 bytes)
Event: 5,066 Thread 0x00007f7ff80be800 nmethod 2035 0x00007f7fe95e5ed0 code [0x00007f7fe95e60e0, 0x00007f7fe95e6530]
Event: 5,066 Thread 0x00007f7ff80be800 2042       3       com.sun.prism.impl.GlyphCache::render (326 bytes)

GC Heap History (2 events):
Event: 1,323 GC heap before
{Heap before GC invocations=1 (full 0):
 PSYoungGen      total 27648K, used 24064K [0x00000000e1980000, 0x00000000e3800000, 0x0000000100000000)
  eden space 24064K, 100% used [0x00000000e1980000,0x00000000e3100000,0x00000000e3100000)
  from space 3584K, 0% used [0x00000000e3480000,0x00000000e3480000,0x00000000e3800000)
  to   space 3584K, 0% used [0x00000000e3100000,0x00000000e3100000,0x00000000e3480000)
 ParOldGen       total 62976K, used 0K [0x00000000a4c00000, 0x00000000a8980000, 0x00000000e1980000)
  object space 62976K, 0% used [0x00000000a4c00000,0x00000000a4c00000,0x00000000a8980000)
 Metaspace       used 13135K, capacity 13526K, committed 13824K, reserved 1060864K
  class space    used 1854K, capacity 1978K, committed 2048K, reserved 1048576K
Event: 1,334 GC heap after
Heap after GC invocations=1 (full 0):
 PSYoungGen      total 27648K, used 3568K [0x00000000e1980000, 0x00000000e3800000, 0x0000000100000000)
  eden space 24064K, 0% used [0x00000000e1980000,0x00000000e1980000,0x00000000e3100000)
  from space 3584K, 99% used [0x00000000e3100000,0x00000000e347c030,0x00000000e3480000)
  to   space 3584K, 0% used [0x00000000e3480000,0x00000000e3480000,0x00000000e3800000)
 ParOldGen       total 62976K, used 395K [0x00000000a4c00000, 0x00000000a8980000, 0x00000000e1980000)
  object space 62976K, 0% used [0x00000000a4c00000,0x00000000a4c62cb0,0x00000000a8980000)
 Metaspace       used 13135K, capacity 13526K, committed 13824K, reserved 1060864K
  class space    used 1854K, capacity 1978K, committed 2048K, reserved 1048576K
}

Deoptimization events (10 events):
Event: 1,362 Thread 0x00007f7fa4108000 Uncommon trap: reason=class_check action=maybe_recompile pc=0x00007f7fe9120078 method=java.lang.String.equals(Ljava/lang/Object;)Z @ 8
Event: 1,845 Thread 0x00007f7fa4108000 Uncommon trap: reason=array_check action=maybe_recompile pc=0x00007f7fe9396214 method=com.sun.javafx.css.SimpleSelector.applies(Ljavafx/css/Styleable;[Ljava/util/Set;I)Z @ 37
Event: 1,845 Thread 0x00007f7fa4108000 Uncommon trap: reason=array_check action=maybe_recompile pc=0x00007f7fe9396214 method=com.sun.javafx.css.SimpleSelector.applies(Ljavafx/css/Styleable;[Ljava/util/Set;I)Z @ 37
Event: 1,845 Thread 0x00007f7fa4108000 Uncommon trap: reason=array_check action=maybe_recompile pc=0x00007f7fe9396214 method=com.sun.javafx.css.SimpleSelector.applies(Ljavafx/css/Styleable;[Ljava/util/Set;I)Z @ 37
Event: 1,846 Thread 0x00007f7fa4108000 Uncommon trap: reason=array_check action=maybe_recompile pc=0x00007f7fe9396214 method=com.sun.javafx.css.SimpleSelector.applies(Ljavafx/css/Styleable;[Ljava/util/Set;I)Z @ 37
Event: 1,861 Thread 0x00007f7fa4108000 Uncommon trap: reason=unstable_if action=reinterpret pc=0x00007f7fe93a4dec method=java.lang.ClassLoader.checkName(Ljava/lang/String;)Z @ 20
Event: 2,123 Thread 0x00007f7fa4108000 Uncommon trap: reason=unstable_if action=reinterpret pc=0x00007f7fe93142e4 method=jdk.internal.org.objectweb.asm.Type.getArgumentsAndReturnSizes(Ljava/lang/String;)I @ 47
Event: 2,330 Thread 0x00007f7fa404c000 Uncommon trap: reason=unstable_if action=reinterpret pc=0x00007f7fe9454df4 method=com.sun.openpisces.Renderer.addLine(FFFF)V @ 97
Event: 2,332 Thread 0x00007f7fa404c000 Uncommon trap: reason=unstable_if action=reinterpret pc=0x00007f7fe9455b2c method=com.sun.openpisces.Renderer.addLine(FFFF)V @ 97
Event: 2,368 Thread 0x00007f7fa404c000 Uncommon trap: reason=unstable_if action=reinterpret pc=0x00007f7fe9462924 method=com.sun.openpisces.Renderer$ScanlineIterator.next()I @ 93

Internal exceptions (10 events):
Event: 0,270 Thread 0x00007f7ff8227800 Exception <a 'java/lang/NullPointerException'> (0x00000000e1ce8550) thrown at [/HUDSON/workspace/8-2-build-linux-amd64/jdk8u77/6540/hotspot/src/share/vm/interpreter/linkResolver.cpp, line 1178]
Event: 0,709 Thread 0x00007f7fa4108000 Exception <a 'java/lang/NullPointerException'> (0x00000000e25691c0) thrown at [/HUDSON/workspace/8-2-build-linux-amd64/jdk8u77/6540/hotspot/src/share/vm/interpreter/linkResolver.cpp, line 1178]
Event: 0,709 Thread 0x00007f7fa4108000 Exception <a 'java/lang/NullPointerException'> (0x00000000e25691c0) thrown at [/HUDSON/workspace/8-2-build-linux-amd64/jdk8u77/6540/hotspot/src/share/vm/prims/jvm.cpp, line 1390]
Event: 0,881 Thread 0x00007f7fa4108000 Exception <a 'java/lang/ArrayIndexOutOfBoundsException': 70> (0x00000000e29043b0) thrown at [/HUDSON/workspace/8-2-build-linux-amd64/jdk8u77/6540/hotspot/src/share/vm/interpreter/interpreterRuntime.cpp, line 366]
Event: 0,882 Thread 0x00007f7fa4108000 Exception <a 'java/lang/ArrayIndexOutOfBoundsException': 18> (0x00000000e2905268) thrown at [/HUDSON/workspace/8-2-build-linux-amd64/jdk8u77/6540/hotspot/src/share/vm/interpreter/interpreterRuntime.cpp, line 366]
Event: 0,883 Thread 0x00007f7fa4108000 Exception <a 'java/lang/ArrayIndexOutOfBoundsException': 86> (0x00000000e2906610) thrown at [/HUDSON/workspace/8-2-build-linux-amd64/jdk8u77/6540/hotspot/src/share/vm/interpreter/interpreterRuntime.cpp, line 366]
Event: 0,884 Thread 0x00007f7fa4108000 Exception <a 'java/lang/ArrayIndexOutOfBoundsException'> (0x00000000e2908840) thrown at [/HUDSON/workspace/8-2-build-linux-amd64/jdk8u77/6540/hotspot/src/share/vm/runtime/sharedRuntime.cpp, line 605]
Event: 1,094 Thread 0x00007f7fa4108000 Exception <a 'java/lang/ArrayIndexOutOfBoundsException'> (0x00000000e2c81b60) thrown at [/HUDSON/workspace/8-2-build-linux-amd64/jdk8u77/6540/hotspot/src/share/vm/runtime/sharedRuntime.cpp, line 605]
Event: 1,094 Thread 0x00007f7fa4108000 Exception <a 'java/lang/ArrayIndexOutOfBoundsException'> (0x00000000e2c83ea8) thrown at [/HUDSON/workspace/8-2-build-linux-amd64/jdk8u77/6540/hotspot/src/share/vm/runtime/sharedRuntime.cpp, line 605]
Event: 1,211 Thread 0x00007f7fa4108000 Implicit null exception at 0x00007f7fe9255ff5 to 0x00007f7fe92561d1

Events (10 events):
Event: 4,989 Thread 0x00007f7fa404c000 DEOPT PACKING pc=0x00007f7fe9451ec4 sp=0x00007f7fafcfa320
Event: 4,989 Thread 0x00007f7fa404c000 DEOPT UNPACKING pc=0x00007f7fe9047633 sp=0x00007f7fafcfa040 mode 0
Event: 4,989 Thread 0x00007f7fa404c000 DEOPT PACKING pc=0x00007f7fe9451ec4 sp=0x00007f7fafcfa320
Event: 4,989 Thread 0x00007f7fa404c000 DEOPT UNPACKING pc=0x00007f7fe9047633 sp=0x00007f7fafcfa040 mode 0
Event: 4,989 Thread 0x00007f7fa404c000 DEOPT PACKING pc=0x00007f7fe9451ec4 sp=0x00007f7fafcfa320
Event: 4,989 Thread 0x00007f7fa404c000 DEOPT UNPACKING pc=0x00007f7fe9047633 sp=0x00007f7fafcfa040 mode 0
Event: 4,989 Thread 0x00007f7fa404c000 DEOPT PACKING pc=0x00007f7fe9451ec4 sp=0x00007f7fafcfa320
Event: 4,989 Thread 0x00007f7fa404c000 DEOPT UNPACKING pc=0x00007f7fe9047633 sp=0x00007f7fafcfa040 mode 0
Event: 4,989 Thread 0x00007f7fa404c000 DEOPT PACKING pc=0x00007f7fe9451ec4 sp=0x00007f7fafcfa320
Event: 4,989 Thread 0x00007f7fa404c000 DEOPT UNPACKING pc=0x00007f7fe9047633 sp=0x00007f7fafcfa040 mode 0


Dynamic libraries:
00400000-00401000 r-xp 00000000 08:09 1469774                            /usr/lib/jvm/jdk1.8.0_77/bin/java
00600000-00601000 rw-p 00000000 08:09 1469774                            /usr/lib/jvm/jdk1.8.0_77/bin/java
00a78000-00a99000 rw-p 00000000 00:00 0                                  [heap]
a4c00000-a8980000 rw-p 00000000 00:00 0 
a8980000-e1980000 ---p 00000000 00:00 0 
e1980000-e3800000 rw-p 00000000 00:00 0 
e3800000-100000000 ---p 00000000 00:00 0 
100000000-1002a0000 rw-p 00000000 00:00 0 
1002a0000-140000000 ---p 00000000 00:00 0 
7f7f78000000-7f7f78021000 rw-p 00000000 00:00 0 
7f7f78021000-7f7f7c000000 ---p 00000000 00:00 0 
7f7f80000000-7f7f80021000 rw-p 00000000 00:00 0 
7f7f80021000-7f7f84000000 ---p 00000000 00:00 0 
7f7f84000000-7f7f842fa000 rw-p 00000000 00:00 0 
7f7f842fa000-7f7f88000000 ---p 00000000 00:00 0 
7f7f88000000-7f7f88021000 rw-p 00000000 00:00 0 
7f7f88021000-7f7f8c000000 ---p 00000000 00:00 0 
7f7f8c000000-7f7f8c022000 rw-p 00000000 00:00 0 
7f7f8c022000-7f7f90000000 ---p 00000000 00:00 0 
7f7f90000000-7f7f90021000 rw-p 00000000 00:00 0 
7f7f90021000-7f7f94000000 ---p 00000000 00:00 0 
7f7f954bb000-7f7f954bc000 rw-s 00000000 00:05 175766                     /drm mm object (deleted)
7f7f954bc000-7f7f954c4000 rw-s 00000000 00:05 177189                     /drm mm object (deleted)
7f7f954d4000-7f7f954dc000 rw-s 00000000 00:05 177186                     /drm mm object (deleted)
7f7f954ec000-7f7f954f4000 rw-s 00000000 00:05 177183                     /drm mm object (deleted)
7f7f95504000-7f7f9550c000 rw-s 00000000 00:05 177180                     /drm mm object (deleted)
7f7f9550c000-7f7f9551c000 rw-s 00000000 00:05 177178                     /drm mm object (deleted)
7f7f9551c000-7f7f95524000 rw-s 00000000 00:05 177177                     /drm mm object (deleted)
7f7f95524000-7f7f95534000 rw-s 00000000 00:05 177175                     /drm mm object (deleted)
7f7f95534000-7f7f9553c000 rw-s 00000000 00:05 177174                     /drm mm object (deleted)
7f7f9553c000-7f7f95544000 rw-s 00000000 00:05 177172                     /drm mm object (deleted)
7f7f9556c000-7f7f9557c000 rw-s 00000000 00:05 177165                     /drm mm object (deleted)
7f7f9557c000-7f7f95584000 rw-s 00000000 00:05 177164                     /drm mm object (deleted)
7f7f95584000-7f7f95594000 rw-s 00000000 00:05 177162                     /drm mm object (deleted)
7f7f95594000-7f7f9559c000 rw-s 00000000 00:05 177161                     /drm mm object (deleted)
7f7f9559c000-7f7f955ac000 rw-s 00000000 00:05 177159                     /drm mm object (deleted)
7f7f955ac000-7f7f955b4000 rw-s 00000000 00:05 177158                     /drm mm object (deleted)
7f7f955b4000-7f7f955c4000 rw-s 00000000 00:05 177156                     /drm mm object (deleted)
7f7f955c4000-7f7f955cc000 rw-s 00000000 00:05 177155                     /drm mm object (deleted)
7f7f955e4000-7f7f955ec000 rw-s 00000000 00:05 174079                     /drm mm object (deleted)
7f7f955ec000-7f7f955fc000 rw-s 00000000 00:05 175788                     /drm mm object (deleted)
7f7f95604000-7f7f95614000 rw-s 00000000 00:05 175785                     /drm mm object (deleted)
7f7f9561c000-7f7f9562c000 rw-s 00000000 00:05 175782                     /drm mm object (deleted)
7f7f9564c000-7f7f95650000 rw-s 10182d000 00:06 261                       /dev/dri/card0
7f7f95650000-7f7f95810000 rw-s 00000000 00:05 176222                     /drm mm object (deleted)
7f7f95810000-7f7f959d0000 rw-s 10149d000 00:06 261                       /dev/dri/card0
7f7f959d0000-7f7f95b90000 rw-s 00000000 00:05 175775                     /drm mm object (deleted)
7f7f95b90000-7f7f95ba0000 rw-s 00000000 00:05 175773                     /drm mm object (deleted)
7f7f95ba0000-7f7f95ba8000 rw-s 00000000 00:05 175772                     /drm mm object (deleted)
7f7f95ba8000-7f7f95c08000 rw-s 00000000 00:05 175771                     /drm mm object (deleted)
7f7f95c08000-7f7f95c16000 rw-s 00000000 00:05 175770                     /drm mm object (deleted)
7f7f95c16000-7f7f95c26000 rw-s 00000000 00:05 175769                     /drm mm object (deleted)
7f7f95c26000-7f7f95c32000 rw-s 00000000 00:05 175732                     /drm mm object (deleted)
7f7f95c32000-7f7f95d32000 rw-p 00000000 00:00 0 
7f7f95d32000-7f7f95e32000 ---p 00000000 00:00 0 
7f7f95e32000-7f7f95e35000 ---p 00000000 00:00 0 
7f7f95e35000-7f7f95f33000 rw-p 00000000 00:00 0                          [stack:9620]
7f7f95f33000-7f7f95fec000 r--p 00000000 08:09 1182760                    /usr/share/fonts/truetype/dejavu/DejaVuSans.ttf
7f7f95fec000-7f7f96041000 r--p 00000000 08:09 1970582                    /usr/lib/jvm/jdk1.8.0_77/jre/lib/fonts/LucidaBrightRegular.ttf
7f7f96041000-7f7f9607d000 r--p 00000000 08:09 1970590                    /usr/lib/jvm/jdk1.8.0_77/jre/lib/fonts/LucidaTypewriterRegular.ttf
7f7f9607d000-7f7f96091000 r--p 00000000 08:09 1970578                    /usr/lib/jvm/jdk1.8.0_77/jre/lib/fonts/LucidaBrightItalic.ttf
7f7f96091000-7f7f9613c000 r--p 00000000 08:09 1970580                    /usr/lib/jvm/jdk1.8.0_77/jre/lib/fonts/LucidaSansRegular.ttf
7f7f9613c000-7f7f96140000 r-xp 00000000 08:09 2106593                    /usr/lib/jvm/jdk1.8.0_77/jre/lib/amd64/libjavafx_font_pango.so
7f7f96140000-7f7f9633f000 ---p 00004000 08:09 2106593                    /usr/lib/jvm/jdk1.8.0_77/jre/lib/amd64/libjavafx_font_pango.so
7f7f9633f000-7f7f96340000 rw-p 00003000 08:09 2106593                    /usr/lib/jvm/jdk1.8.0_77/jre/lib/amd64/libjavafx_font_pango.so
7f7f96340000-7f7f96540000 rw-p 00000000 00:00 0 
7f7f96540000-7f7f96740000 rw-p 00000000 00:00 0 
7f7f96740000-7f7f96745000 r-xp 00000000 08:09 2106596                    /usr/lib/jvm/jdk1.8.0_77/jre/lib/amd64/libjavafx_font_freetype.so
7f7f96745000-7f7f96944000 ---p 00005000 08:09 2106596                    /usr/lib/jvm/jdk1.8.0_77/jre/lib/amd64/libjavafx_font_freetype.so
7f7f96944000-7f7f96945000 rw-p 00004000 08:09 2106596                    /usr/lib/jvm/jdk1.8.0_77/jre/lib/amd64/libjavafx_font_freetype.so
7f7f96945000-7f7f96948000 r-xp 00000000 08:09 2106640                    /usr/lib/jvm/jdk1.8.0_77/jre/lib/amd64/libjavafx_font.so
7f7f96948000-7f7f96b47000 ---p 00003000 08:09 2106640                    /usr/lib/jvm/jdk1.8.0_77/jre/lib/amd64/libjavafx_font.so
7f7f96b47000-7f7f96b48000 rw-p 00002000 08:09 2106640                    /usr/lib/jvm/jdk1.8.0_77/jre/lib/amd64/libjavafx_font.so
7f7f96b48000-7f7f96d48000 rw-p 00000000 00:00 0 
7f7f96d48000-7f7f96d4b000 ---p 00000000 00:00 0 
7f7f96d4b000-7f7f96e49000 rw-p 00000000 00:00 0                          [stack:9614]
7f7f96e49000-7f7f96e4a000 ---p 00000000 00:00 0 
7f7f96e4a000-7f7f9764a000 rw-p 00000000 00:00 0                          [stack:9612]
7f7f9764a000-7f7f9764b000 ---p 00000000 00:00 0 
7f7f9764b000-7f7f97e4b000 rw-p 00000000 00:00 0                          [stack:9611]
7f7f97e4b000-7f7f97e4c000 ---p 00000000 00:00 0 
7f7f97e4c000-7f7f9864c000 rw-p 00000000 00:00 0                          [stack:9610]
7f7f9864c000-7f7f98657000 r-xp 00000000 08:09 525458                     /usr/lib/x86_64-linux-gnu/gio/modules/libdconfsettings.so
7f7f98657000-7f7f98857000 ---p 0000b000 08:09 525458                     /usr/lib/x86_64-linux-gnu/gio/modules/libdconfsettings.so
7f7f98857000-7f7f98858000 r--p 0000b000 08:09 525458                     /usr/lib/x86_64-linux-gnu/gio/modules/libdconfsettings.so
7f7f98858000-7f7f98859000 rw-p 0000c000 08:09 525458                     /usr/lib/x86_64-linux-gnu/gio/modules/libdconfsettings.so
7f7f98859000-7f7f98860000 r-xp 00000000 08:09 140533                     /usr/lib/x86_64-linux-gnu/libogg.so.0.8.2
7f7f98860000-7f7f98a60000 ---p 00007000 08:09 140533                     /usr/lib/x86_64-linux-gnu/libogg.so.0.8.2
7f7f98a60000-7f7f98a61000 r--p 00007000 08:09 140533                     /usr/lib/x86_64-linux-gnu/libogg.so.0.8.2
7f7f98a61000-7f7f98a62000 rw-p 00008000 08:09 140533                     /usr/lib/x86_64-linux-gnu/libogg.so.0.8.2
7f7f98a62000-7f7f98a8d000 r-xp 00000000 08:09 140853                     /usr/lib/x86_64-linux-gnu/libvorbis.so.0.4.7
7f7f98a8d000-7f7f98c8c000 ---p 0002b000 08:09 140853                     /usr/lib/x86_64-linux-gnu/libvorbis.so.0.4.7
7f7f98c8c000-7f7f98c8d000 r--p 0002a000 08:09 140853                     /usr/lib/x86_64-linux-gnu/libvorbis.so.0.4.7
7f7f98c8d000-7f7f98c8e000 rw-p 0002b000 08:09 140853                     /usr/lib/x86_64-linux-gnu/libvorbis.so.0.4.7
7f7f98c8e000-7f7f98c97000 r-xp 00000000 08:09 140418                     /usr/lib/x86_64-linux-gnu/libltdl.so.7.3.0
7f7f98c97000-7f7f98e96000 ---p 00009000 08:09 140418                     /usr/lib/x86_64-linux-gnu/libltdl.so.7.3.0
7f7f98e96000-7f7f98e97000 r--p 00008000 08:09 140418                     /usr/lib/x86_64-linux-gnu/libltdl.so.7.3.0
7f7f98e97000-7f7f98e98000 rw-p 00009000 08:09 140418                     /usr/lib/x86_64-linux-gnu/libltdl.so.7.3.0
7f7f98e98000-7f7f98eac000 r-xp 00000000 08:09 140760                     /usr/lib/x86_64-linux-gnu/libtdb.so.1.3.5
7f7f98eac000-7f7f990ab000 ---p 00014000 08:09 140760                     /usr/lib/x86_64-linux-gnu/libtdb.so.1.3.5
7f7f990ab000-7f7f990ac000 r--p 00013000 08:09 140760                     /usr/lib/x86_64-linux-gnu/libtdb.so.1.3.5
7f7f990ac000-7f7f990ad000 rw-p 00014000 08:09 140760                     /usr/lib/x86_64-linux-gnu/libtdb.so.1.3.5
7f7f990ad000-7f7f990b4000 r-xp 00000000 08:09 140857                     /usr/lib/x86_64-linux-gnu/libvorbisfile.so.3.3.6
7f7f990b4000-7f7f992b4000 ---p 00007000 08:09 140857                     /usr/lib/x86_64-linux-gnu/libvorbisfile.so.3.3.6
7f7f992b4000-7f7f992b5000 r--p 00007000 08:09 140857                     /usr/lib/x86_64-linux-gnu/libvorbisfile.so.3.3.6
7f7f992b5000-7f7f992b6000 rw-p 00008000 08:09 140857                     /usr/lib/x86_64-linux-gnu/libvorbisfile.so.3.3.6
7f7f992b6000-7f7f992c6000 r-xp 00000000 08:09 139927                     /usr/lib/x86_64-linux-gnu/libcanberra.so.0.2.5
7f7f992c6000-7f7f994c6000 ---p 00010000 08:09 139927                     /usr/lib/x86_64-linux-gnu/libcanberra.so.0.2.5
7f7f994c6000-7f7f994c7000 r--p 00010000 08:09 139927                     /usr/lib/x86_64-linux-gnu/libcanberra.so.0.2.5
7f7f994c7000-7f7f994c8000 rw-p 00011000 08:09 139927                     /usr/lib/x86_64-linux-gnu/libcanberra.so.0.2.5
7f7f994c8000-7f7f994cc000 r-xp 00000000 08:09 139923                     /usr/lib/x86_64-linux-gnu/libcanberra-gtk.so.0.1.9
7f7f994cc000-7f7f996cb000 ---p 00004000 08:09 139923                     /usr/lib/x86_64-linux-gnu/libcanberra-gtk.so.0.1.9
7f7f996cb000-7f7f996cc000 r--p 00003000 08:09 139923                     /usr/lib/x86_64-linux-gnu/libcanberra-gtk.so.0.1.9
7f7f996cc000-7f7f996cd000 rw-p 00004000 08:09 139923                     /usr/lib/x86_64-linux-gnu/libcanberra-gtk.so.0.1.9
7f7f996cd000-7f7f996d2000 r-xp 00000000 08:09 525672                     /usr/lib/x86_64-linux-gnu/gtk-2.0/modules/libcanberra-gtk-module.so
7f7f996d2000-7f7f998d1000 ---p 00005000 08:09 525672                     /usr/lib/x86_64-linux-gnu/gtk-2.0/modules/libcanberra-gtk-module.so
7f7f998d1000-7f7f998d2000 r--p 00004000 08:09 525672                     /usr/lib/x86_64-linux-gnu/gtk-2.0/modules/libcanberra-gtk-module.so
7f7f998d2000-7f7f998d3000 rw-p 00005000 08:09 525672                     /usr/lib/x86_64-linux-gnu/gtk-2.0/modules/libcanberra-gtk-module.so
7f7f998d3000-7f7f99902000 r-xp 00000000 08:09 525654                     /usr/lib/x86_64-linux-gnu/gtk-2.0/2.10.0/engines/libmurrine.so
7f7f99902000-7f7f99b02000 ---p 0002f000 08:09 525654                     /usr/lib/x86_64-linux-gnu/gtk-2.0/2.10.0/engines/libmurrine.so
7f7f99b02000-7f7f99b03000 r--p 0002f000 08:09 525654                     /usr/lib/x86_64-linux-gnu/gtk-2.0/2.10.0/engines/libmurrine.so
7f7f99b03000-7f7f99b04000 rw-p 00030000 08:09 525654                     /usr/lib/x86_64-linux-gnu/gtk-2.0/2.10.0/engines/libmurrine.so
7f7f99b04000-7f7f99b14000 r-xp 00000000 08:09 140816                     /usr/lib/x86_64-linux-gnu/libunity-gtk2-parser.so.0.0.0
7f7f99b14000-7f7f99d14000 ---p 00010000 08:09 140816                     /usr/lib/x86_64-linux-gnu/libunity-gtk2-parser.so.0.0.0
7f7f99d14000-7f7f99d15000 r--p 00010000 08:09 140816                     /usr/lib/x86_64-linux-gnu/libunity-gtk2-parser.so.0.0.0
7f7f99d15000-7f7f99d16000 rw-p 00011000 08:09 140816                     /usr/lib/x86_64-linux-gnu/libunity-gtk2-parser.so.0.0.0
7f7f99d16000-7f7f99d1b000 r-xp 00000000 08:09 525676                     /usr/lib/x86_64-linux-gnu/gtk-2.0/modules/libunity-gtk-module.so
7f7f99d1b000-7f7f99f1a000 ---p 00005000 08:09 525676                     /usr/lib/x86_64-linux-gnu/gtk-2.0/modules/libunity-gtk-module.so
7f7f99f1a000-7f7f99f1b000 r--p 00004000 08:09 525676                     /usr/lib/x86_64-linux-gnu/gtk-2.0/modules/libunity-gtk-module.so
7f7f99f1b000-7f7f99f1c000 rw-p 00005000 08:09 525676                     /usr/lib/x86_64-linux-gnu/gtk-2.0/modules/libunity-gtk-module.so
7f7f99f1c000-7f7f99f2d000 r-xp 00000000 08:09 525675                     /usr/lib/x86_64-linux-gnu/gtk-2.0/modules/liboverlay-scrollbar.so
7f7f99f2d000-7f7f9a12d000 ---p 00011000 08:09 525675                     /usr/lib/x86_64-linux-gnu/gtk-2.0/modules/liboverlay-scrollbar.so
7f7f9a12d000-7f7f9a12e000 r--p 00011000 08:09 525675                     /usr/lib/x86_64-linux-gnu/gtk-2.0/modules/liboverlay-scrollbar.so
7f7f9a12e000-7f7f9a12f000 rw-p 00012000 08:09 525675                     /usr/lib/x86_64-linux-gnu/gtk-2.0/modules/liboverlay-scrollbar.so
7f7f9a12f000-7f7f9a158000 r-xp 00000000 08:09 2106616                    /usr/lib/jvm/jdk1.8.0_77/jre/lib/amd64/libglass.so
7f7f9a158000-7f7f9a357000 ---p 00029000 08:09 2106616                    /usr/lib/jvm/jdk1.8.0_77/jre/lib/amd64/libglass.so
7f7f9a357000-7f7f9a35a000 rw-p 00028000 08:09 2106616                    /usr/lib/jvm/jdk1.8.0_77/jre/lib/amd64/libglass.so
7f7f9a35a000-7f7f9a391000 r-xp 00000000 08:09 140799                     /usr/lib/x86_64-linux-gnu/libtxc_dxtn_s2tc.so.0.0.0
7f7f9a391000-7f7f9a590000 ---p 00037000 08:09 140799                     /usr/lib/x86_64-linux-gnu/libtxc_dxtn_s2tc.so.0.0.0
7f7f9a590000-7f7f9a591000 r--p 00036000 08:09 140799                     /usr/lib/x86_64-linux-gnu/libtxc_dxtn_s2tc.so.0.0.0
7f7f9a591000-7f7f9a592000 rw-p 00037000 08:09 140799                     /usr/lib/x86_64-linux-gnu/libtxc_dxtn_s2tc.so.0.0.0
7f7f9a592000-7f7f9a59a000 r-xp 00000000 08:09 140563                     /usr/lib/x86_64-linux-gnu/libpciaccess.so.0.11.1
7f7f9a59a000-7f7f9a79a000 ---p 00008000 08:09 140563                     /usr/lib/x86_64-linux-gnu/libpciaccess.so.0.11.1
7f7f9a79a000-7f7f9a79b000 r--p 00008000 08:09 140563                     /usr/lib/x86_64-linux-gnu/libpciaccess.so.0.11.1
7f7f9a79b000-7f7f9a79c000 rw-p 00009000 08:09 140563                     /usr/lib/x86_64-linux-gnu/libpciaccess.so.0.11.1
7f7f9a79c000-7f7f9a7a7000 r-xp 00000000 08:09 140053                     /usr/lib/x86_64-linux-gnu/libdrm_radeon.so.1.0.1
7f7f9a7a7000-7f7f9a9a6000 ---p 0000b000 08:09 140053                     /usr/lib/x86_64-linux-gnu/libdrm_radeon.so.1.0.1
7f7f9a9a6000-7f7f9a9a7000 r--p 0000a000 08:09 140053                     /usr/lib/x86_64-linux-gnu/libdrm_radeon.so.1.0.1
7f7f9a9a7000-7f7f9a9a8000 rw-p 0000b000 08:09 140053                     /usr/lib/x86_64-linux-gnu/libdrm_radeon.so.1.0.1
7f7f9a9a8000-7f7f9a9ae000 r-xp 00000000 08:09 140051                     /usr/lib/x86_64-linux-gnu/libdrm_nouveau.so.2.0.0
7f7f9a9ae000-7f7f9abad000 ---p 00006000 08:09 140051                     /usr/lib/x86_64-linux-gnu/libdrm_nouveau.so.2.0.0
7f7f9abad000-7f7f9abae000 r--p 00005000 08:09 140051                     /usr/lib/x86_64-linux-gnu/libdrm_nouveau.so.2.0.0
7f7f9abae000-7f7f9abaf000 rw-p 00006000 08:09 140051                     /usr/lib/x86_64-linux-gnu/libdrm_nouveau.so.2.0.0
7f7f9abaf000-7f7f9abcf000 r-xp 00000000 08:09 140049                     /usr/lib/x86_64-linux-gnu/libdrm_intel.so.1.0.0
7f7f9abcf000-7f7f9adce000 ---p 00020000 08:09 140049                     /usr/lib/x86_64-linux-gnu/libdrm_intel.so.1.0.0
7f7f9adce000-7f7f9adcf000 r--p 0001f000 08:09 140049                     /usr/lib/x86_64-linux-gnu/libdrm_intel.so.1.0.0
7f7f9adcf000-7f7f9add0000 rw-p 00020000 08:09 140049                     /usr/lib/x86_64-linux-gnu/libdrm_intel.so.1.0.0
7f7f9add0000-7f7f9b382000 r-xp 00000000 08:09 524782                     /usr/lib/x86_64-linux-gnu/dri/i965_dri.so
7f7f9b382000-7f7f9b581000 ---p 005b2000 08:09 524782                     /usr/lib/x86_64-linux-gnu/dri/i965_dri.so
7f7f9b581000-7f7f9b5ae000 r--p 005b1000 08:09 524782                     /usr/lib/x86_64-linux-gnu/dri/i965_dri.so
7f7f9b5ae000-7f7f9b5b4000 rw-p 005de000 08:09 524782                     /usr/lib/x86_64-linux-gnu/dri/i965_dri.so
7f7f9b5b4000-7f7f9b5bc000 rw-p 00000000 00:00 0 
7f7f9b5bc000-7f7f9b5c2000 r-xp 00000000 08:09 140002                     /usr/lib/x86_64-linux-gnu/libdatrie.so.1.3.2
7f7f9b5c2000-7f7f9b7c1000 ---p 00006000 08:09 140002                     /usr/lib/x86_64-linux-gnu/libdatrie.so.1.3.2
7f7f9b7c1000-7f7f9b7c2000 r--p 00005000 08:09 140002                     /usr/lib/x86_64-linux-gnu/libdatrie.so.1.3.2
7f7f9b7c2000-7f7f9b7c3000 rw-p 00006000 08:09 140002                     /usr/lib/x86_64-linux-gnu/libdatrie.so.1.3.2
7f7f9b7c3000-7f7f9b7c8000 r-xp 00000000 08:09 139785                     /usr/lib/x86_64-linux-gnu/libXdmcp.so.6.0.0
7f7f9b7c8000-7f7f9b9c7000 ---p 00005000 08:09 139785                     /usr/lib/x86_64-linux-gnu/libXdmcp.so.6.0.0
7f7f9b9c7000-7f7f9b9c8000 r--p 00004000 08:09 139785                     /usr/lib/x86_64-linux-gnu/libXdmcp.so.6.0.0
7f7f9b9c8000-7f7f9b9c9000 rw-p 00005000 08:09 139785                     /usr/lib/x86_64-linux-gnu/libXdmcp.so.6.0.0
7f7f9b9c9000-7f7f9b9cb000 r-xp 00000000 08:09 139774                     /usr/lib/x86_64-linux-gnu/libXau.so.6.0.0
7f7f9b9cb000-7f7f9bbcb000 ---p 00002000 08:09 139774                     /usr/lib/x86_64-linux-gnu/libXau.so.6.0.0
7f7f9bbcb000-7f7f9bbcc000 r--p 00002000 08:09 139774                     /usr/lib/x86_64-linux-gnu/libXau.so.6.0.0
7f7f9bbcc000-7f7f9bbcd000 rw-p 00003000 08:09 139774                     /usr/lib/x86_64-linux-gnu/libXau.so.6.0.0
7f7f9bbcd000-7f7f9bbf0000 r-xp 00000000 08:09 131585                     /usr/lib/x86_64-linux-gnu/libgraphite2.so.3.0.1
7f7f9bbf0000-7f7f9bdef000 ---p 00023000 08:09 131585                     /usr/lib/x86_64-linux-gnu/libgraphite2.so.3.0.1
7f7f9bdef000-7f7f9bdf1000 r--p 00022000 08:09 131585                     /usr/lib/x86_64-linux-gnu/libgraphite2.so.3.0.1
7f7f9bdf1000-7f7f9bdf2000 rw-p 00024000 08:09 131585                     /usr/lib/x86_64-linux-gnu/libgraphite2.so.3.0.1
7f7f9bdf2000-7f7f9bdff000 r-xp 00000000 08:09 140045                     /usr/lib/x86_64-linux-gnu/libdrm.so.2.4.0
7f7f9bdff000-7f7f9bffe000 ---p 0000d000 08:09 140045                     /usr/lib/x86_64-linux-gnu/libdrm.so.2.4.0
7f7f9bffe000-7f7f9bfff000 r--p 0000c000 08:09 140045                     /usr/lib/x86_64-linux-gnu/libdrm.so.2.4.0
7f7f9bfff000-7f7f9c000000 rw-p 0000d000 08:09 140045                     /usr/lib/x86_64-linux-gnu/libdrm.so.2.4.0
7f7f9c000000-7f7f9dd01000 rw-p 00000000 00:00 0 
7f7f9dd01000-7f7fa0000000 ---p 00000000 00:00 0 
7f7fa0002000-7f7fa0015000 r--p 00000000 08:09 1970588                    /usr/lib/jvm/jdk1.8.0_77/jre/lib/fonts/LucidaBrightDemiItalic.ttf
7f7fa0015000-7f7fa0063000 r--p 00000000 08:09 1970584                    /usr/lib/jvm/jdk1.8.0_77/jre/lib/fonts/LucidaSansDemiBold.ttf
7f7fa0063000-7f7fa009d000 r--p 00000000 08:09 1970592                    /usr/lib/jvm/jdk1.8.0_77/jre/lib/fonts/LucidaTypewriterBold.ttf
7f7fa009d000-7f7fa00b0000 r--p 00000000 08:09 1970594                    /usr/lib/jvm/jdk1.8.0_77/jre/lib/fonts/LucidaBrightDemiBold.ttf
7f7fa00b0000-7f7fa00b5000 r--s 00084000 08:09 1970554                    /usr/lib/jvm/jdk1.8.0_77/jre/lib/jfr.jar
7f7fa00b5000-7f7fa00bf000 r--s 00116000 08:09 1970867                    /usr/lib/jvm/jdk1.8.0_77/jre/lib/ext/localedata.jar
7f7fa00bf000-7f7fa00ca000 r--s 00000000 08:09 3670106                    /var/cache/fontconfig/945677eb7aeaf62f1d50efc3fb3ec7d8-le64.cache-4
7f7fa00ca000-7f7fa00d0000 r--s 00000000 08:09 3670091                    /var/cache/fontconfig/2cd17615ca594fa2959ae173292e504c-le64.cache-4
7f7fa00d0000-7f7fa00d7000 r--s 00000000 08:09 3670110                    /var/cache/fontconfig/a755afe4a08bf5b97852ceb7400b47bc-le64.cache-4
7f7fa00d7000-7f7fa00db000 r--s 00000000 08:09 3678131                    /var/cache/fontconfig/de156ccd2eddbdc19d37a45b8b2aac9c-le64.cache-4
7f7fa00db000-7f7fa00f1000 r--s 00000000 08:09 3670086                    /var/cache/fontconfig/04aabc0a78ac019cf9454389977116d2-le64.cache-4
7f7fa00f1000-7f7fa00f2000 r-xp 00000000 08:09 140978                     /usr/lib/x86_64-linux-gnu/libxshmfence.so.1.0.0
7f7fa00f2000-7f7fa02f2000 ---p 00001000 08:09 140978                     /usr/lib/x86_64-linux-gnu/libxshmfence.so.1.0.0
7f7fa02f2000-7f7fa02f3000 r--p 00001000 08:09 140978                     /usr/lib/x86_64-linux-gnu/libxshmfence.so.1.0.0
7f7fa02f3000-7f7fa02f4000 rw-p 00002000 08:09 140978                     /usr/lib/x86_64-linux-gnu/libxshmfence.so.1.0.0
7f7fa02f4000-7f7fa02f9000 r-xp 00000000 08:09 140960                     /usr/lib/x86_64-linux-gnu/libxcb-sync.so.1.0.0
7f7fa02f9000-7f7fa04f9000 ---p 00005000 08:09 140960                     /usr/lib/x86_64-linux-gnu/libxcb-sync.so.1.0.0
7f7fa04f9000-7f7fa04fa000 r--p 00005000 08:09 140960                     /usr/lib/x86_64-linux-gnu/libxcb-sync.so.1.0.0
7f7fa04fa000-7f7fa04fb000 rw-p 00006000 08:09 140960                     /usr/lib/x86_64-linux-gnu/libxcb-sync.so.1.0.0
7f7fa04fb000-7f7fa04fd000 r-xp 00000000 08:09 140948                     /usr/lib/x86_64-linux-gnu/libxcb-present.so.0.0.0
7f7fa04fd000-7f7fa06fc000 ---p 00002000 08:09 140948                     /usr/lib/x86_64-linux-gnu/libxcb-present.so.0.0.0
7f7fa06fc000-7f7fa06fd000 r--p 00001000 08:09 140948                     /usr/lib/x86_64-linux-gnu/libxcb-present.so.0.0.0
7f7fa06fd000-7f7fa06fe000 rw-p 00002000 08:09 140948                     /usr/lib/x86_64-linux-gnu/libxcb-present.so.0.0.0
7f7fa06fe000-7f7fa0700000 r-xp 00000000 08:09 140938                     /usr/lib/x86_64-linux-gnu/libxcb-dri3.so.0.0.0
7f7fa0700000-7f7fa08ff000 ---p 00002000 08:09 140938                     /usr/lib/x86_64-linux-gnu/libxcb-dri3.so.0.0.0
7f7fa08ff000-7f7fa0900000 r--p 00001000 08:09 140938                     /usr/lib/x86_64-linux-gnu/libxcb-dri3.so.0.0.0
7f7fa0900000-7f7fa0901000 rw-p 00002000 08:09 140938                     /usr/lib/x86_64-linux-gnu/libxcb-dri3.so.0.0.0
7f7fa0901000-7f7fa0905000 r-xp 00000000 08:09 140936                     /usr/lib/x86_64-linux-gnu/libxcb-dri2.so.0.0.0
7f7fa0905000-7f7fa0b04000 ---p 00004000 08:09 140936                     /usr/lib/x86_64-linux-gnu/libxcb-dri2.so.0.0.0
7f7fa0b04000-7f7fa0b05000 r--p 00003000 08:09 140936                     /usr/lib/x86_64-linux-gnu/libxcb-dri2.so.0.0.0
7f7fa0b05000-7f7fa0b06000 rw-p 00004000 08:09 140936                     /usr/lib/x86_64-linux-gnu/libxcb-dri2.so.0.0.0
7f7fa0b06000-7f7fa0b1d000 r-xp 00000000 08:09 140940                     /usr/lib/x86_64-linux-gnu/libxcb-glx.so.0.0.0
7f7fa0b1d000-7f7fa0d1c000 ---p 00017000 08:09 140940                     /usr/lib/x86_64-linux-gnu/libxcb-glx.so.0.0.0
7f7fa0d1c000-7f7fa0d1e000 r--p 00016000 08:09 140940                     /usr/lib/x86_64-linux-gnu/libxcb-glx.so.0.0.0
7f7fa0d1e000-7f7fa0d1f000 rw-p 00018000 08:09 140940                     /usr/lib/x86_64-linux-gnu/libxcb-glx.so.0.0.0
7f7fa0d1f000-7f7fa0d20000 r-xp 00000000 08:09 139768                     /usr/lib/x86_64-linux-gnu/libX11-xcb.so.1.0.0
7f7fa0d20000-7f7fa0f1f000 ---p 00001000 08:09 139768                     /usr/lib/x86_64-linux-gnu/libX11-xcb.so.1.0.0
7f7fa0f1f000-7f7fa0f20000 r--p 00000000 08:09 139768                     /usr/lib/x86_64-linux-gnu/libX11-xcb.so.1.0.0
7f7fa0f20000-7f7fa0f21000 rw-p 00001000 08:09 139768                     /usr/lib/x86_64-linux-gnu/libX11-xcb.so.1.0.0
7f7fa0f21000-7f7fa0f4a000 r-xp 00000000 08:09 140204                     /usr/lib/x86_64-linux-gnu/libglapi.so.0.0.0
7f7fa0f4a000-7f7fa1149000 ---p 00029000 08:09 140204                     /usr/lib/x86_64-linux-gnu/libglapi.so.0.0.0
7f7fa1149000-7f7fa114d000 r--p 00028000 08:09 140204                     /usr/lib/x86_64-linux-gnu/libglapi.so.0.0.0
7f7fa114d000-7f7fa114e000 rw-p 0002c000 08:09 140204                     /usr/lib/x86_64-linux-gnu/libglapi.so.0.0.0
7f7fa114e000-7f7fa114f000 rw-p 00000000 00:00 0 
7f7fa114f000-7f7fa11bb000 r-xp 00000000 08:09 2235727                    /lib/x86_64-linux-gnu/libpcre.so.3.13.1
7f7fa11bb000-7f7fa13bb000 ---p 0006c000 08:09 2235727                    /lib/x86_64-linux-gnu/libpcre.so.3.13.1
7f7fa13bb000-7f7fa13bc000 r--p 0006c000 08:09 2235727                    /lib/x86_64-linux-gnu/libpcre.so.3.13.1
7f7fa13bc000-7f7fa13bd000 rw-p 0006d000 08:09 2235727                    /lib/x86_64-linux-gnu/libpcre.so.3.13.1
7f7fa13bd000-7f7fa13c4000 r-xp 00000000 08:09 140093                     /usr/lib/x86_64-linux-gnu/libffi.so.6.0.4
7f7fa13c4000-7f7fa15c3000 ---p 00007000 08:09 140093                     /usr/lib/x86_64-linux-gnu/libffi.so.6.0.4
7f7fa15c3000-7f7fa15c4000 r--p 00006000 08:09 140093                     /usr/lib/x86_64-linux-gnu/libffi.so.6.0.4
7f7fa15c4000-7f7fa15c5000 rw-p 00007000 08:09 140093                     /usr/lib/x86_64-linux-gnu/libffi.so.6.0.4
7f7fa15c5000-7f7fa15eb000 r-xp 00000000 08:09 2232716                    /lib/x86_64-linux-gnu/libexpat.so.1.6.0
7f7fa15eb000-7f7fa17eb000 ---p 00026000 08:09 2232716                    /lib/x86_64-linux-gnu/libexpat.so.1.6.0
7f7fa17eb000-7f7fa17ed000 r--p 00026000 08:09 2232716                    /lib/x86_64-linux-gnu/libexpat.so.1.6.0
7f7fa17ed000-7f7fa17ee000 rw-p 00028000 08:09 2232716                    /lib/x86_64-linux-gnu/libexpat.so.1.6.0
7f7fa17ee000-7f7fa17f6000 r-xp 00000000 08:09 140772                     /usr/lib/x86_64-linux-gnu/libthai.so.0.2.2
7f7fa17f6000-7f7fa19f5000 ---p 00008000 08:09 140772                     /usr/lib/x86_64-linux-gnu/libthai.so.0.2.2
7f7fa19f5000-7f7fa19f6000 r--p 00007000 08:09 140772                     /usr/lib/x86_64-linux-gnu/libthai.so.0.2.2
7f7fa19f6000-7f7fa19f7000 rw-p 00008000 08:09 140772                     /usr/lib/x86_64-linux-gnu/libthai.so.0.2.2
7f7fa19f7000-7f7fa1a17000 r-xp 00000000 08:09 140968                     /usr/lib/x86_64-linux-gnu/libxcb.so.1.1.0
7f7fa1a17000-7f7fa1c16000 ---p 00020000 08:09 140968                     /usr/lib/x86_64-linux-gnu/libxcb.so.1.1.0
7f7fa1c16000-7f7fa1c17000 r--p 0001f000 08:09 140968                     /usr/lib/x86_64-linux-gnu/libxcb.so.1.1.0
7f7fa1c17000-7f7fa1c18000 rw-p 00020000 08:09 140968                     /usr/lib/x86_64-linux-gnu/libxcb.so.1.1.0
7f7fa1c18000-7f7fa1c20000 r-xp 00000000 08:09 140954                     /usr/lib/x86_64-linux-gnu/libxcb-render.so.0.0.0
7f7fa1c20000-7f7fa1e20000 ---p 00008000 08:09 140954                     /usr/lib/x86_64-linux-gnu/libxcb-render.so.0.0.0
7f7fa1e20000-7f7fa1e21000 r--p 00008000 08:09 140954                     /usr/lib/x86_64-linux-gnu/libxcb-render.so.0.0.0
7f7fa1e21000-7f7fa1e22000 rw-p 00009000 08:09 140954                     /usr/lib/x86_64-linux-gnu/libxcb-render.so.0.0.0
7f7fa1e22000-7f7fa1e24000 r-xp 00000000 08:09 140958                     /usr/lib/x86_64-linux-gnu/libxcb-shm.so.0.0.0
7f7fa1e24000-7f7fa2024000 ---p 00002000 08:09 140958                     /usr/lib/x86_64-linux-gnu/libxcb-shm.so.0.0.0
7f7fa2024000-7f7fa2025000 r--p 00002000 08:09 140958                     /usr/lib/x86_64-linux-gnu/libxcb-shm.so.0.0.0
7f7fa2025000-7f7fa2026000 rw-p 00003000 08:09 140958                     /usr/lib/x86_64-linux-gnu/libxcb-shm.so.0.0.0
7f7fa2026000-7f7fa204b000 r-xp 00000000 08:09 2234100                    /lib/x86_64-linux-gnu/libpng12.so.0.51.0
7f7fa204b000-7f7fa224a000 ---p 00025000 08:09 2234100                    /lib/x86_64-linux-gnu/libpng12.so.0.51.0
7f7fa224a000-7f7fa224b000 r--p 00024000 08:09 2234100                    /lib/x86_64-linux-gnu/libpng12.so.0.51.0
7f7fa224b000-7f7fa224c000 rw-p 00025000 08:09 2234100                    /lib/x86_64-linux-gnu/libpng12.so.0.51.0
7f7fa224c000-7f7fa22f1000 r-xp 00000000 08:09 140574                     /usr/lib/x86_64-linux-gnu/libpixman-1.so.0.32.6
7f7fa22f1000-7f7fa24f0000 ---p 000a5000 08:09 140574                     /usr/lib/x86_64-linux-gnu/libpixman-1.so.0.32.6
7f7fa24f0000-7f7fa24f8000 r--p 000a4000 08:09 140574                     /usr/lib/x86_64-linux-gnu/libpixman-1.so.0.32.6
7f7fa24f8000-7f7fa24f9000 rw-p 000ac000 08:09 140574                     /usr/lib/x86_64-linux-gnu/libpixman-1.so.0.32.6
7f7fa24f9000-7f7fa2555000 r-xp 00000000 08:09 140328                     /usr/lib/x86_64-linux-gnu/libharfbuzz.so.0.10000.1
7f7fa2555000-7f7fa2755000 ---p 0005c000 08:09 140328                     /usr/lib/x86_64-linux-gnu/libharfbuzz.so.0.10000.1
7f7fa2755000-7f7fa2756000 r--p 0005c000 08:09 140328                     /usr/lib/x86_64-linux-gnu/libharfbuzz.so.0.10000.1
7f7fa2756000-7f7fa2757000 rw-p 0005d000 08:09 140328                     /usr/lib/x86_64-linux-gnu/libharfbuzz.so.0.10000.1
7f7fa2757000-7f7fa276e000 r-xp 00000000 08:09 2235427                    /lib/x86_64-linux-gnu/libresolv-2.21.so
7f7fa276e000-7f7fa296e000 ---p 00017000 08:09 2235427                    /lib/x86_64-linux-gnu/libresolv-2.21.so
7f7fa296e000-7f7fa296f000 r--p 00017000 08:09 2235427                    /lib/x86_64-linux-gnu/libresolv-2.21.so
7f7fa296f000-7f7fa2970000 rw-p 00018000 08:09 2235427                    /lib/x86_64-linux-gnu/libresolv-2.21.so
7f7fa2970000-7f7fa2972000 rw-p 00000000 00:00 0 
7f7fa2972000-7f7fa2993000 r-xp 00000000 08:09 2232838                    /lib/x86_64-linux-gnu/libselinux.so.1
7f7fa2993000-7f7fa2b92000 ---p 00021000 08:09 2232838                    /lib/x86_64-linux-gnu/libselinux.so.1
7f7fa2b92000-7f7fa2b93000 r--p 00020000 08:09 2232838                    /lib/x86_64-linux-gnu/libselinux.so.1
7f7fa2b93000-7f7fa2b94000 rw-p 00021000 08:09 2232838                    /lib/x86_64-linux-gnu/libselinux.so.1
7f7fa2b94000-7f7fa2b96000 rw-p 00000000 00:00 0 
7f7fa2b96000-7f7fa2baf000 r-xp 00000000 08:09 2232869                    /lib/x86_64-linux-gnu/libz.so.1.2.8
7f7fa2baf000-7f7fa2dae000 ---p 00019000 08:09 2232869                    /lib/x86_64-linux-gnu/libz.so.1.2.8
7f7fa2dae000-7f7fa2daf000 r--p 00018000 08:09 2232869                    /lib/x86_64-linux-gnu/libz.so.1.2.8
7f7fa2daf000-7f7fa2db0000 rw-p 00019000 08:09 2232869                    /lib/x86_64-linux-gnu/libz.so.1.2.8
7f7fa2db0000-7f7fa2dc1000 r-xp 00000000 08:09 139787                     /usr/lib/x86_64-linux-gnu/libXext.so.6.4.0
7f7fa2dc1000-7f7fa2fc0000 ---p 00011000 08:09 139787                     /usr/lib/x86_64-linux-gnu/libXext.so.6.4.0
7f7fa2fc0000-7f7fa2fc1000 r--p 00010000 08:09 139787                     /usr/lib/x86_64-linux-gnu/libXext.so.6.4.0
7f7fa2fc1000-7f7fa2fc2000 rw-p 00011000 08:09 139787                     /usr/lib/x86_64-linux-gnu/libXext.so.6.4.0
7f7fa2fc2000-7f7fa2fc4000 r-xp 00000000 08:09 139783                     /usr/lib/x86_64-linux-gnu/libXdamage.so.1.1.0
7f7fa2fc4000-7f7fa31c3000 ---p 00002000 08:09 139783                     /usr/lib/x86_64-linux-gnu/libXdamage.so.1.1.0
7f7fa31c3000-7f7fa31c4000 r--p 00001000 08:09 139783                     /usr/lib/x86_64-linux-gnu/libXdamage.so.1.1.0
7f7fa31c4000-7f7fa31c5000 rw-p 00002000 08:09 139783                     /usr/lib/x86_64-linux-gnu/libXdamage.so.1.1.0
7f7fa31c5000-7f7fa31c7000 r-xp 00000000 08:09 139779                     /usr/lib/x86_64-linux-gnu/libXcomposite.so.1.0.0
7f7fa31c7000-7f7fa33c6000 ---p 00002000 08:09 139779                     /usr/lib/x86_64-linux-gnu/libXcomposite.so.1.0.0
7f7fa33c6000-7f7fa33c7000 r--p 00001000 08:09 139779                     /usr/lib/x86_64-linux-gnu/libXcomposite.so.1.0.0
7f7fa33c7000-7f7fa33c8000 rw-p 00002000 08:09 139779                     /usr/lib/x86_64-linux-gnu/libXcomposite.so.1.0.0
7f7fa33c8000-7f7fa33d1000 r-xp 00000000 08:09 139781                     /usr/lib/x86_64-linux-gnu/libXcursor.so.1.0.2
7f7fa33d1000-7f7fa35d0000 ---p 00009000 08:09 139781                     /usr/lib/x86_64-linux-gnu/libXcursor.so.1.0.2
7f7fa35d0000-7f7fa35d1000 r--p 00008000 08:09 139781                     /usr/lib/x86_64-linux-gnu/libXcursor.so.1.0.2
7f7fa35d1000-7f7fa35d2000 rw-p 00009000 08:09 139781                     /usr/lib/x86_64-linux-gnu/libXcursor.so.1.0.2
7f7fa35d2000-7f7fa35dc000 r-xp 00000000 08:09 139805                     /usr/lib/x86_64-linux-gnu/libXrandr.so.2.2.0
7f7fa35dc000-7f7fa37db000 ---p 0000a000 08:09 139805                     /usr/lib/x86_64-linux-gnu/libXrandr.so.2.2.0
7f7fa37db000-7f7fa37dc000 r--p 00009000 08:09 139805                     /usr/lib/x86_64-linux-gnu/libXrandr.so.2.2.0
7f7fa37dc000-7f7fa37dd000 rw-p 0000a000 08:09 139805                     /usr/lib/x86_64-linux-gnu/libXrandr.so.2.2.0
7f7fa37dd000-7f7fa37ec000 r-xp 00000000 08:09 139795                     /usr/lib/x86_64-linux-gnu/libXi.so.6.1.0
7f7fa37ec000-7f7fa39eb000 ---p 0000f000 08:09 139795                     /usr/lib/x86_64-linux-gnu/libXi.so.6.1.0
7f7fa39eb000-7f7fa39ec000 r--p 0000e000 08:09 139795                     /usr/lib/x86_64-linux-gnu/libXi.so.6.1.0
7f7fa39ec000-7f7fa39ed000 rw-p 0000f000 08:09 139795                     /usr/lib/x86_64-linux-gnu/libXi.so.6.1.0
7f7fa39ed000-7f7fa39ef000 r-xp 00000000 08:09 139797                     /usr/lib/x86_64-linux-gnu/libXinerama.so.1.0.0
7f7fa39ef000-7f7fa3bee000 ---p 00002000 08:09 139797                     /usr/lib/x86_64-linux-gnu/libXinerama.so.1.0.0
7f7fa3bee000-7f7fa3bef000 r--p 00001000 08:09 139797                     /usr/lib/x86_64-linux-gnu/libXinerama.so.1.0.0
7f7fa3bef000-7f7fa3bf0000 rw-p 00002000 08:09 139797                     /usr/lib/x86_64-linux-gnu/libXinerama.so.1.0.0
7f7fa3bf0000-7f7fa3bf9000 r-xp 00000000 08:09 139807                     /usr/lib/x86_64-linux-gnu/libXrender.so.1.3.0
7f7fa3bf9000-7f7fa3df8000 ---p 00009000 08:09 139807                     /usr/lib/x86_64-linux-gnu/libXrender.so.1.3.0
7f7fa3df8000-7f7fa3df9000 r--p 00008000 08:09 139807                     /usr/lib/x86_64-linux-gnu/libXrender.so.1.3.0
7f7fa3df9000-7f7fa3dfa000 rw-p 00009000 08:09 139807                     /usr/lib/x86_64-linux-gnu/libXrender.so.1.3.0
7f7fa3dfa000-7f7fa3dff000 r-xp 00000000 08:09 139789                     /usr/lib/x86_64-linux-gnu/libXfixes.so.3.1.0
7f7fa3dff000-7f7fa3ffe000 ---p 00005000 08:09 139789                     /usr/lib/x86_64-linux-gnu/libXfixes.so.3.1.0
7f7fa3ffe000-7f7fa3fff000 r--p 00004000 08:09 139789                     /usr/lib/x86_64-linux-gnu/libXfixes.so.3.1.0
7f7fa3fff000-7f7fa4000000 rw-p 00005000 08:09 139789                     /usr/lib/x86_64-linux-gnu/libXfixes.so.3.1.0
7f7fa4000000-7f7fa42c8000 rw-p 00000000 00:00 0 
7f7fa42c8000-7f7fa8000000 ---p 00000000 00:00 0 
7f7fa8000000-7f7fa8021000 rw-p 00000000 00:00 0 
7f7fa8021000-7f7fac000000 ---p 00000000 00:00 0 
7f7fac000000-7f7fac001000 rw-s 00000000 00:05 175765                     /drm mm object (deleted)
7f7fac001000-7f7fac002000 r--s 00000000 08:09 3670088                    /var/cache/fontconfig/0d8c3b2ac0904cb8a57a757ad11a4a08-le64.cache-4
7f7fac002000-7f7fac003000 r--s 00000000 08:09 3670109                    /var/cache/fontconfig/a6354e3ac43af67bd8d7b8e43c34e49f-le64.cache-4
7f7fac003000-7f7fac004000 r--s 00000000 08:09 3670090                    /var/cache/fontconfig/1ac9eb803944fde146138c791f5cc56a-le64.cache-4
7f7fac004000-7f7fac008000 r--s 00000000 08:09 3670094                    /var/cache/fontconfig/385c0604a188198f04d133e54aba7fe7-le64.cache-4
7f7fac008000-7f7fac009000 r--s 00000000 08:09 3670120                    /var/cache/fontconfig/dc05db6664285cc2f12bf69c139ae4c3-le64.cache-4
7f7fac009000-7f7fac00b000 r--s 00000000 08:09 3670103                    /var/cache/fontconfig/767a8244fc0220cfb567a839d0392e0b-le64.cache-4
7f7fac00b000-7f7fac00c000 r--s 00000000 08:09 3678136                    /var/cache/fontconfig/4794a0821666d79190d59a36cb4f44b5-le64.cache-4
7f7fac00c000-7f7fac011000 r--s 00000000 08:09 3670105                    /var/cache/fontconfig/8801497958630a81b71ace7c5f9b32a8-le64.cache-4
7f7fac011000-7f7fac012000 r--s 00000000 08:09 3670113                    /var/cache/fontconfig/bab58bb527bb656aaa9f116d68a48d89-le64.cache-4
7f7fac012000-7f7fac019000 r--s 00000000 08:09 3670092                    /var/cache/fontconfig/3047814df9a2f067bd2d96a2b9c36e5a-le64.cache-4
7f7fac019000-7f7fac01a000 r--s 00000000 08:09 3670099                    /var/cache/fontconfig/56cf4f4769d0f4abc89a4895d7bd3ae1-le64.cache-4
7f7fac01a000-7f7fac01b000 r--s 00000000 08:09 3670112                    /var/cache/fontconfig/b9d506c9ac06c20b433354fa67a72993-le64.cache-4
7f7fac01b000-7f7fac021000 r--s 00000000 08:09 3670111                    /var/cache/fontconfig/b47c4e1ecd0709278f4910c18777a504-le64.cache-4
7f7fac021000-7f7fac034000 r--s 00000000 08:09 3670117                    /var/cache/fontconfig/d52a8644073d54c13679302ca1180695-le64.cache-4
7f7fac034000-7f7fac035000 r--s 00000000 08:09 3670098                    /var/cache/fontconfig/551ecf3b0e8b0bca0f25c0944f561853-le64.cache-4
7f7fac035000-7f7fac03f000 r--s 00000000 08:09 3670095                    /var/cache/fontconfig/3f7329c5293ffd510edef78f73874cfd-le64.cache-4
7f7fac03f000-7f7fac04a000 r--s 00000000 08:09 3679712                    /var/cache/fontconfig/d589a48862398ed80a3d6066f4f56f4c-le64.cache-4
7f7fac04a000-7f7fac04b000 r--s 00000000 08:09 3670087                    /var/cache/fontconfig/0c9eb80ebd1c36541ebe2852d3bb0c49-le64.cache-4
7f7fac04b000-7f7fac04e000 r--s 00000000 08:09 3671147                    /var/cache/fontconfig/e13b20fdb08344e0e664864cc2ede53d-le64.cache-4
7f7fac04e000-7f7fac052000 r--s 00000000 08:09 3678137                    /var/cache/fontconfig/7ef2298fde41cc6eeb7af42e48b7d293-le64.cache-4
7f7fac052000-7f7fac055000 ---p 00000000 00:00 0 
7f7fac055000-7f7fac153000 rw-p 00000000 00:00 0                          [stack:9613]
7f7fac153000-7f7fac1a0000 r--p 00000000 08:09 666342                     /usr/share/glib-2.0/schemas/gschemas.compiled
7f7fac1a0000-7f7fac1b9000 r--p 00000000 08:09 2362768                    /usr/share/locale-langpack/pt/LC_MESSAGES/glib20.mo
7f7fac1b9000-7f7fac1e2000 r--p 00000000 08:09 2361737                    /usr/share/locale-langpack/pt/LC_MESSAGES/gtk20-properties.mo
7f7fac1e2000-7f7fac1f8000 r-xp 00000000 08:09 2232723                    /lib/x86_64-linux-gnu/libgcc_s.so.1
7f7fac1f8000-7f7fac3f7000 ---p 00016000 08:09 2232723                    /lib/x86_64-linux-gnu/libgcc_s.so.1
7f7fac3f7000-7f7fac3f8000 r--p 00015000 08:09 2232723                    /lib/x86_64-linux-gnu/libgcc_s.so.1
7f7fac3f8000-7f7fac3f9000 rw-p 00016000 08:09 2232723                    /lib/x86_64-linux-gnu/libgcc_s.so.1
7f7fac3f9000-7f7fac56c000 r-xp 00000000 08:09 140750                     /usr/lib/x86_64-linux-gnu/libstdc++.so.6.0.21
7f7fac56c000-7f7fac76b000 ---p 00173000 08:09 140750                     /usr/lib/x86_64-linux-gnu/libstdc++.so.6.0.21
7f7fac76b000-7f7fac775000 r--p 00172000 08:09 140750                     /usr/lib/x86_64-linux-gnu/libstdc++.so.6.0.21
7f7fac775000-7f7fac777000 rw-p 0017c000 08:09 140750                     /usr/lib/x86_64-linux-gnu/libstdc++.so.6.0.21
7f7fac777000-7f7fac77b000 rw-p 00000000 00:00 0 
7f7fac77b000-7f7fac80f000 r-xp 00000000 08:09 526163                     /usr/lib/x86_64-linux-gnu/mesa/libGL.so.1.2.0
7f7fac80f000-7f7faca0e000 ---p 00094000 08:09 526163                     /usr/lib/x86_64-linux-gnu/mesa/libGL.so.1.2.0
7f7faca0e000-7f7faca11000 r--p 00093000 08:09 526163                     /usr/lib/x86_64-linux-gnu/mesa/libGL.so.1.2.0
7f7faca11000-7f7faca12000 rw-p 00096000 08:09 526163                     /usr/lib/x86_64-linux-gnu/mesa/libGL.so.1.2.0
7f7faca12000-7f7faca13000 rw-p 00000000 00:00 0 
7f7faca13000-7f7faca18000 r-xp 00000000 08:09 139823                     /usr/lib/x86_64-linux-gnu/libXxf86vm.so.1.0.0
7f7faca18000-7f7facc17000 ---p 00005000 08:09 139823                     /usr/lib/x86_64-linux-gnu/libXxf86vm.so.1.0.0
7f7facc17000-7f7facc18000 r--p 00004000 08:09 139823                     /usr/lib/x86_64-linux-gnu/libXxf86vm.so.1.0.0
7f7facc18000-7f7facc19000 rw-p 00005000 08:09 139823                     /usr/lib/x86_64-linux-gnu/libXxf86vm.so.1.0.0
7f7facc19000-7f7facd4e000 r-xp 00000000 08:09 139770                     /usr/lib/x86_64-linux-gnu/libX11.so.6.3.0
7f7facd4e000-7f7facf4e000 ---p 00135000 08:09 139770                     /usr/lib/x86_64-linux-gnu/libX11.so.6.3.0
7f7facf4e000-7f7facf4f000 r--p 00135000 08:09 139770                     /usr/lib/x86_64-linux-gnu/libX11.so.6.3.0
7f7facf4f000-7f7facf53000 rw-p 00136000 08:09 139770                     /usr/lib/x86_64-linux-gnu/libX11.so.6.3.0
7f7facf53000-7f7facf58000 r-xp 00000000 08:09 139813                     /usr/lib/x86_64-linux-gnu/libXtst.so.6.1.0
7f7facf58000-7f7fad157000 ---p 00005000 08:09 139813                     /usr/lib/x86_64-linux-gnu/libXtst.so.6.1.0
7f7fad157000-7f7fad158000 r--p 00004000 08:09 139813                     /usr/lib/x86_64-linux-gnu/libXtst.so.6.1.0
7f7fad158000-7f7fad159000 rw-p 00005000 08:09 139813                     /usr/lib/x86_64-linux-gnu/libXtst.so.6.1.0
7f7fad159000-7f7fad266000 r-xp 00000000 08:09 2229451                    /lib/x86_64-linux-gnu/libglib-2.0.so.0.4600.2
7f7fad266000-7f7fad465000 ---p 0010d000 08:09 2229451                    /lib/x86_64-linux-gnu/libglib-2.0.so.0.4600.2
7f7fad465000-7f7fad466000 r--p 0010c000 08:09 2229451                    /lib/x86_64-linux-gnu/libglib-2.0.so.0.4600.2
7f7fad466000-7f7fad467000 rw-p 0010d000 08:09 2229451                    /lib/x86_64-linux-gnu/libglib-2.0.so.0.4600.2
7f7fad467000-7f7fad468000 rw-p 00000000 00:00 0 
7f7fad468000-7f7fad469000 r-xp 00000000 08:09 131453                     /usr/lib/x86_64-linux-gnu/libgthread-2.0.so.0.4600.2
7f7fad469000-7f7fad668000 ---p 00001000 08:09 131453                     /usr/lib/x86_64-linux-gnu/libgthread-2.0.so.0.4600.2
7f7fad668000-7f7fad669000 r--p 00000000 08:09 131453                     /usr/lib/x86_64-linux-gnu/libgthread-2.0.so.0.4600.2
7f7fad669000-7f7fad66a000 rw-p 00001000 08:09 131453                     /usr/lib/x86_64-linux-gnu/libgthread-2.0.so.0.4600.2
7f7fad66a000-7f7fad66d000 r-xp 00000000 08:09 131495                     /usr/lib/x86_64-linux-gnu/libgmodule-2.0.so.0.4600.2
7f7fad66d000-7f7fad86c000 ---p 00003000 08:09 131495                     /usr/lib/x86_64-linux-gnu/libgmodule-2.0.so.0.4600.2
7f7fad86c000-7f7fad86d000 r--p 00002000 08:09 131495                     /usr/lib/x86_64-linux-gnu/libgmodule-2.0.so.0.4600.2
7f7fad86d000-7f7fad86e000 rw-p 00003000 08:09 131495                     /usr/lib/x86_64-linux-gnu/libgmodule-2.0.so.0.4600.2
7f7fad86e000-7f7fad8c0000 r-xp 00000000 08:09 131498                     /usr/lib/x86_64-linux-gnu/libgobject-2.0.so.0.4600.2
7f7fad8c0000-7f7fadabf000 ---p 00052000 08:09 131498                     /usr/lib/x86_64-linux-gnu/libgobject-2.0.so.0.4600.2
7f7fadabf000-7f7fadac0000 r--p 00051000 08:09 131498                     /usr/lib/x86_64-linux-gnu/libgobject-2.0.so.0.4600.2
7f7fadac0000-7f7fadac1000 rw-p 00052000 08:09 131498                     /usr/lib/x86_64-linux-gnu/libgobject-2.0.so.0.4600.2
7f7fadac1000-7f7fadafd000 r-xp 00000000 08:09 140107                     /usr/lib/x86_64-linux-gnu/libfontconfig.so.1.8.0
7f7fadafd000-7f7fadcfc000 ---p 0003c000 08:09 140107                     /usr/lib/x86_64-linux-gnu/libfontconfig.so.1.8.0
7f7fadcfc000-7f7fadcfe000 r--p 0003b000 08:09 140107                     /usr/lib/x86_64-linux-gnu/libfontconfig.so.1.8.0
7f7fadcfe000-7f7fadcff000 rw-p 0003d000 08:09 140107                     /usr/lib/x86_64-linux-gnu/libfontconfig.so.1.8.0
7f7fadcff000-7f7fadd9f000 r-xp 00000000 08:09 140139                     /usr/lib/x86_64-linux-gnu/libfreetype.so.6.11.1
7f7fadd9f000-7f7fadf9e000 ---p 000a0000 08:09 140139                     /usr/lib/x86_64-linux-gnu/libfreetype.so.6.11.1
7f7fadf9e000-7f7fadfa4000 r--p 0009f000 08:09 140139                     /usr/lib/x86_64-linux-gnu/libfreetype.so.6.11.1
7f7fadfa4000-7f7fadfa5000 rw-p 000a5000 08:09 140139                     /usr/lib/x86_64-linux-gnu/libfreetype.so.6.11.1
7f7fadfa5000-7f7fadff0000 r-xp 00000000 08:09 140547                     /usr/lib/x86_64-linux-gnu/libpango-1.0.so.0.3600.8
7f7fadff0000-7f7fae1f0000 ---p 0004b000 08:09 140547                     /usr/lib/x86_64-linux-gnu/libpango-1.0.so.0.3600.8
7f7fae1f0000-7f7fae1f2000 r--p 0004b000 08:09 140547                     /usr/lib/x86_64-linux-gnu/libpango-1.0.so.0.3600.8
7f7fae1f2000-7f7fae1f3000 rw-p 0004d000 08:09 140547                     /usr/lib/x86_64-linux-gnu/libpango-1.0.so.0.3600.8
7f7fae1f3000-7f7fae301000 r-xp 00000000 08:09 139919                     /usr/lib/x86_64-linux-gnu/libcairo.so.2.11400.2
7f7fae301000-7f7fae500000 ---p 0010e000 08:09 139919                     /usr/lib/x86_64-linux-gnu/libcairo.so.2.11400.2
7f7fae500000-7f7fae503000 r--p 0010d000 08:09 139919                     /usr/lib/x86_64-linux-gnu/libcairo.so.2.11400.2
7f7fae503000-7f7fae504000 rw-p 00110000 08:09 139919                     /usr/lib/x86_64-linux-gnu/libcairo.so.2.11400.2
7f7fae504000-7f7fae506000 rw-p 00000000 00:00 0 
7f7fae506000-7f7fae512000 r-xp 00000000 08:09 140549                     /usr/lib/x86_64-linux-gnu/libpangocairo-1.0.so.0.3600.8
7f7fae512000-7f7fae711000 ---p 0000c000 08:09 140549                     /usr/lib/x86_64-linux-gnu/libpangocairo-1.0.so.0.3600.8
7f7fae711000-7f7fae712000 r--p 0000b000 08:09 140549                     /usr/lib/x86_64-linux-gnu/libpangocairo-1.0.so.0.3600.8
7f7fae712000-7f7fae713000 rw-p 0000c000 08:09 140549                     /usr/lib/x86_64-linux-gnu/libpangocairo-1.0.so.0.3600.8
7f7fae713000-7f7fae734000 r-xp 00000000 08:09 140174                     /usr/lib/x86_64-linux-gnu/libgdk_pixbuf-2.0.so.0.3200.1
7f7fae734000-7f7fae933000 ---p 00021000 08:09 140174                     /usr/lib/x86_64-linux-gnu/libgdk_pixbuf-2.0.so.0.3200.1
7f7fae933000-7f7fae934000 r--p 00020000 08:09 140174                     /usr/lib/x86_64-linux-gnu/libgdk_pixbuf-2.0.so.0.3200.1
7f7fae934000-7f7fae935000 rw-p 00021000 08:09 140174                     /usr/lib/x86_64-linux-gnu/libgdk_pixbuf-2.0.so.0.3200.1
7f7fae935000-7f7fae949000 r-xp 00000000 08:09 140551                     /usr/lib/x86_64-linux-gnu/libpangoft2-1.0.so.0.3600.8
7f7fae949000-7f7faeb49000 ---p 00014000 08:09 140551                     /usr/lib/x86_64-linux-gnu/libpangoft2-1.0.so.0.3600.8
7f7faeb49000-7f7faeb4a000 r--p 00014000 08:09 140551                     /usr/lib/x86_64-linux-gnu/libpangoft2-1.0.so.0.3600.8
7f7faeb4a000-7f7faeb4b000 rw-p 00015000 08:09 140551                     /usr/lib/x86_64-linux-gnu/libpangoft2-1.0.so.0.3600.8
7f7faeb4b000-7f7faecc5000 r-xp 00000000 08:09 131477                     /usr/lib/x86_64-linux-gnu/libgio-2.0.so.0.4600.2
7f7faecc5000-7f7faeec4000 ---p 0017a000 08:09 131477                     /usr/lib/x86_64-linux-gnu/libgio-2.0.so.0.4600.2
7f7faeec4000-7f7faeec8000 r--p 00179000 08:09 131477                     /usr/lib/x86_64-linux-gnu/libgio-2.0.so.0.4600.2
7f7faeec8000-7f7faeeca000 rw-p 0017d000 08:09 131477                     /usr/lib/x86_64-linux-gnu/libgio-2.0.so.0.4600.2
7f7faeeca000-7f7faeecc000 rw-p 00000000 00:00 0 
7f7faeecc000-7f7faeeee000 r-xp 00000000 08:09 139864                     /usr/lib/x86_64-linux-gnu/libatk-1.0.so.0.21609.1
7f7faeeee000-7f7faf0ed000 ---p 00022000 08:09 139864                     /usr/lib/x86_64-linux-gnu/libatk-1.0.so.0.21609.1
7f7faf0ed000-7f7faf0f0000 r--p 00021000 08:09 139864                     /usr/lib/x86_64-linux-gnu/libatk-1.0.so.0.21609.1
7f7faf0f0000-7f7faf0f1000 rw-p 00024000 08:09 139864                     /usr/lib/x86_64-linux-gnu/libatk-1.0.so.0.21609.1
7f7faf0f1000-7f7faf1a1000 r-xp 00000000 08:09 134587                     /usr/lib/x86_64-linux-gnu/libgdk-x11-2.0.so.0.2400.28
7f7faf1a1000-7f7faf3a0000 ---p 000b0000 08:09 134587                     /usr/lib/x86_64-linux-gnu/libgdk-x11-2.0.so.0.2400.28
7f7faf3a0000-7f7faf3a4000 r--p 000af000 08:09 134587                     /usr/lib/x86_64-linux-gnu/libgdk-x11-2.0.so.0.2400.28
7f7faf3a4000-7f7faf3a6000 rw-p 000b3000 08:09 134587                     /usr/lib/x86_64-linux-gnu/libgdk-x11-2.0.so.0.2400.28
7f7faf3a6000-7f7faf7e4000 r-xp 00000000 08:09 134588                     /usr/lib/x86_64-linux-gnu/libgtk-x11-2.0.so.0.2400.28
7f7faf7e4000-7f7faf9e4000 ---p 0043e000 08:09 134588                     /usr/lib/x86_64-linux-gnu/libgtk-x11-2.0.so.0.2400.28
7f7faf9e4000-7f7faf9eb000 r--p 0043e000 08:09 134588                     /usr/lib/x86_64-linux-gnu/libgtk-x11-2.0.so.0.2400.28
7f7faf9eb000-7f7faf9ef000 rw-p 00445000 08:09 134588                     /usr/lib/x86_64-linux-gnu/libgtk-x11-2.0.so.0.2400.28
7f7faf9ef000-7f7faf9f2000 rw-p 00000000 00:00 0 
7f7faf9f2000-7f7faf9fe000 r-xp 00000000 08:09 2106643                    /usr/lib/jvm/jdk1.8.0_77/jre/lib/amd64/libprism_es2.so
7f7faf9fe000-7f7fafbfd000 ---p 0000c000 08:09 2106643                    /usr/lib/jvm/jdk1.8.0_77/jre/lib/amd64/libprism_es2.so
7f7fafbfd000-7f7fafbfe000 rw-p 0000b000 08:09 2106643                    /usr/lib/jvm/jdk1.8.0_77/jre/lib/amd64/libprism_es2.so
7f7fafbfe000-7f7fafc01000 ---p 00000000 00:00 0 
7f7fafc01000-7f7fb0000000 rw-p 00000000 00:00 0                          [stack:9607]
7f7fb0000000-7f7fb0021000 rw-p 00000000 00:00 0 
7f7fb0021000-7f7fb4000000 ---p 00000000 00:00 0 
7f7fb4000000-7f7fb4021000 rw-p 00000000 00:00 0 
7f7fb4021000-7f7fb8000000 ---p 00000000 00:00 0 
7f7fb8000000-7f7fb81a5000 rw-p 00000000 00:00 0 
7f7fb81a5000-7f7fbc000000 ---p 00000000 00:00 0 
7f7fbc000000-7f7fbc2a7000 rw-p 00000000 00:00 0 
7f7fbc2a7000-7f7fc0000000 ---p 00000000 00:00 0 
7f7fc0000000-7f7fc0021000 rw-p 00000000 00:00 0 
7f7fc0021000-7f7fc4000000 ---p 00000000 00:00 0 
7f7fc4000000-7f7fc42d4000 rw-p 00000000 00:00 0 
7f7fc42d4000-7f7fc8000000 ---p 00000000 00:00 0 
7f7fc8000000-7f7fc8021000 rw-p 00000000 00:00 0 
7f7fc8021000-7f7fcc000000 ---p 00000000 00:00 0 
7f7fcc000000-7f7fcc021000 rw-p 00000000 00:00 0 
7f7fcc021000-7f7fd0000000 ---p 00000000 00:00 0 
7f7fd0000000-7f7fd0021000 rw-p 00000000 00:00 0 
7f7fd0021000-7f7fd4000000 ---p 00000000 00:00 0 
7f7fd4000000-7f7fd4019000 r--p 00000000 08:09 2233771                    /usr/share/locale-langpack/pt_BR/LC_MESSAGES/glib20.mo
7f7fd4019000-7f7fd4042000 r--p 00000000 08:09 2233701                    /usr/share/locale-langpack/pt_BR/LC_MESSAGES/gtk20-properties.mo
7f7fd4042000-7f7fd405c000 r--p 00000000 08:09 2362952                    /usr/share/locale-langpack/pt/LC_MESSAGES/libc.mo
7f7fd405c000-7f7fd405f000 ---p 00000000 00:00 0 
7f7fd405f000-7f7fd415d000 rw-p 00000000 00:00 0                          [stack:9606]
7f7fd415d000-7f7fd4173000 r-xp 00000000 08:09 2106639                    /usr/lib/jvm/jdk1.8.0_77/jre/lib/amd64/libnet.so
7f7fd4173000-7f7fd4373000 ---p 00016000 08:09 2106639                    /usr/lib/jvm/jdk1.8.0_77/jre/lib/amd64/libnet.so
7f7fd4373000-7f7fd4374000 rw-p 00016000 08:09 2106639                    /usr/lib/jvm/jdk1.8.0_77/jre/lib/amd64/libnet.so
7f7fd4374000-7f7fd4377000 ---p 00000000 00:00 0 
7f7fd4377000-7f7fd4475000 rw-p 00000000 00:00 0                          [stack:9602]
7f7fd4475000-7f7fd4476000 r-xp 00000000 08:09 1974632                    /home/herbeton/rea de Trabalho/idea-IU-143.1821.5/bin/libbreakgen64.so
7f7fd4476000-7f7fd4675000 ---p 00001000 08:09 1974632                    /home/herbeton/rea de Trabalho/idea-IU-143.1821.5/bin/libbreakgen64.so
7f7fd4675000-7f7fd4676000 r--p 00000000 08:09 1974632                    /home/herbeton/rea de Trabalho/idea-IU-143.1821.5/bin/libbreakgen64.so
7f7fd4676000-7f7fd4677000 rw-p 00001000 08:09 1974632                    /home/herbeton/rea de Trabalho/idea-IU-143.1821.5/bin/libbreakgen64.so
7f7fd4677000-7f7fd4678000 ---p 00000000 00:00 0 
7f7fd4678000-7f7fd4778000 rw-p 00000000 00:00 0                          [stack:9598]
7f7fd4778000-7f7fd477b000 ---p 00000000 00:00 0 
7f7fd477b000-7f7fd4879000 rw-p 00000000 00:00 0                          [stack:9597]
7f7fd4879000-7f7fd487c000 ---p 00000000 00:00 0 
7f7fd487c000-7f7fd497a000 rw-p 00000000 00:00 0                          [stack:9596]
7f7fd497a000-7f7fd497d000 ---p 00000000 00:00 0 
7f7fd497d000-7f7fd4a7b000 rw-p 00000000 00:00 0                          [stack:9595]
7f7fd4a7b000-7f7fd4a7e000 ---p 00000000 00:00 0 
7f7fd4a7e000-7f7fd4b7c000 rw-p 00000000 00:00 0                          [stack:9592]
7f7fd4b7c000-7f7fd5260000 r--p 00000000 08:09 138579                     /usr/lib/locale/locale-archive
7f7fd5260000-7f7fd8000000 rw-p 00000000 00:00 0 
7f7fd8000000-7f7fd8021000 rw-p 00000000 00:00 0 
7f7fd8021000-7f7fdc000000 ---p 00000000 00:00 0 
7f7fdc000000-7f7fdc021000 rw-p 00000000 00:00 0 
7f7fdc021000-7f7fe0000000 ---p 00000000 00:00 0 
7f7fe0000000-7f7fe0021000 rw-p 00000000 00:00 0 
7f7fe0021000-7f7fe4000000 ---p 00000000 00:00 0 
7f7fe4000000-7f7fe4021000 rw-p 00000000 00:00 0 
7f7fe4021000-7f7fe8000000 ---p 00000000 00:00 0 
7f7fe800d000-7f7fe800e000 rw-p 00000000 00:00 0 
7f7fe800e000-7f7fe800f000 rw-s 10149b000 00:06 261                       /dev/dri/card0
7f7fe800f000-7f7fe8010000 rw-s 00000000 00:05 175768                     /drm mm object (deleted)
7f7fe8010000-7f7fe8016000 r--p 00000000 08:09 791329                     /home/herbeton/.config/dconf/user
7f7fe8016000-7f7fe8025000 r--p 00000000 08:09 2233724                    /usr/share/locale-langpack/pt_BR/LC_MESSAGES/gtk20.mo
7f7fe8025000-7f7fe802d000 rw-s 00000000 00:05 175720                     /drm mm object (deleted)
7f7fe802d000-7f7fe8035000 rw-s 00000000 00:05 175716                     /drm mm object (deleted)
7f7fe8035000-7f7fe803c000 r--s 00000000 08:09 531431                     /usr/lib/x86_64-linux-gnu/gconv/gconv-modules.cache
7f7fe803c000-7f7fe8059000 r-xp 00000000 08:09 2238266                    /lib/x86_64-linux-gnu/libudev.so.1.6.4
7f7fe8059000-7f7fe805a000 r--p 0001c000 08:09 2238266                    /lib/x86_64-linux-gnu/libudev.so.1.6.4
7f7fe805a000-7f7fe805b000 rw-p 0001d000 08:09 2238266                    /lib/x86_64-linux-gnu/libudev.so.1.6.4
7f7fe805b000-7f7fe80f1000 r--s 01102000 08:09 1970855                    /usr/lib/jvm/jdk1.8.0_77/jre/lib/ext/jfxrt.jar
7f7fe80f1000-7f7fe80f4000 ---p 00000000 00:00 0 
7f7fe80f4000-7f7fe81f2000 rw-p 00000000 00:00 0                          [stack:9591]
7f7fe81f2000-7f7fe81f5000 ---p 00000000 00:00 0 
7f7fe81f5000-7f7fe82f3000 rw-p 00000000 00:00 0                          [stack:9585]
7f7fe82f3000-7f7fe82f6000 ---p 00000000 00:00 0 
7f7fe82f6000-7f7fe83f4000 rw-p 00000000 00:00 0                          [stack:9582]
7f7fe83f4000-7f7fe83f5000 ---p 00000000 00:00 0 
7f7fe83f5000-7f7fe9000000 rw-p 00000000 00:00 0                          [stack:9581]
7f7fe9000000-7f7fe9600000 rwxp 00000000 00:00 0 
7f7fe9600000-7f7ff8000000 ---p 00000000 00:00 0 
7f7ff8000000-7f7ff8229000 rw-p 00000000 00:00 0 
7f7ff8229000-7f7ffc000000 ---p 00000000 00:00 0 
7f7ffc000000-7f7ffc022000 r--p 00000000 08:09 2233949                    /usr/share/locale-langpack/pt_BR/LC_MESSAGES/libc.mo
7f7ffc022000-7f7ffc034000 r--s 00345000 08:09 1970817                    /usr/lib/jvm/jdk1.8.0_77/jre/lib/resources.jar
7f7ffc034000-7f7ffc047000 r--s 000d6000 08:09 1970604                    /usr/lib/jvm/jdk1.8.0_77/jre/lib/plugin.jar
7f7ffc047000-7f7ffc062000 r--s 00208000 08:09 1970556                    /usr/lib/jvm/jdk1.8.0_77/jre/lib/deploy.jar
7f7ffc062000-7f7ffc539000 rw-p 00000000 00:00 0 
7f7ffc539000-7f7ffc711000 r--s 03d1e000 08:09 1970737                    /usr/lib/jvm/jdk1.8.0_77/jre/lib/rt.jar
7f7ffc711000-7f7ffd261000 rw-p 00000000 00:00 0 
7f7ffd261000-7f7ffd262000 ---p 00000000 00:00 0 
7f7ffd262000-7f7ffd362000 rw-p 00000000 00:00 0                          [stack:9580]
7f7ffd362000-7f7ffd363000 ---p 00000000 00:00 0 
7f7ffd363000-7f7ffd463000 rw-p 00000000 00:00 0                          [stack:9579]
7f7ffd463000-7f7ffd464000 ---p 00000000 00:00 0 
7f7ffd464000-7f7ffd564000 rw-p 00000000 00:00 0                          [stack:9578]
7f7ffd564000-7f7ffd565000 ---p 00000000 00:00 0 
7f7ffd565000-7f7ffd684000 rw-p 00000000 00:00 0                          [stack:9577]
7f7ffd684000-7f7ffd84c000 ---p 00000000 00:00 0 
7f7ffd84c000-7f7ffd86b000 rw-p 00000000 00:00 0 
7f7ffd86b000-7f7ffda32000 ---p 00000000 00:00 0 
7f7ffda32000-7f7ffda42000 rw-p 00000000 00:00 0 
7f7ffda42000-7f7ffdb26000 ---p 00000000 00:00 0 
7f7ffdb26000-7f7ffdb3f000 rw-p 00000000 00:00 0 
7f7ffdb3f000-7f7ffdee7000 ---p 00000000 00:00 0 
7f7ffdee7000-7f7ffdf01000 r-xp 00000000 08:09 2106635                    /usr/lib/jvm/jdk1.8.0_77/jre/lib/amd64/libzip.so
7f7ffdf01000-7f7ffe101000 ---p 0001a000 08:09 2106635                    /usr/lib/jvm/jdk1.8.0_77/jre/lib/amd64/libzip.so
7f7ffe101000-7f7ffe102000 rw-p 0001a000 08:09 2106635                    /usr/lib/jvm/jdk1.8.0_77/jre/lib/amd64/libzip.so
7f7ffe102000-7f7ffe10e000 r-xp 00000000 08:09 2228403                    /lib/x86_64-linux-gnu/libnss_files-2.21.so
7f7ffe10e000-7f7ffe30d000 ---p 0000c000 08:09 2228403                    /lib/x86_64-linux-gnu/libnss_files-2.21.so
7f7ffe30d000-7f7ffe30e000 r--p 0000b000 08:09 2228403                    /lib/x86_64-linux-gnu/libnss_files-2.21.so
7f7ffe30e000-7f7ffe30f000 rw-p 0000c000 08:09 2228403                    /lib/x86_64-linux-gnu/libnss_files-2.21.so
7f7ffe30f000-7f7ffe31a000 r-xp 00000000 08:09 2232734                    /lib/x86_64-linux-gnu/libnss_nis-2.21.so
7f7ffe31a000-7f7ffe519000 ---p 0000b000 08:09 2232734                    /lib/x86_64-linux-gnu/libnss_nis-2.21.so
7f7ffe519000-7f7ffe51a000 r--p 0000a000 08:09 2232734                    /lib/x86_64-linux-gnu/libnss_nis-2.21.so
7f7ffe51a000-7f7ffe51b000 rw-p 0000b000 08:09 2232734                    /lib/x86_64-linux-gnu/libnss_nis-2.21.so
7f7ffe51b000-7f7ffe532000 r-xp 00000000 08:09 2228408                    /lib/x86_64-linux-gnu/libnsl-2.21.so
7f7ffe532000-7f7ffe731000 ---p 00017000 08:09 2228408                    /lib/x86_64-linux-gnu/libnsl-2.21.so
7f7ffe731000-7f7ffe732000 r--p 00016000 08:09 2228408                    /lib/x86_64-linux-gnu/libnsl-2.21.so
7f7ffe732000-7f7ffe733000 rw-p 00017000 08:09 2228408                    /lib/x86_64-linux-gnu/libnsl-2.21.so
7f7ffe733000-7f7ffe735000 rw-p 00000000 00:00 0 
7f7ffe735000-7f7ffe73d000 r-xp 00000000 08:09 2228404                    /lib/x86_64-linux-gnu/libnss_compat-2.21.so
7f7ffe73d000-7f7ffe93c000 ---p 00008000 08:09 2228404                    /lib/x86_64-linux-gnu/libnss_compat-2.21.so
7f7ffe93c000-7f7ffe93d000 r--p 00007000 08:09 2228404                    /lib/x86_64-linux-gnu/libnss_compat-2.21.so
7f7ffe93d000-7f7ffe93e000 rw-p 00008000 08:09 2228404                    /lib/x86_64-linux-gnu/libnss_compat-2.21.so
7f7ffe93e000-7f7ffe968000 r-xp 00000000 08:09 2106630                    /usr/lib/jvm/jdk1.8.0_77/jre/lib/amd64/libjava.so
7f7ffe968000-7f7ffeb68000 ---p 0002a000 08:09 2106630                    /usr/lib/jvm/jdk1.8.0_77/jre/lib/amd64/libjava.so
7f7ffeb68000-7f7ffeb6a000 rw-p 0002a000 08:09 2106630                    /usr/lib/jvm/jdk1.8.0_77/jre/lib/amd64/libjava.so
7f7ffeb6a000-7f7ffeb77000 r-xp 00000000 08:09 2106634                    /usr/lib/jvm/jdk1.8.0_77/jre/lib/amd64/libverify.so
7f7ffeb77000-7f7ffed77000 ---p 0000d000 08:09 2106634                    /usr/lib/jvm/jdk1.8.0_77/jre/lib/amd64/libverify.so
7f7ffed77000-7f7ffed79000 rw-p 0000d000 08:09 2106634                    /usr/lib/jvm/jdk1.8.0_77/jre/lib/amd64/libverify.so
7f7ffed79000-7f7ffed80000 r-xp 00000000 08:09 2228401                    /lib/x86_64-linux-gnu/librt-2.21.so
7f7ffed80000-7f7ffef7f000 ---p 00007000 08:09 2228401                    /lib/x86_64-linux-gnu/librt-2.21.so
7f7ffef7f000-7f7ffef80000 r--p 00006000 08:09 2228401                    /lib/x86_64-linux-gnu/librt-2.21.so
7f7ffef80000-7f7ffef81000 rw-p 00007000 08:09 2228401                    /lib/x86_64-linux-gnu/librt-2.21.so
7f7ffef81000-7f7fff088000 r-xp 00000000 08:09 2232738                    /lib/x86_64-linux-gnu/libm-2.21.so
7f7fff088000-7f7fff287000 ---p 00107000 08:09 2232738                    /lib/x86_64-linux-gnu/libm-2.21.so
7f7fff287000-7f7fff288000 r--p 00106000 08:09 2232738                    /lib/x86_64-linux-gnu/libm-2.21.so
7f7fff288000-7f7fff289000 rw-p 00107000 08:09 2232738                    /lib/x86_64-linux-gnu/libm-2.21.so
7f7fff289000-7f7ffff48000 r-xp 00000000 08:09 2106613                    /usr/lib/jvm/jdk1.8.0_77/jre/lib/amd64/server/libjvm.so
7f7ffff48000-7f8000147000 ---p 00cbf000 08:09 2106613                    /usr/lib/jvm/jdk1.8.0_77/jre/lib/amd64/server/libjvm.so
7f8000147000-7f8000220000 rw-p 00cbe000 08:09 2106613                    /usr/lib/jvm/jdk1.8.0_77/jre/lib/amd64/server/libjvm.so
7f8000220000-7f8000269000 rw-p 00000000 00:00 0 
7f8000269000-7f8000429000 r-xp 00000000 08:09 2234094                    /lib/x86_64-linux-gnu/libc-2.21.so
7f8000429000-7f8000629000 ---p 001c0000 08:09 2234094                    /lib/x86_64-linux-gnu/libc-2.21.so
7f8000629000-7f800062d000 r--p 001c0000 08:09 2234094                    /lib/x86_64-linux-gnu/libc-2.21.so
7f800062d000-7f800062f000 rw-p 001c4000 08:09 2234094                    /lib/x86_64-linux-gnu/libc-2.21.so
7f800062f000-7f8000633000 rw-p 00000000 00:00 0 
7f8000633000-7f8000636000 r-xp 00000000 08:09 2232711                    /lib/x86_64-linux-gnu/libdl-2.21.so
7f8000636000-7f8000835000 ---p 00003000 08:09 2232711                    /lib/x86_64-linux-gnu/libdl-2.21.so
7f8000835000-7f8000836000 r--p 00002000 08:09 2232711                    /lib/x86_64-linux-gnu/libdl-2.21.so
7f8000836000-7f8000837000 rw-p 00003000 08:09 2232711                    /lib/x86_64-linux-gnu/libdl-2.21.so
7f8000837000-7f800084c000 r-xp 00000000 08:09 1717297                    /usr/lib/jvm/jdk1.8.0_77/lib/amd64/jli/libjli.so
7f800084c000-7f8000a4c000 ---p 00015000 08:09 1717297                    /usr/lib/jvm/jdk1.8.0_77/lib/amd64/jli/libjli.so
7f8000a4c000-7f8000a4d000 rw-p 00015000 08:09 1717297                    /usr/lib/jvm/jdk1.8.0_77/lib/amd64/jli/libjli.so
7f8000a4d000-7f8000a65000 r-xp 00000000 08:09 2228402                    /lib/x86_64-linux-gnu/libpthread-2.21.so
7f8000a65000-7f8000c65000 ---p 00018000 08:09 2228402                    /lib/x86_64-linux-gnu/libpthread-2.21.so
7f8000c65000-7f8000c66000 r--p 00018000 08:09 2228402                    /lib/x86_64-linux-gnu/libpthread-2.21.so
7f8000c66000-7f8000c67000 rw-p 00019000 08:09 2228402                    /lib/x86_64-linux-gnu/libpthread-2.21.so
7f8000c67000-7f8000c6b000 rw-p 00000000 00:00 0 
7f8000c6b000-7f8000c8f000 r-xp 00000000 08:09 2228411                    /lib/x86_64-linux-gnu/ld-2.21.so
7f8000c8f000-7f8000c90000 rw-s 10149a000 00:06 261                       /dev/dri/card0
7f8000c90000-7f8000c91000 rw-s 00000000 00:05 175718                     /drm mm object (deleted)
7f8000c91000-7f8000c92000 r--s 00000000 00:28 38                         /run/user/1000/dconf/user
7f8000c92000-7f8000c94000 r--s 0001e000 08:09 1973431                    /home/herbeton/rea de Trabalho/idea-IU-143.1821.5/lib/idea_rt.jar
7f8000c94000-7f8000c9e000 r--s 000e7000 08:09 2238801                    /home/herbeton/workspaceIntellij/TCC/src/lib/mysql-connector-java-5.1.38-bin.jar
7f8000c9e000-7f8000ca2000 r--s 00097000 08:09 1970845                    /usr/lib/jvm/jdk1.8.0_77/jre/lib/jsse.jar
7f8000ca2000-7f8000ca7000 r--s 00084000 08:09 1970554                    /usr/lib/jvm/jdk1.8.0_77/jre/lib/jfr.jar
7f8000ca7000-7f8000d68000 rw-p 00000000 00:00 0 
7f8000d68000-7f8000d6b000 ---p 00000000 00:00 0 
7f8000d6b000-7f8000e6d000 rw-p 00000000 00:00 0                          [stack:9576]
7f8000e6d000-7f8000e6e000 r--s 00000000 08:09 1970568                    /usr/lib/jvm/jdk1.8.0_77/jre/lib/management-agent.jar
7f8000e6e000-7f8000e70000 r--s 00007000 08:09 1971023                    /usr/lib/jvm/jdk1.8.0_77/jre/lib/jfxswt.jar
7f8000e70000-7f8000e73000 r--s 0001a000 08:09 1971019                    /usr/lib/jvm/jdk1.8.0_77/jre/lib/jce.jar
7f8000e73000-7f8000e7c000 r--s 0006c000 08:09 1970574                    /usr/lib/jvm/jdk1.8.0_77/jre/lib/javaws.jar
7f8000e7c000-7f8000e82000 r--s 002f8000 08:09 1970733                    /usr/lib/jvm/jdk1.8.0_77/jre/lib/charsets.jar
7f8000e82000-7f8000e8a000 rw-s 00000000 08:09 1334695                    /tmp/hsperfdata_herbeton/9575
7f8000e8a000-7f8000e8b000 rw-p 00000000 00:00 0 
7f8000e8b000-7f8000e8c000 r--p 00000000 00:00 0 
7f8000e8c000-7f8000e8e000 rw-p 00000000 00:00 0 
7f8000e8e000-7f8000e8f000 r--p 00023000 08:09 2228411                    /lib/x86_64-linux-gnu/ld-2.21.so
7f8000e8f000-7f8000e90000 rw-p 00024000 08:09 2228411                    /lib/x86_64-linux-gnu/ld-2.21.so
7f8000e90000-7f8000e91000 rw-p 00000000 00:00 0 
7ffde47ab000-7ffde47cc000 rw-p 00000000 00:00 0                          [stack]
7ffde47d0000-7ffde47d2000 r--p 00000000 00:00 0                          [vvar]
7ffde47d2000-7ffde47d4000 r-xp 00000000 00:00 0                          [vdso]
ffffffffff600000-ffffffffff601000 r-xp 00000000 00:00 0                  [vsyscall]

VM Arguments:
jvm_args: -Didea.launcher.port=7535 -Didea.launcher.bin.path=/home/herbeton/rea de Trabalho/idea-IU-143.1821.5/bin -Dfile.encoding=UTF-8 
java_command: com.intellij.rt.execution.application.AppMain br.com.execute.executeApplicationGraph
java_class_path (initial): /usr/lib/jvm/jdk1.8.0_77/jre/lib/charsets.jar:/usr/lib/jvm/jdk1.8.0_77/jre/lib/deploy.jar:/usr/lib/jvm/jdk1.8.0_77/jre/lib/ext/cldrdata.jar:/usr/lib/jvm/jdk1.8.0_77/jre/lib/ext/dnsns.jar:/usr/lib/jvm/jdk1.8.0_77/jre/lib/ext/jaccess.jar:/usr/lib/jvm/jdk1.8.0_77/jre/lib/ext/jfxrt.jar:/usr/lib/jvm/jdk1.8.0_77/jre/lib/ext/localedata.jar:/usr/lib/jvm/jdk1.8.0_77/jre/lib/ext/nashorn.jar:/usr/lib/jvm/jdk1.8.0_77/jre/lib/ext/sunec.jar:/usr/lib/jvm/jdk1.8.0_77/jre/lib/ext/sunjce_provider.jar:/usr/lib/jvm/jdk1.8.0_77/jre/lib/ext/sunpkcs11.jar:/usr/lib/jvm/jdk1.8.0_77/jre/lib/ext/zipfs.jar:/usr/lib/jvm/jdk1.8.0_77/jre/lib/javaws.jar:/usr/lib/jvm/jdk1.8.0_77/jre/lib/jce.jar:/usr/lib/jvm/jdk1.8.0_77/jre/lib/jfr.jar:/usr/lib/jvm/jdk1.8.0_77/jre/lib/jfxswt.jar:/usr/lib/jvm/jdk1.8.0_77/jre/lib/jsse.jar:/usr/lib/jvm/jdk1.8.0_77/jre/lib/management-agent.jar:/usr/lib/jvm/jdk1.8.0_77/jre/lib/plugin.jar:/usr/lib/jvm/jdk1.8.0_77/jre/lib/resources.jar:/usr/lib/jvm/jdk1.8.0_77/jre/lib/rt.jar:/home/herbeton/workspaceIntellij/TCC/out/production/TCC:/home/herbeton/workspaceIntellij/TCC/src/lib/mysql-connector-java-5.1.38-bin.jar:/home/herbeton/rea de Trabalho/idea-IU-143.1821.5/lib/idea_rt.jar
Launcher Type: SUN_STANDARD

Environment Variables:
PATH=/usr/local/sbin:/usr/local/bin:/usr/sbin:/usr/bin:/sbin:/bin:/usr/games:/usr/local/games
LD_LIBRARY_PATH=/home/herbeton/rea de Trabalho/idea-IU-143.1821.5/bin:
SHELL=/bin/bash
DISPLAY=:0

Signal Handlers:
SIGSEGV: [libjvm.so+0xabb070], sa_mask[0]=11111111011111111101111111111110, sa_flags=SA_RESTART|SA_SIGINFO
SIGBUS: [libjvm.so+0xabb070], sa_mask[0]=11111111011111111101111111111110, sa_flags=SA_RESTART|SA_SIGINFO
SIGFPE: [libjvm.so+0x918480], sa_mask[0]=11111111011111111101111111111110, sa_flags=SA_RESTART|SA_SIGINFO
SIGPIPE: SIG_IGN, sa_mask[0]=00000000000010000000000000000000, sa_flags=SA_RESTART
SIGXFSZ: [libjvm.so+0x918480], sa_mask[0]=11111111011111111101111111111110, sa_flags=SA_RESTART|SA_SIGINFO
SIGILL: [libjvm.so+0x918480], sa_mask[0]=11111111011111111101111111111110, sa_flags=SA_RESTART|SA_SIGINFO
SIGUSR1: SIG_DFL, sa_mask[0]=00000000000000000000000000000000, sa_flags=none
SIGUSR2: [libjvm.so+0x919ab0], sa_mask[0]=00100000000000000000000000000000, sa_flags=SA_RESTART|SA_SIGINFO
SIGHUP: [libjvm.so+0x91aeb0], sa_mask[0]=11111111011111111101111111111110, sa_flags=SA_RESTART|SA_SIGINFO
SIGINT: [libjvm.so+0x91aeb0], sa_mask[0]=11111111011111111101111111111110, sa_flags=SA_RESTART|SA_SIGINFO
SIGTERM: [libjvm.so+0x91aeb0], sa_mask[0]=11111111011111111101111111111110, sa_flags=SA_RESTART|SA_SIGINFO
SIGQUIT: [libjvm.so+0x91aeb0], sa_mask[0]=11111111011111111101111111111110, sa_flags=SA_RESTART|SA_SIGINFO


---------------  S Y S T E M  ---------------

OS:DISTRIB_ID=Ubuntu
DISTRIB_RELEASE=15.10
DISTRIB_CODENAME=wily
DISTRIB_DESCRIPTION="Ubuntu 15.10"

uname:Linux 4.2.0-35-generic #40-Ubuntu SMP Tue Mar 15 22:15:45 UTC 2016 x86_64
libc:glibc 2.21 NPTL 2.21 
rlimit: STACK 8192k, CORE 0k, NPROC 23190, NOFILE 65536, AS infinity
load average:0,77 0,94 1,10

/proc/meminfo:
MemTotal:        5973464 kB
MemFree:          130716 kB
MemAvailable:     776760 kB
Buffers:           38876 kB
Cached:          1124672 kB
SwapCached:          468 kB
Active:          3985184 kB
Inactive:        1599376 kB
Active(anon):    3623840 kB
Inactive(anon):  1347204 kB
Active(file):     361344 kB
Inactive(file):   252172 kB
Unevictable:         100 kB
Mlocked:             100 kB
SwapTotal:       6152188 kB
SwapFree:        6125984 kB
Dirty:             22428 kB
Writeback:             0 kB
AnonPages:       4421084 kB
Mapped:           419620 kB
Shmem:            550032 kB
Slab:             113724 kB
SReclaimable:      68816 kB
SUnreclaim:        44908 kB
KernelStack:       15152 kB
PageTables:        65164 kB
NFS_Unstable:          0 kB
Bounce:                0 kB
WritebackTmp:          0 kB
CommitLimit:     9138920 kB
Committed_AS:   13381020 kB
VmallocTotal:   34359738367 kB
VmallocUsed:      357256 kB
VmallocChunk:   34358947836 kB
HardwareCorrupted:     0 kB
AnonHugePages:   1331200 kB
CmaTotal:              0 kB
CmaFree:               0 kB
HugePages_Total:       0
HugePages_Free:        0
HugePages_Rsvd:        0
HugePages_Surp:        0
Hugepagesize:       2048 kB
DirectMap4k:      200168 kB
DirectMap2M:     5953536 kB


CPU:total 4 (2 cores per cpu, 2 threads per core) family 6 model 58 stepping 9, cmov, cx8, fxsr, mmx, sse, sse2, sse3, ssse3, sse4.1, sse4.2, popcnt, avx, aes, clmul, erms, ht, tsc, tscinvbit, tscinv

/proc/cpuinfo:
processor	: 0
vendor_id	: GenuineIntel
cpu family	: 6
model		: 58
model name	: Intel(R) Core(TM) i5-3337U CPU @ 1.80GHz
stepping	: 9
microcode	: 0x1b
cpu MHz		: 2499.960
cache size	: 3072 KB
physical id	: 0
siblings	: 4
core id		: 0
cpu cores	: 2
apicid		: 0
initial apicid	: 0
fpu		: yes
fpu_exception	: yes
cpuid level	: 13
wp		: yes
flags		: fpu vme de pse tsc msr pae mce cx8 apic sep mtrr pge mca cmov pat pse36 clflush dts acpi mmx fxsr sse sse2 ss ht tm pbe syscall nx rdtscp lm constant_tsc arch_perfmon pebs bts rep_good nopl xtopology nonstop_tsc aperfmperf eagerfpu pni pclmulqdq dtes64 monitor ds_cpl vmx est tm2 ssse3 cx16 xtpr pdcm pcid sse4_1 sse4_2 x2apic popcnt tsc_deadline_timer aes xsave avx f16c rdrand lahf_lm ida arat epb pln pts dtherm tpr_shadow vnmi flexpriority ept vpid fsgsbase smep erms xsaveopt
bugs		:
bogomips	: 3592.14
clflush size	: 64
cache_alignment	: 64
address sizes	: 36 bits physical, 48 bits virtual
power management:

processor	: 1
vendor_id	: GenuineIntel
cpu family	: 6
model		: 58
model name	: Intel(R) Core(TM) i5-3337U CPU @ 1.80GHz
stepping	: 9
microcode	: 0x1b
cpu MHz		: 2499.960
cache size	: 3072 KB
physical id	: 0
siblings	: 4
core id		: 1
cpu cores	: 2
apicid		: 2
initial apicid	: 2
fpu		: yes
fpu_exception	: yes
cpuid level	: 13
wp		: yes
flags		: fpu vme de pse tsc msr pae mce cx8 apic sep mtrr pge mca cmov pat pse36 clflush dts acpi mmx fxsr sse sse2 ss ht tm pbe syscall nx rdtscp lm constant_tsc arch_perfmon pebs bts rep_good nopl xtopology nonstop_tsc aperfmperf eagerfpu pni pclmulqdq dtes64 monitor ds_cpl vmx est tm2 ssse3 cx16 xtpr pdcm pcid sse4_1 sse4_2 x2apic popcnt tsc_deadline_timer aes xsave avx f16c rdrand lahf_lm ida arat epb pln pts dtherm tpr_shadow vnmi flexpriority ept vpid fsgsbase smep erms xsaveopt
bugs		:
bogomips	: 3592.14
clflush size	: 64
cache_alignment	: 64
address sizes	: 36 bits physical, 48 bits virtual
power management:

processor	: 2
vendor_id	: GenuineIntel
cpu family	: 6
model		: 58
model name	: Intel(R) Core(TM) i5-3337U CPU @ 1.80GHz
stepping	: 9
microcode	: 0x1b
cpu MHz		: 2499.960
cache size	: 3072 KB
physical id	: 0
siblings	: 4
core id		: 0
cpu cores	: 2
apicid		: 1
initial apicid	: 1
fpu		: yes
fpu_exception	: yes
cpuid level	: 13
wp		: yes
flags		: fpu vme de pse tsc msr pae mce cx8 apic sep mtrr pge mca cmov pat pse36 clflush dts acpi mmx fxsr sse sse2 ss ht tm pbe syscall nx rdtscp lm constant_tsc arch_perfmon pebs bts rep_good nopl xtopology nonstop_tsc aperfmperf eagerfpu pni pclmulqdq dtes64 monitor ds_cpl vmx est tm2 ssse3 cx16 xtpr pdcm pcid sse4_1 sse4_2 x2apic popcnt tsc_deadline_timer aes xsave avx f16c rdrand lahf_lm ida arat epb pln pts dtherm tpr_shadow vnmi flexpriority ept vpid fsgsbase smep erms xsaveopt
bugs		:
bogomips	: 3592.14
clflush size	: 64
cache_alignment	: 64
address sizes	: 36 bits physical, 48 bits virtual
power management:

processor	: 3
vendor_id	: GenuineIntel
cpu family	: 6
model		: 58
model name	: Intel(R) Core(TM) i5-3337U CPU @ 1.80GHz
stepping	: 9
microcode	: 0x1b
cpu MHz		: 2499.960
cache size	: 3072 KB
physical id	: 0
siblings	: 4
core id		: 1
cpu cores	: 2
apicid		: 3
initial apicid	: 3
fpu		: yes
fpu_exception	: yes
cpuid level	: 13
wp		: yes
flags		: fpu vme de pse tsc msr pae mce cx8 apic sep mtrr pge mca cmov pat pse36 clflush dts acpi mmx fxsr sse sse2 ss ht tm pbe syscall nx rdtscp lm constant_tsc arch_perfmon pebs bts rep_good nopl xtopology nonstop_tsc aperfmperf eagerfpu pni pclmulqdq dtes64 monitor ds_cpl vmx est tm2 ssse3 cx16 xtpr pdcm pcid sse4_1 sse4_2 x2apic popcnt tsc_deadline_timer aes xsave avx f16c rdrand lahf_lm ida arat epb pln pts dtherm tpr_shadow vnmi flexpriority ept vpid fsgsbase smep erms xsaveopt
bugs		:
bogomips	: 3592.14
clflush size	: 64
cache_alignment	: 64
address sizes	: 36 bits physical, 48 bits virtual
power management:



Memory: 4k page, physical 5973464k(130716k free), swap 6152188k(6125984k free)

vm_info: Java HotSpot(TM) 64-Bit Server VM (25.77-b03) for linux-amd64 JRE (1.8.0_77-b03), built on Mar 20 2016 22:00:46 by "java_re" with gcc 4.3.0 20080428 (Red Hat 4.3.0-8)

time: Fri Apr  8 08:09:01 2016
elapsed time: 5 seconds (0d 0h 0m 5s)

